#
# A fatal error has been detected by the Java Runtime Environment:
#
#  EXCEPTION_ACCESS_VIOLATION (0xc0000005) at pc=0x0000020f94a35fc6, pid=29424, tid=3948
#
# JRE version: Java(TM) SE Runtime Environment (24.0.1+9) (build 24.0.1+9-30)
# Java VM: Java HotSpot(TM) 64-Bit Server VM (24.0.1+9-30, mixed mode, sharing, tiered, compressed oops, compressed class ptrs, g1 gc, windows-amd64)
# Problematic frame:
# J 2644 c2 java.nio.DirectByteBuffer.get(I)B java.base@24.0.1 (34 bytes) @ 0x0000020f94a35fc6 [0x0000020f94a35f80+0x0000000000000046]
#
# No core dump will be written. Minidumps are not enabled by default on client versions of Windows
#
# If you would like to submit a bug report, please visit:
#   https://bugreport.java.com/bugreport/crash.jsp
#

---------------  S U M M A R Y ------------

Command Line: -javaagent:C:\Program Files\JetBrains\IntelliJ IDEA 2025.1.2\lib\idea_rt.jar=52163 -Dfile.encoding=UTF-8 -Dsun.stdout.encoding=UTF-8 -Dsun.stderr.encoding=UTF-8 --module-path=C:\Users\Gandeevan\.m2\repository\org\openjfx\javafx-fxml\17.0.6\javafx-fxml-17.0.6-win.jar;C:\Users\Gandeevan\.m2\repository\org\bytedeco\libfreenect2\0.2.0-1.5.8\libfreenect2-0.2.0-1.5.8.jar;C:\Users\Gandeevan\.m2\repository\javax\websocket\javax.websocket-client-api\1.1\javax.websocket-client-api-1.1.jar;C:\Users\Gandeevan\.m2\repository\org\bytedeco\libfreenect\0.5.7-1.5.8\libfreenect-0.5.7-1.5.8.jar;C:\Users\Gandeevan\.m2\repository\org\bytedeco\flandmark\1.07-1.5.8\flandmark-1.07-1.5.8.jar;C:\Users\Gandeevan\.m2\repository\org\bytedeco\opencv\4.6.0-1.5.8\opencv-4.6.0-1.5.8.jar;C:\Users\Gandeevan\.m2\repository\org\openjfx\javafx-graphics\17.0.6\javafx-graphics-17.0.6-win.jar;C:\Users\Gandeevan\.m2\repository\org\openjfx\javafx-controls\17.0.6\javafx-controls-17.0.6-win.jar;C:\Users\Gandeevan\.m2\repository\org\bytedeco\javacv\1.5.8\javacv-1.5.8.jar;C:\Users\Gandeevan\.m2\repository\org\bytedeco\librealsense\1.12.4-1.5.8\librealsense-1.12.4-1.5.8.jar;C:\Users\Gandeevan\.m2\repository\org\bytedeco\javacpp\1.5.8\javacpp-1.5.8.jar;C:\Users\Gandeevan\.m2\repository\org\openjfx\javafx-base\17.0.6\javafx-base-17.0.6-win.jar;C:\Users\Gandeevan\.m2\repository\org\bytedeco\openblas\0.3.21-1.5.8\openblas-0.3.21-1.5.8.jar;C:\Users\Gandeevan\.m2\repository\org\bytedeco\videoinput\0.200-1.5.8\videoinput-0.200-1.5.8.jar;C:\Users\Gandeevan\.m2\repository\org\bytedeco\librealsense2\2.50.0-1.5.8\librealsense2-2.50.0-1.5.8.jar;C:\Users\Gandeevan\.m2\repository\org\bytedeco\libdc1394\2.2.6-1.5.8\libdc1394-2.2.6-1.5.8.jar;C:\Users\Gandeevan\.m2\repository\org\bytedeco\tesseract\5.2.0-1.5.8\tesseract-5.2.0-1.5.8.jar;C:\Users\Gandeevan\.m2\repository\org\bytedeco\flycapture\2.13.3.31-1.5.8\flycapture-2.13.3.31-1.5.8.jar;C:\Users\Gandeevan\.m2\repository\org\bytedeco\leptonica\1.82.0-1.5.8\leptonica-1.82.0-1.5.8.jar;C:\Users\Gandeevan\.m2\repository\org\bytedeco\ffmpeg\5.1.2-1.5.8\ffmpeg-5.1.2-1.5.8.jar;C:\Users\Gandeevan\Desktop\Camera_stream_plugin_javaFX\target\clas-Djdk.module.main=com.example.camera_demo com.example.camera_demo/com.example.camera_demo.CameraApplication

Host: 12th Gen Intel(R) Core(TM) i7-12700K, 20 cores, 31G,  Windows 11 , 64 bit Build 26100 (10.0.26100.4202)
Time: Thu Jun 26 11:34:04 2025 India Standard Time elapsed time: 6.125536 seconds (0d 0h 0m 6s)

---------------  T H R E A D  ---------------

Current thread (0x0000020ff7463940):  JavaThread "pool-2-thread-1"        [_thread_in_Java, id=3948, stack(0x0000008593800000,0x0000008593900000) (1024K)]

Stack: [0x0000008593800000,0x0000008593900000],  sp=0x00000085938fedd0,  free space=1019k
Native frames: (J=compiled Java code, j=interpreted, Vv=VM code, C=native code)
C  0x0000020f94a35fc6  (no source info available)

The last pc belongs to nmethod (printed below).

siginfo: EXCEPTION_ACCESS_VIOLATION (0xc0000005), reading address 0x0000020fffe21000


Registers:
RAX=0x0000020faa2bf5d0, RBX=0x0000020faa2bf5d0, RCX=0xfffffffffffffff5, RDX=0x000000061f18a0e8
RSP=0x00000085938fedd0, RBP=0x00000000000e1000, RSI=0x00000000000005ae, RDI=0x0000000000000006
R8 =0x0000000000000140, R9 =0x000000061f199370, R10=0x0000020fffe20ec0, R11=0x0000000000000140
R12=0x0000000000000000, R13=0x00000085938fee10, R14=0x0000000000000000, R15=0x0000020ff7463940
RIP=0x0000020f94a35fc6, EFLAGS=0x0000000000010283

XMM[0]=0x0000000000000000 0x3ff0000000000000
XMM[1]=0x0000000000000000 0x3ff0000000000000
XMM[2]=0x0000000000000000 0x0000000000000000
XMM[3]=0x0000000000000000 0x0000000000000000
XMM[4]=0x0000000000000000 0x0000000000000000
XMM[5]=0x0000000000000000 0x0000000000000000
XMM[6]=0x0000000000000000 0x0000000000000000
XMM[7]=0x0000000000000000 0x0000000000000000
XMM[8]=0x0000000000000000 0x0000000000000000
XMM[9]=0x0000000000000000 0x0000000000000000
XMM[10]=0x0000000000000000 0x0000000000000000
XMM[11]=0x0000000000000000 0x0000000000000000
XMM[12]=0x0000000000000000 0x0000000000000000
XMM[13]=0x0000000000000000 0x0000000000000000
XMM[14]=0x0000000000000000 0x0000000000000000
XMM[15]=0x0000000000000000 0x0000000000000000
  MXCSR=0x00001fa0


Register to memory mapping:

RAX={method} {0x0000020faa2bf5d8} 'get' '(I)B' in 'java/nio/DirectByteBuffer'
RBX={method} {0x0000020faa2bf5d8} 'get' '(I)B' in 'java/nio/DirectByteBuffer'
RCX=0xfffffffffffffff5 is an unknown value
RDX=0x000000061f18a0e8 is an oop: java.nio.DirectByteBuffer 
{0x000000061f18a0e8} - klass: 'java/nio/DirectByteBuffer' - flags: 

 - ---- fields (total size 8 words):
 - private 'mark' 'I' @12  -1 (0xffffffff)
 - 'address' 'J' @16  2267740769984 (0x0000020fffe20ec0)
 - private 'position' 'I' @24  0 (0x00000000)
 - private 'limit' 'I' @28  921600 (0x000e1000)
 - private final 'capacity' 'I' @32  921600 (0x000e1000)
 - final 'segment' 'Ljava/lang/foreign/MemorySegment;' @36  null (0x00000000)
 - final 'offset' 'I' @40  0 (0x00000000)
 - 'isReadOnly' 'Z' @44  false (0x00)
 - 'bigEndian' 'Z' @45  false (0x00)
 - 'nativeByteOrder' 'Z' @46  true (0x01)
 - final 'hb' '[B' @48  null (0x00000000)
 - private final 'isSync' 'Z' @47  false (0x00)
 - private final 'fd' 'Ljava/io/FileDescriptor;' @52  null (0x00000000)
 - private final 'att' 'Ljava/lang/Object;' @56  null (0x00000000)
 - private final 'cleaner' 'Ljdk/internal/ref/Cleaner;' @60  null (0x00000000)
RSP=0x00000085938fedd0 is pointing into the stack for thread: 0x0000020ff7463940
RBP=0x00000000000e1000 is an unknown value
RSI=0x00000000000005ae is an unknown value
RDI=0x0000000000000006 is an unknown value
R8 =0x0000000000000140 is an unknown value
R9 =0x000000061f199370 is an oop: java.nio.HeapByteBuffer 
{0x000000061f199370} - klass: 'java/nio/HeapByteBuffer' - flags: 

 - ---- fields (total size 7 words):
 - private 'mark' 'I' @12  -1 (0xffffffff)
 - 'address' 'J' @16  16 (0x0000000000000010)
 - private 'position' 'I' @24  0 (0x00000000)
 - private 'limit' 'I' @28  921600 (0x000e1000)
 - private final 'capacity' 'I' @32  921600 (0x000e1000)
 - final 'segment' 'Ljava/lang/foreign/MemorySegment;' @36  null (0x00000000)
 - final 'offset' 'I' @40  0 (0x00000000)
 - 'isReadOnly' 'Z' @44  false (0x00)
 - 'bigEndian' 'Z' @45  true (0x01)
 - 'nativeByteOrder' 'Z' @46  false (0x00)
 - final 'hb' '[B' @48  [B{0x000000061e800000} (0xc3d00000)
R10=0x0000020fffe20ec0 is an unknown value
R11=0x0000000000000140 is an unknown value
R12=0x0 is null
R13=0x00000085938fee10 is pointing into the stack for thread: 0x0000020ff7463940
R14=0x0 is null
R15=0x0000020ff7463940 is a thread

Top of Stack: (sp=0x00000085938fedd0)
0x00000085938fedd0:   0000020fec50c030 00000007ffc901f8   0.P.............
0x00000085938fede0:   0000020faa2c16e8 0000000000000000   ..,.............
0x00000085938fedf0:   00000085938fee08 00000085938fee68   ........h.......
0x00000085938fee00:   00000085938fee68 0000020f94228948   h.......H.".....
0x00000085938fee10:   0000000000000140 000000061f18a0e8   @...............
0x00000085938fee20:   fffffffffffffff7 0000020fec2a7be9   .........{*.....
0x00000085938fee30:   0000000000000014 0000020fec2abe90   ..........*.....
0x00000085938fee40:   0000000000000000 000000060689a738   ........8.......
0x00000085938fee50:   0000020fec2a7e90 fffffffffffffff5   .~*.............
0x00000085938fee60:   00000085938feeb8 00000085938fef58   ........X.......
0x00000085938fee70:   0000020f94228800 0000000000000000   ..".............
0x00000085938fee80:   000000000000008e 00000000ffffff8e   ................
0x00000085938fee90:   0000000000000140 000000061f1993a8   @...............
0x00000085938feea0:   0000000000000000 0000000000000000   ................
0x00000085938feeb0:   0000000000000780 0000000000000000   ................
0x00000085938feec0:   0000000000000000 3ff0000000000000   ...............?
0x00000085938feed0:   0000020fec2a6208 0000000000000000   .b*.............
0x00000085938feee0:   0000000000000780 0000000000000140   ........@.......
0x00000085938feef0:   000000061f199370 0000000000000780   p...............
0x00000085938fef00:   0000000000000141 000000061f18a0e8   A...............
0x00000085938fef10:   fffffffffffffff7 0000020fec2a8496   ..........*.....
0x00000085938fef20:   0000000000000013 0000020fec2abe90   ..........*.....
0x00000085938fef30:   0000000000000000 000000060689a738   ........8.......
0x00000085938fef40:   0000020fec2a8740 ffffffffffffffec   @.*.............
0x00000085938fef50:   00000085938fefc8 00000085938ff040   ........@.......
0x00000085938fef60:   0000020f94228800 0000000000000000   ..".............
0x00000085938fef70:   000000061e800000 0000000000000000   ................
0x00000085938fef80:   0000000000000003 0000000000000780   ................
0x00000085938fef90:   0000000000000000 0000000000000000   ................
0x00000085938fefa0:   000000061f1982e8 000000061f198fb0   ................
0x00000085938fefb0:   000000061f1989a8 0000000000000000   ................
0x00000085938fefc0:   000000061f18a0e8 0000000000000000   ................

Instructions: (pc=0x0000020f94a35fc6)
  0x0000020f94a35ec6:   00 00 04 00 00 00 00 00 00 00 d0 f5 2b aa 0f 02
  0x0000020f94a35ed6:   00 00 00 00 00 00 00 00 00 00 d0 7b bf f6 0f 02
  0x0000020f94a35ee6:   00 00 b0 98 e5 f6 0f 02 00 00 00 00 00 00 00 00
  0x0000020f94a35ef6:   00 00 00 00 00 00 00 00 00 00 00 00 00 00 00 00
  0x0000020f94a35f06:   00 00 00 00 00 00 00 00 00 00 80 5f a3 94 0f 02
  0x0000020f94a35f16:   00 00 02 00 10 00 ff ff ff ff b8 00 00 00 18 00
  0x0000020f94a35f26:   00 00 d0 01 00 00 d0 01 00 00 d5 01 00 00 ff ff
  0x0000020f94a35f36:   ff ff ff ff 00 00 10 00 50 00 18 00 18 00 18 00
  0x0000020f94a35f46:   00 00 68 00 00 00 b8 00 00 00 20 00 00 00 54 0a
  0x0000020f94a35f56:   00 00 04 02 04 00 11 00 00 00 0a 30 46 58 1b 31
  0x0000020f94a35f66:   05 80 17 31 05 80 1b 31 05 80 64 78 08 40 11 31
  0x0000020f94a35f76:   05 31 0e 00 00 31 0f 31 00 00 66 90 44 8b 52 08
  0x0000020f94a35f86:   44 3b 50 08 0f 85 d0 87 83 ff 89 84 24 00 80 ff
  0x0000020f94a35f96:   ff 55 48 83 ec 30 41 81 7f 20 03 00 00 00 0f 85
  0x0000020f94a35fa6:   a0 00 00 00 44 8b 5a 24 45 85 db 75 61 8b 6a 1c
  0x0000020f94a35fb6:   85 ed 7c 3e 44 3b c5 73 1c 4c 8b 52 10 4d 63 d8
=>0x0000020f94a35fc6:   43 0f be 04 1a 48 83 c4 30 5d 49 3b 67 28 0f 87
  0x0000020f94a35fd6:   5a 00 00 00 c3 48 89 54 24 08 44 89 44 24 10 ba
  0x0000020f94a35fe6:   e4 ff ff ff 90 e8 70 d8 98 ff 0f 1f 84 00 68 01
  0x0000020f94a35ff6:   00 00 48 89 54 24 08 44 89 44 24 10 ba cc ff ff
  0x0000020f94a36006:   ff e8 54 d8 98 ff 0f 1f 84 00 84 01 00 01 44 89
  0x0000020f94a36016:   04 24 48 89 54 24 08 44 89 5c 24 04 ba 4d ff ff
  0x0000020f94a36026:   ff e8 34 d8 98 ff 0f 1f 84 00 a4 01 00 02 49 ba
  0x0000020f94a36036:   d0 5f a3 94 0f 02 00 00 4d 89 97 60 04 00 00 e9
  0x0000020f94a36046:   96 fc 83 ff e8 b1 f8 81 ff e9 56 ff ff ff f4 f4
  0x0000020f94a36056:   f4 f4 e9 03 cb 98 ff e8 00 00 00 00 48 83 2c 24
  0x0000020f94a36066:   05 e9 14 f2 83 ff f4 f4 f4 f4 f8 d4 0f 06 06 00
  0x0000020f94a36076:   00 00 c0 31 15 06 06 00 00 00 d0 f5 2b aa 0f 02
  0x0000020f94a36086:   00 00 68 25 1b aa 0f 02 00 00 80 28 1b aa 0f 02
  0x0000020f94a36096:   00 00 28 0c 2c aa 0f 02 00 00 b8 0b 1d aa 0f 02
  0x0000020f94a360a6:   00 00 e0 aa 19 aa 0f 02 00 00 40 50 1d aa 0f 02
  0x0000020f94a360b6:   00 00 80 02 1d aa 0f 02 00 00 00 00 00 00 00 00


Stack slot to memory mapping:

stack at sp + 0 slots: 0x0000020fec50c030 is pointing into metadata
stack at sp + 1 slots: 0x00000007ffc901f8 is an oop: java.lang.Class 
{0x00000007ffc901f8} - klass: 'java/lang/Class' - flags: 

 - ---- fields (total size 17 words):
 - private volatile transient 'classRedefinedCount' 'I' @12  0 (0x00000000)
 - injected 'klass' 'J' @16  2266302778592 (0x0000020faa2c0ce0)
 - injected 'array_klass' 'J' @24  0 (0x0000000000000000)
 - injected 'oop_size' 'I' @32  17 (0x00000011)
 - injected 'static_oop_field_count' 'I' @36  0 (0x00000000)
 - private volatile transient 'cachedConstructor' 'Ljava/lang/reflect/Constructor;' @40  null (0x00000000)
 - private transient 'name' 'Ljava/lang/String;' @44  null (0x00000000)
 - private transient 'module' 'Ljava/lang/Module;' @48  a 'java/lang/Module'{0x000000060604e6c0} (0xc0c09cd8)
 - private final 'classLoader' 'Ljava/lang/ClassLoader;' @52  null (0x00000000)
 - private transient 'classData' 'Ljava/lang/Object;' @56  null (0x00000000)
 - private transient 'signers' '[Ljava/lang/Object;' @60  null (0x00000000)
 - private transient 'packageName' 'Ljava/lang/String;' @64  null (0x00000000)
 - private final 'componentType' 'Ljava/lang/Class;' @68  null (0x00000000)
 - private volatile transient 'reflectionData' 'Ljava/lang/ref/SoftReference;' @72  null (0x00000000)
 - private volatile transient 'genericInfo' 'Lsun/reflect/generics/repository/ClassRepository;' @76  null (0x00000000)
 - private volatile transient 'enumConstants' '[Ljava/lang/Object;' @80  null (0x00000000)
 - private volatile transient 'enumConstantDirectory' 'Ljava/util/Map;' @84  null (0x00000000)
 - private volatile transient 'annotationData' 'Ljava/lang/Class$AnnotationData;' @88  null (0x00000000)
 - private volatile transient 'annotationType' 'Lsun/reflect/annotation/AnnotationType;' @92  null (0x00000000)
 - transient 'classValueMap' 'Ljava/lang/ClassValue$ClassValueMap;' @96  null (0x00000000)
 - injected 'protection_domain' 'Ljava/lang/Object;' @100  null (0x00000000)
 - injected 'source_file' 'Ljava/lang/Object;' @104  null (0x00000000)
 - injected '<init_lock>' 'Ljava/lang/Object;' @108  null (0x00000000)
 - signature: Ljava/nio/HeapByteBuffer;
 - ---- static fields (0):
 - private static final 'ARRAY_BASE_OFFSET' 'J' @112  16 (0x0000000000000010)
 - private static final 'ARRAY_INDEX_SCALE' 'J' @120  1 (0x0000000000000001)
 - static final synthetic '$assertionsDisabled' 'Z' @128  true (0x01)
stack at sp + 2 slots: {method} {0x0000020faa2c16f0} 'put' '(IB)Ljava/nio/ByteBuffer;' in 'java/nio/HeapByteBuffer'
stack at sp + 3 slots: 0x0 is null
stack at sp + 4 slots: 0x00000085938fee08 is pointing into the stack for thread: 0x0000020ff7463940
stack at sp + 5 slots: 0x00000085938fee68 is pointing into the stack for thread: 0x0000020ff7463940
stack at sp + 6 slots: 0x00000085938fee68 is pointing into the stack for thread: 0x0000020ff7463940
stack at sp + 7 slots: 0x0000020f94228948 is at code_begin+1608 in an Interpreter codelet
return entry points  [0x0000020f94228300, 0x0000020f94228f90]  3216 bytes

Lock stack of current Java thread (top to bottom):


Compiled method (c2) 6307 2644   !   4       java.nio.DirectByteBuffer::get (34 bytes)
 total in heap  [0x0000020f94a35e88,0x0000020f94a360c0] = 568
 relocation     [0x0000020f94a35f60,0x0000020f94a35f80] = 32
 main code      [0x0000020f94a35f80,0x0000020f94a36058] = 216
 stub code      [0x0000020f94a36058,0x0000020f94a36070] = 24
 oops           [0x0000020f94a36070,0x0000020f94a36080] = 16
 metadata       [0x0000020f94a36080,0x0000020f94a360c0] = 64
 immutable data [0x0000020ff6bf7bd0,0x0000020ff6bf7c88] = 184
 dependencies   [0x0000020ff6bf7bd0,0x0000020ff6bf7be8] = 24
 scopes pcs     [0x0000020ff6bf7be8,0x0000020ff6bf7c38] = 80
 scopes data    [0x0000020ff6bf7c38,0x0000020ff6bf7c88] = 80

[Constant Pool (empty)]

[MachCode]
[Instructions begin]
  0x0000020f94a35f80: 6690 448b | 5208 443b 

  0x0000020f94a35f88: ;   {runtime_call Shared Runtime ic_miss_blob}
  0x0000020f94a35f88: 5008 0f85 | d087 83ff 
[Verified Entry Point]
  0x0000020f94a35f90: 8984 2400 | 80ff ff55 | 4883 ec30 | 4181 7f20 | 0300 0000 | 0f85 a000 | 0000 448b | 5a24 4585 
  0x0000020f94a35fb0: db75 618b | 6a1c 85ed | 7c3e 443b | c573 1c4c | 8b52 104d | 63d8 430f | be04 1a48 | 83c4 305d 
  0x0000020f94a35fd0: ;   {poll_return}
  0x0000020f94a35fd0: 493b 6728 | 0f87 5a00 | 0000 c348 | 8954 2408 | 4489 4424 | 10ba e4ff 

  0x0000020f94a35fe8: ;   {runtime_call UncommonTrapBlob}
  0x0000020f94a35fe8: ffff 90e8 

  0x0000020f94a35fec: ; ImmutableOopMap {[8]=Oop }
                      ;*invokestatic checkIndex {reexecute=0 rethrow=0 return_oop=0}
                      ; - java.nio.Buffer::checkIndex@8 (line 767)
                      ; - java.nio.DirectByteBuffer::get@11 (line 340)
  0x0000020f94a35fec: 70d8 98ff 

  0x0000020f94a35ff0: ;   {post_call_nop}
  0x0000020f94a35ff0: 0f1f 8400 | 6801 0000 | 4889 5424 | 0844 8944 | 2410 bacc 

  0x0000020f94a36004: ;   {runtime_call UncommonTrapBlob}
  0x0000020f94a36004: ffff ffe8 

  0x0000020f94a36008: ; ImmutableOopMap {[8]=Oop }
                      ;*invokestatic checkIndex {reexecute=0 rethrow=0 return_oop=0}
                      ; - java.nio.Buffer::checkIndex@8 (line 767)
                      ; - java.nio.DirectByteBuffer::get@11 (line 340)
  0x0000020f94a36008: 54d8 98ff 

  0x0000020f94a3600c: ;   {post_call_nop}
  0x0000020f94a3600c: 0f1f 8400 | 8401 0001 | 4489 0424 | 4889 5424 | 0844 895c | 2404 ba4d 

  0x0000020f94a36024: ;   {runtime_call UncommonTrapBlob}
  0x0000020f94a36024: ffff ffe8 

  0x0000020f94a36028: ; ImmutableOopMap {[4]=NarrowOop [8]=Oop }
                      ;*ifnull {reexecute=1 rethrow=0 return_oop=0}
                      ; - (reexecute) java.nio.Buffer::session@4 (line 808)
                      ; - java.nio.DirectByteBuffer::get@4 (line 340)
  0x0000020f94a36028: 34d8 98ff 

  0x0000020f94a3602c: ;   {post_call_nop}
  0x0000020f94a3602c: 0f1f 8400 | a401 0002 

  0x0000020f94a36034: ;   {internal_word}
  0x0000020f94a36034: 49ba d05f | a394 0f02 | 0000 4d89 | 9760 0400 

  0x0000020f94a36044: ;   {runtime_call SafepointBlob}
  0x0000020f94a36044: 00e9 96fc 

  0x0000020f94a36048: ;   {runtime_call StubRoutines (final stubs)}
  0x0000020f94a36048: 83ff e8b1 | f881 ffe9 | 56ff ffff | f4f4 f4f4 
[Exception Handler]
  0x0000020f94a36058: ;   {no_reloc}
  0x0000020f94a36058: e903 cb98 | ffe8 0000 | 0000 4883 

  0x0000020f94a36064: ;   {runtime_call DeoptimizationBlob}
  0x0000020f94a36064: 2c24 05e9 | 14f2 83ff | f4f4 f4f4 
[/MachCode]


---------------  P R O C E S S  ---------------

Threads class SMR info:
_java_thread_list=0x0000020ff74fe470, length=32, elements={
0x0000020f8454db90, 0x0000020fa6b680a0, 0x0000020fa6b689e0, 0x0000020fa6b70e60,
0x0000020fa6b74380, 0x0000020fa6b72e80, 0x0000020fa6b82140, 0x0000020fa6b84bd0,
0x0000020fa6b8b320, 0x0000020fa6b8c9d0, 0x0000020fa6b7fcb0, 0x0000020fa6b7ee10,
0x0000020fa6b80b50, 0x0000020fa6b7f560, 0x0000020fa6b812a0, 0x0000020fa6b819f0,
0x0000020ff0d005e0, 0x0000020ff0d00d30, 0x0000020ff0cffe90, 0x0000020ff0d01480,
0x0000020ff0cfe8a0, 0x0000020ff0d02320, 0x0000020ff0d047b0, 0x0000020ff0d04f00,
0x0000020ff0d05da0, 0x0000020ff0d03910, 0x0000020ff7464f30, 0x0000020ff7466c70,
0x0000020ff7463940, 0x0000020ff7469100, 0x0000020ff7469fa0, 0x0000020ff7468260
}

Java Threads: ( => current thread )
  0x0000020f8454db90 JavaThread "main"                              [_thread_blocked, id=29480, stack(0x0000008592400000,0x0000008592500000) (1024K)]
  0x0000020fa6b680a0 JavaThread "Reference Handler"          daemon [_thread_blocked, id=25064, stack(0x0000008592c00000,0x0000008592d00000) (1024K)]
  0x0000020fa6b689e0 JavaThread "Finalizer"                  daemon [_thread_blocked, id=15668, stack(0x0000008592d00000,0x0000008592e00000) (1024K)]
  0x0000020fa6b70e60 JavaThread "Signal Dispatcher"          daemon [_thread_blocked, id=29500, stack(0x0000008592e00000,0x0000008592f00000) (1024K)]
  0x0000020fa6b74380 JavaThread "Attach Listener"            daemon [_thread_blocked, id=18324, stack(0x0000008592f00000,0x0000008593000000) (1024K)]
  0x0000020fa6b72e80 JavaThread "Service Thread"             daemon [_thread_blocked, id=24252, stack(0x0000008593000000,0x0000008593100000) (1024K)]
  0x0000020fa6b82140 JavaThread "Monitor Deflation Thread"   daemon [_thread_blocked, id=29584, stack(0x0000008593100000,0x0000008593200000) (1024K)]
  0x0000020fa6b84bd0 JavaThread "C2 CompilerThread0"         daemon [_thread_blocked, id=26204, stack(0x0000008593200000,0x0000008593300000) (1024K)]
  0x0000020fa6b8b320 JavaThread "C1 CompilerThread0"         daemon [_thread_blocked, id=29108, stack(0x0000008593300000,0x0000008593400000) (1024K)]
  0x0000020fa6b8c9d0 JavaThread "C1 CompilerThread1"         daemon [_thread_blocked, id=28432, stack(0x0000008593400000,0x0000008593500000) (1024K)]
  0x0000020fa6b7fcb0 JavaThread "Common-Cleaner"             daemon [_thread_blocked, id=1136, stack(0x0000008593500000,0x0000008593600000) (1024K)]
  0x0000020fa6b7ee10 JavaThread "Monitor Ctrl-Break"         daemon [_thread_in_native, id=27448, stack(0x0000008593d00000,0x0000008593e00000) (1024K)]
  0x0000020fa6b80b50 JavaThread "Notification Thread"        daemon [_thread_blocked, id=24992, stack(0x0000008593e00000,0x0000008593f00000) (1024K)]
  0x0000020fa6b7f560 JavaThread "RMI TCP Accept-0"           daemon [_thread_in_native, id=10716, stack(0x0000008593f00000,0x0000008594000000) (1024K)]
  0x0000020fa6b812a0 JavaThread "QuantumRenderer-0"          daemon [_thread_blocked, id=26432, stack(0x0000008594000000,0x0000008594100000) (1024K)]
  0x0000020fa6b819f0 JavaThread "RMI TCP Connection(1)-192.168.100.153" daemon [_thread_in_native, id=10468, stack(0x0000008594100000,0x0000008594200000) (1024K)]
  0x0000020ff0d005e0 JavaThread "RMI Scheduler(0)"           daemon [_thread_blocked, id=29448, stack(0x0000008594200000,0x0000008594300000) (1024K)]
  0x0000020ff0d00d30 JavaThread "JMX server connection timeout 41" daemon [_thread_blocked, id=29620, stack(0x0000008594300000,0x0000008594400000) (1024K)]
  0x0000020ff0cffe90 JavaThread "InvokeLaterDispatcher"      daemon [_thread_blocked, id=1264, stack(0x0000008594400000,0x0000008594500000) (1024K)]
  0x0000020ff0d01480 JavaThread "JavaFX Application Thread"         [_thread_blocked, id=3192, stack(0x0000008594500000,0x0000008594600000) (1024K)]
  0x0000020ff0cfe8a0 JavaThread "JavaFX-Launcher"                   [_thread_blocked, id=25524, stack(0x0000008596900000,0x0000008596a00000) (1024K)]
  0x0000020ff0d02320 JavaThread "Thread-2"                   daemon [_thread_in_native, id=27464, stack(0x0000008596800000,0x0000008596900000) (1024K)]
  0x0000020ff0d047b0 JavaThread "Grizzly(1) SelectorRunner"  daemon [_thread_in_native, id=27584, stack(0x0000008596a00000,0x0000008596b00000) (1024K)]
  0x0000020ff0d04f00 JavaThread "Grizzly(1)"                 daemon [_thread_blocked, id=10212, stack(0x0000008596b00000,0x0000008596c00000) (1024K)]
  0x0000020ff0d05da0 JavaThread "Grizzly(2)"                 daemon [_thread_blocked, id=19956, stack(0x0000008596c00000,0x0000008596d00000) (1024K)]
  0x0000020ff0d03910 JavaThread "tyrus-1-thread-1"           daemon [_thread_blocked, id=5664, stack(0x0000008596e00000,0x0000008596f00000) (1024K)]
  0x0000020ff7464f30 JavaThread "Prism Font Disposer"        daemon [_thread_blocked, id=2884, stack(0x0000008597200000,0x0000008597300000) (1024K)]
  0x0000020ff7466c70 JavaThread "tyrus-1-thread-2"           daemon [_thread_blocked, id=1732, stack(0x0000008593700000,0x0000008593800000) (1024K)]
=>0x0000020ff7463940 JavaThread "pool-2-thread-1"                   [_thread_in_Java, id=3948, stack(0x0000008593800000,0x0000008593900000) (1024K)]
  0x0000020ff7469100 JavaThread "Cleaner-0"                  daemon [_thread_blocked, id=27164, stack(0x0000008597300000,0x0000008597400000) (1024K)]
  0x0000020ff7469fa0 JavaThread "JavaCPP Deallocator"        daemon [_thread_blocked, id=28988, stack(0x0000008597600000,0x0000008597700000) (1024K)]
  0x0000020ff7468260 JavaThread "tyrus-1-thread-3"           daemon [_thread_blocked, id=10720, stack(0x0000008593600000,0x0000008593700000) (1024K)]
Total: 32

Other Threads:
  0x0000020fa6b57770 VMThread "VM Thread"                           [id=29352, stack(0x0000008592b00000,0x0000008592c00000) (1024K)]
  0x0000020fa6aa6080 WatcherThread "VM Periodic Task Thread"        [id=28552, stack(0x0000008592a00000,0x0000008592b00000) (1024K)]
  0x0000020fa69df990 WorkerThread "GC Thread#0"                     [id=29272, stack(0x0000008592500000,0x0000008592600000) (1024K)]
  0x0000020ff104ab40 WorkerThread "GC Thread#1"                     [id=26496, stack(0x0000008595d00000,0x0000008595e00000) (1024K)]
  0x0000020ff104aef0 WorkerThread "GC Thread#2"                     [id=4220, stack(0x0000008595e00000,0x0000008595f00000) (1024K)]
  0x0000020ff1049520 WorkerThread "GC Thread#3"                     [id=24840, stack(0x0000008595f00000,0x0000008596000000) (1024K)]
  0x0000020ff10498d0 WorkerThread "GC Thread#4"                     [id=10272, stack(0x0000008596000000,0x0000008596100000) (1024K)]
  0x0000020ff15e2290 WorkerThread "GC Thread#5"                     [id=27152, stack(0x0000008596100000,0x0000008596200000) (1024K)]
  0x0000020ff15e2640 WorkerThread "GC Thread#6"                     [id=21028, stack(0x0000008596200000,0x0000008596300000) (1024K)]
  0x0000020ff15e3150 WorkerThread "GC Thread#7"                     [id=25008, stack(0x0000008596300000,0x0000008596400000) (1024K)]
  0x0000020ff15e29f0 WorkerThread "GC Thread#8"                     [id=29460, stack(0x0000008596400000,0x0000008596500000) (1024K)]
  0x0000020ff15e2da0 WorkerThread "GC Thread#9"                     [id=28512, stack(0x0000008596500000,0x0000008596600000) (1024K)]
  0x0000020ff15e43c0 WorkerThread "GC Thread#10"                    [id=4572, stack(0x0000008596600000,0x0000008596700000) (1024K)]
  0x0000020ff15e1020 WorkerThread "GC Thread#11"                    [id=21228, stack(0x0000008596700000,0x0000008596800000) (1024K)]
  0x0000020ff15e08c0 WorkerThread "GC Thread#12"                    [id=472, stack(0x0000008593900000,0x0000008593a00000) (1024K)]
  0x0000020ff15e3c60 WorkerThread "GC Thread#13"                    [id=27596, stack(0x0000008597700000,0x0000008597800000) (1024K)]
  0x0000020ff15e4010 WorkerThread "GC Thread#14"                    [id=29576, stack(0x0000008597800000,0x0000008597900000) (1024K)]
  0x0000020fa69e09a0 ConcurrentGCThread "G1 Main Marker"            [id=17384, stack(0x0000008592600000,0x0000008592700000) (1024K)]
  0x0000020f845cfd50 WorkerThread "G1 Conc#0"                       [id=14288, stack(0x0000008592700000,0x0000008592800000) (1024K)]
  0x0000020ff15e0c70 WorkerThread "G1 Conc#1"                       [id=23564, stack(0x0000008593a00000,0x0000008593b00000) (1024K)]
  0x0000020ff15e1780 WorkerThread "G1 Conc#2"                       [id=20080, stack(0x0000008593b00000,0x0000008593c00000) (1024K)]
  0x0000020ff15e1ee0 WorkerThread "G1 Conc#3"                       [id=5268, stack(0x0000008593c00000,0x0000008593d00000) (1024K)]
  0x0000020fa6a9b080 ConcurrentGCThread "G1 Refine#0"               [id=25632, stack(0x0000008592800000,0x0000008592900000) (1024K)]
  0x0000020fa6a9c8c0 ConcurrentGCThread "G1 Service"                [id=25580, stack(0x0000008592900000,0x0000008592a00000) (1024K)]
Total: 24

Threads with active compile tasks:
Total: 0

VM state: not at safepoint (normal execution)

VM Mutex/Monitor currently owned by a thread: None

Heap address: 0x0000000603800000, size: 8136 MB, Compressed Oops mode: Zero based, Oop shift amount: 3

CDS archive(s) mapped at: [0x0000020faa000000-0x0000020faad40000-0x0000020faad40000), size 13893632, SharedBaseAddress: 0x0000020faa000000, ArchiveRelocationMode: 1.
Compressed class space mapped at: 0x0000020fab000000-0x0000020feb000000, reserved size: 1073741824
UseCompressedClassPointers 1, UseCompactObjectHeaders 0
Narrow klass pointer bits 32, Max shift 3
Narrow klass base: 0x0000020faa000000, Narrow klass shift: 0
Encoding Range: [0x0000020faa000000 - 0x00000210aa000000), (4294967296 bytes)
Klass Range:    [0x0000020faa000000 - 0x0000020feb000000), (1090519040 bytes)
Klass ID Range:  [8 - 1090519033) (1090519025)

GC Precious Log:
 CardTable entry size: 512
 Card Set container configuration: InlinePtr #cards 4 size 8 Array Of Cards #cards 32 size 80 Howl #buckets 8 coarsen threshold 7372 Howl Bitmap #cards 1024 size 144 coarsen threshold 921 Card regions per heap region 1 cards per card region 8192
 CPUs: 20 total, 20 available
 Memory: 32535M
 Large Page Support: Disabled
 NUMA Support: Disabled
 Compressed Oops: Enabled (Zero based)
 Heap Region Size: 4M
 Heap Min Capacity: 8M
 Heap Initial Capacity: 512M
 Heap Max Capacity: 8136M
 Pre-touch: Disabled
 Parallel Workers: 15
 Concurrent Workers: 4
 Concurrent Refinement Workers: 15
 Periodic GC: Disabled

Heap:
 garbage-first heap   total reserved 8331264K, committed 86016K, used 33364K [0x0000000603800000, 0x0000000800000000)
  region size 4096K, 10 young (40960K), 4 survivors (16384K)
 Metaspace       used 23880K, committed 24192K, reserved 1114112K
  class space    used 2578K, committed 2688K, reserved 1048576K

Heap Regions: E=young(eden), S=young(survivor), O=old, HS=humongous(starts), HC=humongous(continues), CS=collection set, F=free, TAMS=top-at-mark-start, PB=parsable bottom
|   0|0x0000000603800000, 0x0000000603800000, 0x0000000603c00000|  0%| F|  |TAMS 0x0000000603800000| PB 0x0000000603800000| Untracked |  0
|   1|0x0000000603c00000, 0x0000000603c00000, 0x0000000604000000|  0%| F|  |TAMS 0x0000000603c00000| PB 0x0000000603c00000| Untracked |  0
|   2|0x0000000604000000, 0x0000000604000000, 0x0000000604400000|  0%| F|  |TAMS 0x0000000604000000| PB 0x0000000604000000| Untracked |  0
|   3|0x0000000604400000, 0x0000000604400000, 0x0000000604800000|  0%| F|  |TAMS 0x0000000604400000| PB 0x0000000604400000| Untracked |  0
|   4|0x0000000604800000, 0x0000000604800000, 0x0000000604c00000|  0%| F|  |TAMS 0x0000000604800000| PB 0x0000000604800000| Untracked |  0
|   5|0x0000000604c00000, 0x0000000604c00000, 0x0000000605000000|  0%| F|  |TAMS 0x0000000604c00000| PB 0x0000000604c00000| Untracked |  0
|   6|0x0000000605000000, 0x0000000605000000, 0x0000000605400000|  0%| F|  |TAMS 0x0000000605000000| PB 0x0000000605000000| Untracked |  0
|   7|0x0000000605400000, 0x0000000605400000, 0x0000000605800000|  0%| F|  |TAMS 0x0000000605400000| PB 0x0000000605400000| Untracked |  0
|   8|0x0000000605800000, 0x0000000605800000, 0x0000000605c00000|  0%| F|  |TAMS 0x0000000605800000| PB 0x0000000605800000| Untracked |  0
|   9|0x0000000605c00000, 0x0000000605c00000, 0x0000000606000000|  0%| F|  |TAMS 0x0000000605c00000| PB 0x0000000605c00000| Untracked |  0
|  10|0x0000000606000000, 0x0000000606400000, 0x0000000606400000|100%| S|CS|TAMS 0x0000000606000000| PB 0x0000000606000000| Complete |  0
|  11|0x0000000606400000, 0x0000000606800000, 0x0000000606800000|100%| S|CS|TAMS 0x0000000606400000| PB 0x0000000606400000| Complete |  0
|  12|0x0000000606800000, 0x0000000606c00000, 0x0000000606c00000|100%| S|CS|TAMS 0x0000000606800000| PB 0x0000000606800000| Complete |  0
|  13|0x0000000606c00000, 0x0000000606f78040, 0x0000000607000000| 86%| S|CS|TAMS 0x0000000606c00000| PB 0x0000000606c00000| Complete |  0
| 108|0x000000061e800000, 0x000000061e8e1010, 0x000000061ec00000| 21%| E|  |TAMS 0x000000061e800000| PB 0x000000061e800000| Complete |  0
| 109|0x000000061ec00000, 0x000000061efc4ae8, 0x000000061f000000| 94%| E|  |TAMS 0x000000061ec00000| PB 0x000000061ec00000| Complete |  0
| 110|0x000000061f000000, 0x000000061f400000, 0x000000061f400000|100%| E|CS|TAMS 0x000000061f000000| PB 0x000000061f000000| Complete |  0
| 111|0x000000061f400000, 0x000000061f800000, 0x000000061f800000|100%| E|CS|TAMS 0x000000061f400000| PB 0x000000061f400000| Complete |  0
| 126|0x0000000623000000, 0x0000000623400000, 0x0000000623400000|100%| E|CS|TAMS 0x0000000623000000| PB 0x0000000623000000| Complete |  0
| 127|0x0000000623400000, 0x0000000623800000, 0x0000000623800000|100%| E|CS|TAMS 0x0000000623400000| PB 0x0000000623400000| Complete |  0
|2033|0x00000007ffc00000, 0x00000007ffd1d1c0, 0x0000000800000000| 27%| O|Cm|TAMS 0x00000007ffc00000| PB 0x00000007ffc00000| Complete |  0

Card table byte_map: [0x0000020f9d980000,0x0000020f9e970000] _byte_map_base: 0x0000020f9a964000

Marking Bits: (CMBitMap*) 0x0000020fa69e00a0
 Bits: [0x0000020f9e970000, 0x0000020fa6890000)

Polling page: 0x0000020f82360000

Metaspace:

Usage:
  Non-class:     20.80 MB used.
      Class:      2.52 MB used.
       Both:     23.32 MB used.

Virtual space:
  Non-class space:       64.00 MB reserved,      21.00 MB ( 33%) committed,  1 nodes.
      Class space:        1.00 GB reserved,       2.62 MB ( <1%) committed,  1 nodes.
             Both:        1.06 GB reserved,      23.62 MB (  2%) committed. 

Chunk freelists:
   Non-Class:  10.11 MB
       Class:  13.31 MB
        Both:  23.42 MB

MaxMetaspaceSize: unlimited
CompressedClassSpaceSize: 1.00 GB
Initial GC threshold: 21.00 MB
Current GC threshold: 35.56 MB
CDS: on
 - commit_granule_bytes: 65536.
 - commit_granule_words: 8192.
 - virtual_space_node_default_size: 8388608.
 - enlarge_chunks_in_place: 1.
UseCompressedClassPointers 1, UseCompactObjectHeaders 0
Narrow klass pointer bits 32, Max shift 3
Narrow klass base: 0x0000020faa000000, Narrow klass shift: 0
Encoding Range: [0x0000020faa000000 - 0x00000210aa000000), (4294967296 bytes)
Klass Range:    [0x0000020faa000000 - 0x0000020feb000000), (1090519040 bytes)
Klass ID Range:  [8 - 1090519033) (1090519025)


Internal statistics:

num_allocs_failed_limit: 3.
num_arena_births: 324.
num_arena_deaths: 0.
num_vsnodes_births: 2.
num_vsnodes_deaths: 0.
num_space_committed: 378.
num_space_uncommitted: 0.
num_chunks_returned_to_freelist: 3.
num_chunks_taken_from_freelist: 903.
num_chunk_merges: 3.
num_chunk_splits: 648.
num_chunks_enlarged: 508.
num_inconsistent_stats: 0.

CodeHeap 'non-profiled nmethods': size=119232Kb used=1409Kb max_used=1409Kb free=117822Kb
 bounds [0x0000020f94960000, 0x0000020f94bd0000, 0x0000020f9bdd0000]
CodeHeap 'profiled nmethods': size=119104Kb used=6497Kb max_used=6497Kb free=112606Kb
 bounds [0x0000020f8cdd0000, 0x0000020f8d430000, 0x0000020f94220000]
CodeHeap 'non-nmethods': size=7424Kb used=2270Kb max_used=3314Kb free=5153Kb
 bounds [0x0000020f94220000, 0x0000020f94560000, 0x0000020f94960000]
CodeCache: size=245760Kb, used=10176Kb, max_used=11220Kb, free=235581Kb
 total_blobs=4567, nmethods=3688, adapters=782, full_count=0
Compilation: enabled, stopped_count=0, restarted_count=0

Compilation events (20 events):
Event: 4.852 Thread 0x0000020fa6b8c9d0 3674       1       java.util.concurrent.atomic.AtomicInteger::get (5 bytes)
Event: 4.852 Thread 0x0000020fa6b8c9d0 nmethod 3674 0x0000020f94abf388 code [0x0000020f94abf480, 0x0000020f94abf548]
Event: 4.852 Thread 0x0000020fa6b84bd0 3675       4       jdk.internal.classfile.impl.BufWriterImpl::writeU1 (24 bytes)
Event: 4.854 Thread 0x0000020fa6b84bd0 nmethod 3675 0x0000020f94abf688 code [0x0000020f94abf7a0, 0x0000020f94abfa48]
Event: 5.831 Thread 0x0000020fa6b8c9d0 3676       3       java.io.ObjectInputStream$BlockDataInputStream::peekByte (20 bytes)
Event: 5.831 Thread 0x0000020fa6b8b320 3677       3       java.io.ObjectInputStream$BlockDataInputStream::peek (55 bytes)
Event: 5.831 Thread 0x0000020fa6b8c9d0 nmethod 3676 0x0000020f8d424c88 code [0x0000020f8d424dc0, 0x0000020f8d425010]
Event: 5.831 Thread 0x0000020fa6b8b320 nmethod 3677 0x0000020f8d425088 code [0x0000020f8d4251e0, 0x0000020f8d4254b0]
Event: 5.831 Thread 0x0000020fa6b8b320 3678       3       java.nio.MappedByteBuffer::limit (8 bytes)
Event: 5.831 Thread 0x0000020fa6b8b320 nmethod 3678 0x0000020f8d425508 code [0x0000020f8d425620, 0x0000020f8d4257c8]
Event: 5.832 Thread 0x0000020fa6b8b320 3679       3       java.io.ObjectOutputStream::writeByte (9 bytes)
Event: 5.832 Thread 0x0000020fa6b8c9d0 3680       3       java.io.ClassCache::get (56 bytes)
Event: 5.832 Thread 0x0000020fa6b8b320 nmethod 3679 0x0000020f8d425808 code [0x0000020f8d425920, 0x0000020f8d425ae0]
Event: 5.832 Thread 0x0000020fa6b8b320 3681       3       java.io.ObjectOutputStream::writeClassDesc (60 bytes)
Event: 5.832 Thread 0x0000020fa6b8b320 nmethod 3681 0x0000020f8d425b08 code [0x0000020f8d425ce0, 0x0000020f8d426618]
Event: 5.832 Thread 0x0000020fa6b8c9d0 nmethod 3680 0x0000020f8d426688 code [0x0000020f8d426880, 0x0000020f8d427490]
Event: 6.123 Thread 0x0000020fa6b8c9d0 3685       1       jdk.internal.loader.NativeLibraries$CountedLock::getCounter (5 bytes)
Event: 6.123 Thread 0x0000020fa6b8c9d0 nmethod 3685 0x0000020f94ac0488 code [0x0000020f94ac0580, 0x0000020f94ac0648]
Event: 6.124 Thread 0x0000020fa6b8c9d0 3686       3       java.nio.HeapByteBuffer::put (17 bytes)
Event: 6.124 Thread 0x0000020fa6b8c9d0 nmethod 3686 0x0000020f8d427508 code [0x0000020f8d427640, 0x0000020f8d427920]

GC Heap History (6 events):
Event: 0.525 GC heap before
{Heap before GC invocations=0 (full 0):
 garbage-first heap   total reserved 8331264K, committed 528384K, used 50292K [0x0000000603800000, 0x0000000800000000)
  region size 4096K, 12 young (49152K), 0 survivors (0K)
 Metaspace       used 8398K, committed 8640K, reserved 1114112K
  class space    used 742K, committed 832K, reserved 1048576K
}
Event: 0.529 GC heap after
{Heap after GC invocations=1 (full 0):
 garbage-first heap   total reserved 8331264K, committed 528384K, used 8938K [0x0000000603800000, 0x0000000800000000)
  region size 4096K, 2 young (8192K), 2 survivors (8192K)
 Metaspace       used 8398K, committed 8640K, reserved 1114112K
  class space    used 742K, committed 832K, reserved 1048576K
}
Event: 2.858 GC heap before
{Heap before GC invocations=1 (full 0):
 garbage-first heap   total reserved 8331264K, committed 528384K, used 62186K [0x0000000603800000, 0x0000000800000000)
  region size 4096K, 16 young (65536K), 2 survivors (8192K)
 Metaspace       used 21161K, committed 21504K, reserved 1114112K
  class space    used 2274K, committed 2432K, reserved 1048576K
}
Event: 2.863 GC heap after
{Heap after GC invocations=2 (full 0):
 garbage-first heap   total reserved 8331264K, committed 528384K, used 14367K [0x0000000603800000, 0x0000000800000000)
  region size 4096K, 4 young (16384K), 4 survivors (16384K)
 Metaspace       used 21161K, committed 21504K, reserved 1114112K
  class space    used 2274K, committed 2432K, reserved 1048576K
}
Event: 3.146 GC heap before
{Heap before GC invocations=3 (full 0):
 garbage-first heap   total reserved 8331264K, committed 69632K, used 59423K [0x0000000603800000, 0x0000000800000000)
  region size 4096K, 16 young (65536K), 4 survivors (16384K)
 Metaspace       used 23511K, committed 23808K, reserved 1114112K
  class space    used 2555K, committed 2688K, reserved 1048576K
}
Event: 3.150 GC heap after
{Heap after GC invocations=4 (full 0):
 garbage-first heap   total reserved 8331264K, committed 86016K, used 16980K [0x0000000603800000, 0x0000000800000000)
  region size 4096K, 4 young (16384K), 4 survivors (16384K)
 Metaspace       used 23511K, committed 23808K, reserved 1114112K
  class space    used 2555K, committed 2688K, reserved 1048576K
}

Dll operation events (20 events):
Event: 2.956 Loaded shared library C:\Users\Gandeevan\.javacpp\cache\javacpp-1.5.8-windows-x86_64.jar\org\bytedeco\javacpp\windows-x86_64\msvcp140.dll
Event: 2.957 Loaded shared library C:\Users\Gandeevan\.javacpp\cache\javacpp-1.5.8-windows-x86_64.jar\org\bytedeco\javacpp\windows-x86_64\msvcp140_1.dll
Event: 2.959 Loaded shared library C:\Users\Gandeevan\.javacpp\cache\javacpp-1.5.8-windows-x86_64.jar\org\bytedeco\javacpp\windows-x86_64\concrt140.dll
Event: 2.961 Loaded shared library C:\Users\Gandeevan\.javacpp\cache\javacpp-1.5.8-windows-x86_64.jar\org\bytedeco\javacpp\windows-x86_64\vcomp140.dll
Event: 2.963 Loaded shared library C:\Users\Gandeevan\.javacpp\cache\javacpp-1.5.8-windows-x86_64.jar\org\bytedeco\javacpp\windows-x86_64\jnijavacpp.dll
Event: 2.982 Loaded shared library C:\Users\Gandeevan\.javacpp\cache\ffmpeg-5.1.2-1.5.8-windows-x86_64.jar\org\bytedeco\ffmpeg\windows-x86_64\avutil-57.dll
Event: 2.988 Loaded shared library C:\Users\Gandeevan\.javacpp\cache\ffmpeg-5.1.2-1.5.8-windows-x86_64.jar\org\bytedeco\ffmpeg\windows-x86_64\jniavutil.dll
Event: 3.030 Loaded shared library C:\Users\Gandeevan\.javacpp\cache\ffmpeg-5.1.2-1.5.8-windows-x86_64.jar\org\bytedeco\ffmpeg\windows-x86_64\swresample-4.dll
Event: 3.034 Loaded shared library C:\Users\Gandeevan\.javacpp\cache\ffmpeg-5.1.2-1.5.8-windows-x86_64.jar\org\bytedeco\ffmpeg\windows-x86_64\jniswresample.dll
Event: 3.048 Loaded shared library C:\Users\Gandeevan\.javacpp\cache\ffmpeg-5.1.2-1.5.8-windows-x86_64.jar\org\bytedeco\ffmpeg\windows-x86_64\avcodec-59.dll
Event: 3.053 Loaded shared library C:\Users\Gandeevan\.javacpp\cache\ffmpeg-5.1.2-1.5.8-windows-x86_64.jar\org\bytedeco\ffmpeg\windows-x86_64\jniavcodec.dll
Event: 3.068 Loaded shared library C:\Users\Gandeevan\.javacpp\cache\ffmpeg-5.1.2-1.5.8-windows-x86_64.jar\org\bytedeco\ffmpeg\windows-x86_64\avformat-59.dll
Event: 3.072 Loaded shared library C:\Users\Gandeevan\.javacpp\cache\ffmpeg-5.1.2-1.5.8-windows-x86_64.jar\org\bytedeco\ffmpeg\windows-x86_64\jniavformat.dll
Event: 3.085 Loaded shared library C:\Users\Gandeevan\.javacpp\cache\ffmpeg-5.1.2-1.5.8-windows-x86_64.jar\org\bytedeco\ffmpeg\windows-x86_64\swscale-6.dll
Event: 3.091 Loaded shared library C:\Users\Gandeevan\.javacpp\cache\ffmpeg-5.1.2-1.5.8-windows-x86_64.jar\org\bytedeco\ffmpeg\windows-x86_64\jniswscale.dll
Event: 3.112 Loaded shared library C:\Users\Gandeevan\.javacpp\cache\ffmpeg-5.1.2-1.5.8-windows-x86_64.jar\org\bytedeco\ffmpeg\windows-x86_64\avfilter-8.dll
Event: 3.116 Loaded shared library C:\Users\Gandeevan\.javacpp\cache\ffmpeg-5.1.2-1.5.8-windows-x86_64.jar\org\bytedeco\ffmpeg\windows-x86_64\jniavfilter.dll
Event: 3.125 Loaded shared library C:\Users\Gandeevan\.javacpp\cache\ffmpeg-5.1.2-1.5.8-windows-x86_64.jar\org\bytedeco\ffmpeg\windows-x86_64\avdevice-59.dll
Event: 3.129 Loaded shared library C:\Users\Gandeevan\.javacpp\cache\ffmpeg-5.1.2-1.5.8-windows-x86_64.jar\org\bytedeco\ffmpeg\windows-x86_64\jniavdevice.dll
Event: 6.118 Loaded shared library C:\Program Files\Java\jdk-24\bin\awt.dll

Deoptimization events (20 events):
Event: 2.884 Thread 0x0000020ff7463940 DEOPT PACKING pc=0x0000020f8cedcd06 sp=0x00000085938fd8a0
Event: 2.884 Thread 0x0000020ff7463940 DEOPT UNPACKING pc=0x0000020f94275722 sp=0x00000085938fcda0 mode 0
Event: 2.906 Thread 0x0000020ff7463940 DEOPT PACKING pc=0x0000020f8cedcd06 sp=0x00000085938fd990
Event: 2.906 Thread 0x0000020ff7463940 DEOPT UNPACKING pc=0x0000020f94275722 sp=0x00000085938fce90 mode 0
Event: 2.906 Thread 0x0000020ff7463940 Uncommon trap: trap_request=0xffffff4d fr.pc=0x0000020f949984dc relative=0x000000000000005c
Event: 2.906 Thread 0x0000020ff7463940 Uncommon trap: reason=unstable_if action=reinterpret pc=0x0000020f949984dc method=java.io.WinNTFileSystem.isSlash(C)Z @ 9 c2
Event: 2.906 Thread 0x0000020ff7463940 DEOPT PACKING pc=0x0000020f949984dc sp=0x00000085938fd9a0
Event: 2.906 Thread 0x0000020ff7463940 DEOPT UNPACKING pc=0x0000020f943c3902 sp=0x00000085938fd928 mode 2
Event: 2.930 Thread 0x0000020ff7463940 DEOPT PACKING pc=0x0000020f8d21f370 sp=0x00000085938fd6f0
Event: 2.930 Thread 0x0000020ff7463940 DEOPT UNPACKING pc=0x0000020f94275722 sp=0x00000085938fcbf8 mode 0
Event: 3.020 Thread 0x0000020ff7463940 DEOPT PACKING pc=0x0000020f8d3179e5 sp=0x00000085938fdff0
Event: 3.020 Thread 0x0000020ff7463940 DEOPT UNPACKING pc=0x0000020f94275722 sp=0x00000085938fd4d8 mode 0
Event: 3.047 Thread 0x0000020ff7463940 Uncommon trap: trap_request=0xffffff4d fr.pc=0x0000020f94a87108 relative=0x0000000000000bc8
Event: 3.047 Thread 0x0000020ff7463940 Uncommon trap: reason=unstable_if action=reinterpret pc=0x0000020f94a87108 method=jdk.internal.jimage.ImageStringsReader.stringFromByteBufferMatches(Ljava/nio/ByteBuffer;ILjava/lang/String;I)I @ 48 c2
Event: 3.047 Thread 0x0000020ff7463940 DEOPT PACKING pc=0x0000020f94a87108 sp=0x00000085938fd720
Event: 3.047 Thread 0x0000020ff7463940 DEOPT UNPACKING pc=0x0000020f943c3902 sp=0x00000085938fd458 mode 2
Event: 3.156 Thread 0x0000020ff7463940 Uncommon trap: trap_request=0xffffffe4 fr.pc=0x0000020f94aa2430 relative=0x0000000000000670
Event: 3.156 Thread 0x0000020ff7463940 Uncommon trap: reason=range_check action=make_not_entrant pc=0x0000020f94aa2430 method=java.util.zip.ZipUtils.get16([BI)I @ 18 c2
Event: 3.156 Thread 0x0000020ff7463940 DEOPT PACKING pc=0x0000020f94aa2430 sp=0x00000085938fdf20
Event: 3.156 Thread 0x0000020ff7463940 DEOPT UNPACKING pc=0x0000020f943c3902 sp=0x00000085938fde10 mode 2

Classes loaded (20 events):
Event: 6.121 Loading class sun/java2d/StateTrackable done
Event: 6.121 Loading class sun/java2d/StateTrackableDelegate done
Event: 6.121 Loading class sun/java2d/StateTrackableDelegate$2
Event: 6.121 Loading class sun/java2d/StateTrackableDelegate$2 done
Event: 6.121 Loading class java/awt/image/PixelInterleavedSampleModel
Event: 6.122 Loading class java/awt/image/PixelInterleavedSampleModel done
Event: 6.122 Loading class sun/awt/image/ByteInterleavedRaster
Event: 6.122 Loading class sun/awt/image/ByteComponentRaster
Event: 6.122 Loading class sun/awt/image/ByteComponentRaster done
Event: 6.122 Loading class sun/awt/image/ByteInterleavedRaster done
Event: 6.122 Loading class sun/awt/image/NativeLibLoader
Event: 6.122 Loading class sun/awt/image/NativeLibLoader done
Event: 6.123 Loading class java/awt/Rectangle
Event: 6.123 Loading class java/awt/Shape
Event: 6.123 Loading class java/awt/Shape done
Event: 6.123 Loading class java/awt/geom/Rectangle2D
Event: 6.123 Loading class java/awt/geom/RectangularShape
Event: 6.123 Loading class java/awt/geom/RectangularShape done
Event: 6.123 Loading class java/awt/geom/Rectangle2D done
Event: 6.123 Loading class java/awt/Rectangle done

Classes unloaded (0 events):
No events

Classes redefined (0 events):
No events

Internal exceptions (20 events):
Event: 3.127 Thread 0x0000020ff7463940 Exception <a 'sun/nio/fs/WindowsException'{0x0000000603a63430}> (0x0000000603a63430) 
thrown [s\open\src\hotspot\share\prims\jni.cpp, line 518]
Event: 3.127 Thread 0x0000020ff7463940 Exception <a 'sun/nio/fs/WindowsException'{0x0000000603a64de8}> (0x0000000603a64de8) 
thrown [s\open\src\hotspot\share\prims\jni.cpp, line 518]
Event: 3.127 Thread 0x0000020ff7463940 Exception <a 'sun/nio/fs/WindowsException'{0x0000000603a66670}> (0x0000000603a66670) 
thrown [s\open\src\hotspot\share\prims\jni.cpp, line 518]
Event: 3.127 Thread 0x0000020ff7463940 Exception <a 'sun/nio/fs/WindowsException'{0x0000000603a6d430}> (0x0000000603a6d430) 
thrown [s\open\src\hotspot\share\prims\jni.cpp, line 518]
Event: 3.127 Thread 0x0000020ff7463940 Exception <a 'sun/nio/fs/WindowsException'{0x0000000603a6ef48}> (0x0000000603a6ef48) 
thrown [s\open\src\hotspot\share\prims\jni.cpp, line 518]
Event: 3.127 Thread 0x0000020ff7463940 Exception <a 'sun/nio/fs/WindowsException'{0x0000000603a70988}> (0x0000000603a70988) 
thrown [s\open\src\hotspot\share\prims\jni.cpp, line 518]
Event: 3.127 Thread 0x0000020ff7463940 Exception <a 'sun/nio/fs/WindowsException'{0x0000000603a72350}> (0x0000000603a72350) 
thrown [s\open\src\hotspot\share\prims\jni.cpp, line 518]
Event: 3.127 Thread 0x0000020ff7463940 Exception <a 'sun/nio/fs/WindowsException'{0x0000000603a73bf8}> (0x0000000603a73bf8) 
thrown [s\open\src\hotspot\share\prims\jni.cpp, line 518]
Event: 3.127 Thread 0x0000020ff7463940 Exception <a 'sun/nio/fs/WindowsException'{0x0000000603a7a998}> (0x0000000603a7a998) 
thrown [s\open\src\hotspot\share\prims\jni.cpp, line 518]
Event: 3.127 Thread 0x0000020ff7463940 Exception <a 'sun/nio/fs/WindowsException'{0x0000000603a7c480}> (0x0000000603a7c480) 
thrown [s\open\src\hotspot\share\prims\jni.cpp, line 518]
Event: 3.127 Thread 0x0000020ff7463940 Exception <a 'sun/nio/fs/WindowsException'{0x0000000603a7de88}> (0x0000000603a7de88) 
thrown [s\open\src\hotspot\share\prims\jni.cpp, line 518]
Event: 3.127 Thread 0x0000020ff7463940 Exception <a 'sun/nio/fs/WindowsException'{0x0000000603a7f820}> (0x0000000603a7f820) 
thrown [s\open\src\hotspot\share\prims\jni.cpp, line 518]
Event: 3.127 Thread 0x0000020ff7463940 Exception <a 'sun/nio/fs/WindowsException'{0x0000000603a810a8}> (0x0000000603a810a8) 
thrown [s\open\src\hotspot\share\prims\jni.cpp, line 518]
Event: 3.128 Thread 0x0000020ff7463940 Exception <a 'sun/nio/fs/WindowsException'{0x0000000603a8d928}> (0x0000000603a8d928) 
thrown [s\open\src\hotspot\share\prims\jni.cpp, line 518]
Event: 3.128 Thread 0x0000020ff7463940 Exception <a 'sun/nio/fs/WindowsException'{0x0000000603a8f440}> (0x0000000603a8f440) 
thrown [s\open\src\hotspot\share\prims\jni.cpp, line 518]
Event: 3.128 Thread 0x0000020ff7463940 Exception <a 'sun/nio/fs/WindowsException'{0x0000000603a91148}> (0x0000000603a91148) 
thrown [s\open\src\hotspot\share\prims\jni.cpp, line 518]
Event: 3.128 Thread 0x0000020ff7463940 Exception <a 'sun/nio/fs/WindowsException'{0x0000000603a92b10}> (0x0000000603a92b10) 
thrown [s\open\src\hotspot\share\prims\jni.cpp, line 518]
Event: 3.128 Thread 0x0000020ff7463940 Exception <a 'sun/nio/fs/WindowsException'{0x0000000603a943d8}> (0x0000000603a943d8) 
thrown [s\open\src\hotspot\share\prims\jni.cpp, line 518]
Event: 3.128 Thread 0x0000020ff7463940 Exception <a 'sun/nio/fs/WindowsException'{0x0000000603a9ffd0}> (0x0000000603a9ffd0) 
thrown [s\open\src\hotspot\share\prims\jni.cpp, line 518]
Event: 3.128 Thread 0x0000020ff7463940 Exception <a 'sun/nio/fs/WindowsException'{0x0000000603aa1ad8}> (0x0000000603aa1ad8) 
thrown [s\open\src\hotspot\share\prims\jni.cpp, line 518]

VM Operations (20 events):
Event: 0.594 Executing VM operation: HandshakeAllThreads (Deoptimize)
Event: 0.594 Executing VM operation: HandshakeAllThreads (Deoptimize) done
Event: 0.648 Executing VM operation: HandshakeAllThreads (Deoptimize)
Event: 0.648 Executing VM operation: HandshakeAllThreads (Deoptimize) done
Event: 0.783 Executing VM operation: HandshakeAllThreads (Deoptimize)
Event: 0.783 Executing VM operation: HandshakeAllThreads (Deoptimize) done
Event: 0.801 Executing VM operation: HandshakeAllThreads (Deoptimize)
Event: 0.801 Executing VM operation: HandshakeAllThreads (Deoptimize) done
Event: 0.925 Executing VM operation: HandshakeAllThreads (Deoptimize)
Event: 0.925 Executing VM operation: HandshakeAllThreads (Deoptimize) done
Event: 2.854 Executing VM operation: HandshakeAllThreads (Deoptimize)
Event: 2.854 Executing VM operation: HandshakeAllThreads (Deoptimize) done
Event: 2.858 Executing VM operation: CollectForMetadataAllocation (Metadata GC Threshold)
Event: 2.863 Executing VM operation: CollectForMetadataAllocation (Metadata GC Threshold) done
Event: 2.865 Executing VM operation: G1PauseRemark
Event: 2.869 Executing VM operation: G1PauseRemark done
Event: 2.870 Executing VM operation: G1PauseCleanup
Event: 2.870 Executing VM operation: G1PauseCleanup done
Event: 3.146 Executing VM operation: G1CollectForAllocation (G1 Evacuation Pause)
Event: 3.150 Executing VM operation: G1CollectForAllocation (G1 Evacuation Pause) done

Memory protections (0 events):
No events

Nmethod flushes (0 events):
No events

Events (20 events):
Event: 0.779 Thread 0x0000020ff0d01480 Thread added: 0x0000020ff0d04f00
Event: 0.779 Thread 0x0000020ff0d01480 Thread added: 0x0000020ff0d05da0
Event: 0.833 Thread 0x0000020ff0d05da0 Thread added: 0x0000020ff0d03910
Event: 0.896 Thread 0x0000020ff0d01480 Thread added: 0x0000020ff7464f30
Event: 0.913 Thread 0x0000020fef23faa0 Thread exited: 0x0000020fef23faa0
Event: 1.056 Thread 0x0000020fa6b8a400 Thread exited: 0x0000020fa6b8a400
Event: 1.720 Thread 0x0000020fa6b8c240 Thread exited: 0x0000020fa6b8c240
Event: 1.720 Thread 0x0000020fa6b8ab90 Thread exited: 0x0000020fa6b8ab90
Event: 1.720 Thread 0x0000020fa6b89c70 Thread exited: 0x0000020fa6b89c70
Event: 1.720 Thread 0x0000020fa6b8d160 Thread exited: 0x0000020fa6b8d160
Event: 2.845 Thread 0x0000020ff0d04f00 Thread added: 0x0000020ff7466c70
Event: 2.849 Thread 0x0000020ff0d01480 Thread added: 0x0000020ff7463940
Event: 2.872 Thread 0x0000020fa6b812a0 Thread added: 0x0000020ff7469100
Event: 2.888 Thread 0x0000020fa6b8bab0 Thread added: 0x0000020fef23dc60
Event: 2.888 Thread 0x0000020fa6b8bab0 Thread added: 0x0000020fef23eb80
Event: 2.965 Thread 0x0000020ff7463940 Thread added: 0x0000020ff7469fa0
Event: 3.510 Thread 0x0000020fef23eb80 Thread exited: 0x0000020fef23eb80
Event: 3.510 Thread 0x0000020fef23dc60 Thread exited: 0x0000020fef23dc60
Event: 4.543 Thread 0x0000020fa6b8bab0 Thread exited: 0x0000020fa6b8bab0
Event: 4.852 Thread 0x0000020ff0d05da0 Thread added: 0x0000020ff7468260


Dynamic libraries:
0x00007ff7ad950000 - 0x00007ff7ad960000 	C:\Program Files\Java\jdk-24\bin\java.exe
0x00007ff8bd7a0000 - 0x00007ff8bda05000 	C:\WINDOWS\SYSTEM32\ntdll.dll
0x00007ff8bcc60000 - 0x00007ff8bcd29000 	C:\WINDOWS\System32\KERNEL32.DLL
0x00007ff8ba8f0000 - 0x00007ff8bacd8000 	C:\WINDOWS\System32\KERNELBASE.dll
0x00007ff8bb240000 - 0x00007ff8bb38b000 	C:\WINDOWS\System32\ucrtbase.dll
0x00007ff8b60d0000 - 0x00007ff8b60e6000 	C:\Program Files\Java\jdk-24\bin\jli.dll
0x00007ff8b60f0000 - 0x00007ff8b610b000 	C:\Program Files\Java\jdk-24\bin\VCRUNTIME140.dll
0x00007ff8bce30000 - 0x00007ff8bcffa000 	C:\WINDOWS\System32\USER32.dll
0x00007ff8a7130000 - 0x00007ff8a73ca000 	C:\WINDOWS\WinSxS\amd64_microsoft.windows.common-controls_6595b64144ccf1df_6.0.26100.4202_none_3e0698d4e335f517\COMCTL32.dll
0x00007ff8bb510000 - 0x00007ff8bb537000 	C:\WINDOWS\System32\win32u.dll
0x00007ff8bc6c0000 - 0x00007ff8bc6eb000 	C:\WINDOWS\System32\GDI32.dll
0x00007ff8bcb30000 - 0x00007ff8bcbd9000 	C:\WINDOWS\System32\msvcrt.dll
0x00007ff8bace0000 - 0x00007ff8bae17000 	C:\WINDOWS\System32\gdi32full.dll
0x00007ff8bafa0000 - 0x00007ff8bb043000 	C:\WINDOWS\System32\msvcp_win.dll
0x00007ff8bd380000 - 0x00007ff8bd3b0000 	C:\WINDOWS\System32\IMM32.DLL
0x00007ff8b51d0000 - 0x00007ff8b51dc000 	C:\Program Files\Java\jdk-24\bin\vcruntime140_1.dll
0x00007ff885810000 - 0x00007ff88589e000 	C:\Program Files\Java\jdk-24\bin\msvcp140.dll
0x00007ff83e560000 - 0x00007ff83f302000 	C:\Program Files\Java\jdk-24\bin\server\jvm.dll
0x00007ff8bd000000 - 0x00007ff8bd0b3000 	C:\WINDOWS\System32\ADVAPI32.dll
0x00007ff8bca80000 - 0x00007ff8bcb26000 	C:\WINDOWS\System32\sechost.dll
0x00007ff8bc960000 - 0x00007ff8bca75000 	C:\WINDOWS\System32\RPCRT4.dll
0x00007ff8bc770000 - 0x00007ff8bc7e4000 	C:\WINDOWS\System32\WS2_32.dll
0x00007ff8b94d0000 - 0x00007ff8b952e000 	C:\WINDOWS\SYSTEM32\POWRPROF.dll
0x00007ff8ae550000 - 0x00007ff8ae55b000 	C:\WINDOWS\SYSTEM32\VERSION.dll
0x00007ff8aff10000 - 0x00007ff8aff45000 	C:\WINDOWS\SYSTEM32\WINMM.dll
0x00007ff8b94b0000 - 0x00007ff8b94c4000 	C:\WINDOWS\SYSTEM32\UMPDC.dll
0x00007ff8b9790000 - 0x00007ff8b97ab000 	C:\WINDOWS\SYSTEM32\kernel.appcore.dll
0x00007ff8935b0000 - 0x00007ff8935ba000 	C:\Program Files\Java\jdk-24\bin\jimage.dll
0x00007ff8ac3a0000 - 0x00007ff8ac5e1000 	C:\WINDOWS\SYSTEM32\DBGHELP.DLL
0x00007ff8bb740000 - 0x00007ff8bbac5000 	C:\WINDOWS\System32\combase.dll
0x00007ff8bd670000 - 0x00007ff8bd751000 	C:\WINDOWS\System32\OLEAUT32.dll
0x00007ff8a5410000 - 0x00007ff8a5449000 	C:\WINDOWS\SYSTEM32\dbgcore.DLL
0x00007ff8bb0e0000 - 0x00007ff8bb179000 	C:\WINDOWS\System32\bcryptPrimitives.dll
0x00007ff8b5fd0000 - 0x00007ff8b5fdf000 	C:\Program Files\Java\jdk-24\bin\instrument.dll
0x00007ff888330000 - 0x00007ff88834e000 	C:\Program Files\Java\jdk-24\bin\java.dll
0x00007ff8bb540000 - 0x00007ff8bb6de000 	C:\WINDOWS\System32\ole32.dll
0x00007ff8bbf70000 - 0x00007ff8bc6b2000 	C:\WINDOWS\System32\SHELL32.dll
0x00007ff8bae20000 - 0x00007ff8baf94000 	C:\WINDOWS\System32\wintypes.dll
0x00007ff8b8550000 - 0x00007ff8b8da8000 	C:\WINDOWS\SYSTEM32\windows.storage.dll
0x00007ff8bd490000 - 0x00007ff8bd581000 	C:\WINDOWS\System32\SHCORE.dll
0x00007ff8bcbe0000 - 0x00007ff8bcc4a000 	C:\WINDOWS\System32\shlwapi.dll
0x00007ff8ba800000 - 0x00007ff8ba82f000 	C:\WINDOWS\SYSTEM32\profapi.dll
0x00007ff87fdc0000 - 0x00007ff87fe97000 	C:\Program Files\Java\jdk-24\bin\jsvml.dll
0x00007ff8935a0000 - 0x00007ff8935b0000 	C:\Program Files\Java\jdk-24\bin\net.dll
0x00007ff8b9ce0000 - 0x00007ff8b9d4a000 	C:\WINDOWS\system32\mswsock.dll
0x00007ff881f60000 - 0x00007ff881f76000 	C:\Program Files\Java\jdk-24\bin\nio.dll
0x00007ff881f40000 - 0x00007ff881f57000 	C:\Program Files\Java\jdk-24\bin\zip.dll
0x00007ff8b9150000 - 0x00007ff8b9277000 	C:\WINDOWS\SYSTEM32\DNSAPI.dll
0x00007ff8b9110000 - 0x00007ff8b9143000 	C:\WINDOWS\SYSTEM32\IPHLPAPI.DLL
0x00007ff8bbf60000 - 0x00007ff8bbf6a000 	C:\WINDOWS\System32\NSI.dll
0x00007ff8af9d0000 - 0x00007ff8af9db000 	C:\Windows\System32\rasadhlp.dll
0x00007ff8b36f0000 - 0x00007ff8b3776000 	C:\WINDOWS\System32\fwpuclnt.dll
0x00007ff8b5f90000 - 0x00007ff8b5f9a000 	C:\Program Files\Java\jdk-24\bin\management.dll
0x00007ff8b5f80000 - 0x00007ff8b5f8b000 	C:\Program Files\Java\jdk-24\bin\management_ext.dll
0x00007ff8bd350000 - 0x00007ff8bd358000 	C:\WINDOWS\System32\PSAPI.DLL
0x0000020f823a0000 - 0x0000020f823a3000 	C:\Users\Gandeevan\.openjfx\cache\17.0.6\api-ms-win-core-console-l1-1-0.dll
0x0000020f823b0000 - 0x0000020f823b3000 	C:\Users\Gandeevan\.openjfx\cache\17.0.6\api-ms-win-core-console-l1-2-0.dll
0x0000020f83c80000 - 0x0000020f83c83000 	C:\Users\Gandeevan\.openjfx\cache\17.0.6\api-ms-win-core-datetime-l1-1-0.dll
0x0000020f83c90000 - 0x0000020f83c93000 	C:\Users\Gandeevan\.openjfx\cache\17.0.6\api-ms-win-core-debug-l1-1-0.dll
0x0000020f83ca0000 - 0x0000020f83ca3000 	C:\Users\Gandeevan\.openjfx\cache\17.0.6\api-ms-win-core-errorhandling-l1-1-0.dll
0x0000020f83cb0000 - 0x0000020f83cb4000 	C:\Users\Gandeevan\.openjfx\cache\17.0.6\api-ms-win-core-file-l1-1-0.dll
0x0000020f83cc0000 - 0x0000020f83cc3000 	C:\Users\Gandeevan\.openjfx\cache\17.0.6\api-ms-win-core-file-l1-2-0.dll
0x0000020f83cd0000 - 0x0000020f83cd3000 	C:\Users\Gandeevan\.openjfx\cache\17.0.6\api-ms-win-core-file-l2-1-0.dll
0x0000020f84480000 - 0x0000020f84483000 	C:\Users\Gandeevan\.openjfx\cache\17.0.6\api-ms-win-core-handle-l1-1-0.dll
0x0000020f84490000 - 0x0000020f84493000 	C:\Users\Gandeevan\.openjfx\cache\17.0.6\api-ms-win-core-heap-l1-1-0.dll
0x0000020f844a0000 - 0x0000020f844a3000 	C:\Users\Gandeevan\.openjfx\cache\17.0.6\api-ms-win-core-interlocked-l1-1-0.dll
0x0000020f844b0000 - 0x0000020f844b3000 	C:\Users\Gandeevan\.openjfx\cache\17.0.6\api-ms-win-core-libraryloader-l1-1-0.dll
0x0000020f844c0000 - 0x0000020f844c3000 	C:\Users\Gandeevan\.openjfx\cache\17.0.6\api-ms-win-core-localization-l1-2-0.dll
0x0000020f844d0000 - 0x0000020f844d3000 	C:\Users\Gandeevan\.openjfx\cache\17.0.6\api-ms-win-core-memory-l1-1-0.dll
0x0000020f844e0000 - 0x0000020f844e3000 	C:\Users\Gandeevan\.openjfx\cache\17.0.6\api-ms-win-core-namedpipe-l1-1-0.dll
0x0000020fa9f90000 - 0x0000020fa9f93000 	C:\Users\Gandeevan\.openjfx\cache\17.0.6\api-ms-win-core-processenvironment-l1-1-0.dll
0x0000020fa9fa0000 - 0x0000020fa9fa3000 	C:\Users\Gandeevan\.openjfx\cache\17.0.6\api-ms-win-core-processthreads-l1-1-0.dll
0x0000020fa9fb0000 - 0x0000020fa9fb3000 	C:\Users\Gandeevan\.openjfx\cache\17.0.6\api-ms-win-core-processthreads-l1-1-1.dll
0x0000020fa9fc0000 - 0x0000020fa9fc3000 	C:\Users\Gandeevan\.openjfx\cache\17.0.6\api-ms-win-core-profile-l1-1-0.dll
0x0000020fa9fd0000 - 0x0000020fa9fd3000 	C:\Users\Gandeevan\.openjfx\cache\17.0.6\api-ms-win-core-rtlsupport-l1-1-0.dll
0x0000020fa9fe0000 - 0x0000020fa9fe3000 	C:\Users\Gandeevan\.openjfx\cache\17.0.6\api-ms-win-core-string-l1-1-0.dll
0x0000020fa9ff0000 - 0x0000020fa9ff3000 	C:\Users\Gandeevan\.openjfx\cache\17.0.6\api-ms-win-core-synch-l1-1-0.dll
0x0000020ff1bf0000 - 0x0000020ff1bf3000 	C:\Users\Gandeevan\.openjfx\cache\17.0.6\api-ms-win-core-synch-l1-2-0.dll
0x0000020ff1c00000 - 0x0000020ff1c03000 	C:\Users\Gandeevan\.openjfx\cache\17.0.6\api-ms-win-core-sysinfo-l1-1-0.dll
0x0000020ff1c10000 - 0x0000020ff1c13000 	C:\Users\Gandeevan\.openjfx\cache\17.0.6\api-ms-win-core-timezone-l1-1-0.dll
0x0000020ff1c20000 - 0x0000020ff1c23000 	C:\Users\Gandeevan\.openjfx\cache\17.0.6\api-ms-win-core-util-l1-1-0.dll
0x0000020ff1c30000 - 0x0000020ff1c33000 	C:\Users\Gandeevan\.openjfx\cache\17.0.6\api-ms-win-crt-conio-l1-1-0.dll
0x0000020ff1c40000 - 0x0000020ff1c44000 	C:\Users\Gandeevan\.openjfx\cache\17.0.6\api-ms-win-crt-convert-l1-1-0.dll
0x0000020ff1c50000 - 0x0000020ff1c53000 	C:\Users\Gandeevan\.openjfx\cache\17.0.6\api-ms-win-crt-environment-l1-1-0.dll
0x0000020ff1c60000 - 0x0000020ff1c63000 	C:\Users\Gandeevan\.openjfx\cache\17.0.6\api-ms-win-crt-filesystem-l1-1-0.dll
0x0000020ff1c70000 - 0x0000020ff1c73000 	C:\Users\Gandeevan\.openjfx\cache\17.0.6\api-ms-win-crt-heap-l1-1-0.dll
0x0000020ff1c80000 - 0x0000020ff1c83000 	C:\Users\Gandeevan\.openjfx\cache\17.0.6\api-ms-win-crt-locale-l1-1-0.dll
0x0000020ff1c90000 - 0x0000020ff1c95000 	C:\Users\Gandeevan\.openjfx\cache\17.0.6\api-ms-win-crt-math-l1-1-0.dll
0x0000020ff1ca0000 - 0x0000020ff1ca5000 	C:\Users\Gandeevan\.openjfx\cache\17.0.6\api-ms-win-crt-multibyte-l1-1-0.dll
0x0000020ff1cb0000 - 0x0000020ff1cc0000 	C:\Users\Gandeevan\.openjfx\cache\17.0.6\api-ms-win-crt-private-l1-1-0.dll
0x0000020ff1cc0000 - 0x0000020ff1cc3000 	C:\Users\Gandeevan\.openjfx\cache\17.0.6\api-ms-win-crt-process-l1-1-0.dll
0x0000020ff1cd0000 - 0x0000020ff1cd4000 	C:\Users\Gandeevan\.openjfx\cache\17.0.6\api-ms-win-crt-runtime-l1-1-0.dll
0x0000020ff1ce0000 - 0x0000020ff1ce4000 	C:\Users\Gandeevan\.openjfx\cache\17.0.6\api-ms-win-crt-stdio-l1-1-0.dll
0x0000020ff1cf0000 - 0x0000020ff1cf4000 	C:\Users\Gandeevan\.openjfx\cache\17.0.6\api-ms-win-crt-string-l1-1-0.dll
0x0000020ff1d00000 - 0x0000020ff1d03000 	C:\Users\Gandeevan\.openjfx\cache\17.0.6\api-ms-win-crt-time-l1-1-0.dll
0x0000020ff1d10000 - 0x0000020ff1d13000 	C:\Users\Gandeevan\.openjfx\cache\17.0.6\api-ms-win-crt-utility-l1-1-0.dll
0x00007ff89c430000 - 0x00007ff89c52c000 	C:\Users\Gandeevan\.openjfx\cache\17.0.6\ucrtbase.dll
0x00007ff89c730000 - 0x00007ff89c74a000 	C:\Users\Gandeevan\.openjfx\cache\17.0.6\vcruntime140.dll
0x00007ff8ba0c0000 - 0x00007ff8ba0db000 	C:\WINDOWS\SYSTEM32\CRYPTSP.dll
0x00007ff8b96f0000 - 0x00007ff8b972a000 	C:\WINDOWS\system32\rsaenh.dll
0x00007ff8b9d80000 - 0x00007ff8b9dab000 	C:\WINDOWS\SYSTEM32\USERENV.dll
0x00007ff8b51b0000 - 0x00007ff8b51bc000 	C:\Users\Gandeevan\.openjfx\cache\17.0.6\vcruntime140_1.dll
0x00007ff8ba7d0000 - 0x00007ff8ba7f6000 	C:\WINDOWS\SYSTEM32\bcrypt.dll
0x00007ff8b9f20000 - 0x00007ff8b9f2c000 	C:\WINDOWS\SYSTEM32\CRYPTBASE.dll
0x00007ff890890000 - 0x00007ff89091d000 	C:\Users\Gandeevan\.openjfx\cache\17.0.6\msvcp140.dll
0x00007ff8b4a60000 - 0x00007ff8b4a69000 	C:\Users\Gandeevan\.openjfx\cache\17.0.6\msvcp140_1.dll
0x00007ff89c680000 - 0x00007ff89c6af000 	C:\Users\Gandeevan\.openjfx\cache\17.0.6\msvcp140_2.dll
0x00007ff89e010000 - 0x00007ff89e028000 	C:\WINDOWS\system32\napinsp.dll
0x00007ff89dff0000 - 0x00007ff89e002000 	C:\WINDOWS\System32\winrnr.dll
0x00007ff89d520000 - 0x00007ff89d550000 	C:\WINDOWS\system32\nlansp_c.dll
0x00007ff89d4f0000 - 0x00007ff89d510000 	C:\WINDOWS\system32\wshbth.dll
0x00007ff89c400000 - 0x00007ff89c42a000 	C:\Users\Gandeevan\.openjfx\cache\17.0.6\prism_d3d.dll
0x00007ff847a60000 - 0x00007ff847c17000 	C:\WINDOWS\system32\d3d9.dll
0x00007ff8b7e90000 - 0x00007ff8b7ec6000 	C:\WINDOWS\SYSTEM32\dwmapi.dll
0x00007ff8b7ce0000 - 0x00007ff8b7d2d000 	C:\WINDOWS\SYSTEM32\dxcore.dll
0x00007ff8b7b00000 - 0x00007ff8b7baf000 	C:\WINDOWS\system32\uxtheme.dll
0x00007ff890320000 - 0x00007ff8905b0000 	C:\Windows\System32\DriverStore\FileRepository\iigd_dch.inf_amd64_b57fc4f35ff4051b\igdumdim64.dll
0x00007ff814a90000 - 0x00007ff815fe1000 	C:\Windows\System32\DriverStore\FileRepository\iigd_dch.inf_amd64_b57fc4f35ff4051b\igd9trinity64.dll
0x00007ff8b7d30000 - 0x00007ff8b7e65000 	C:\WINDOWS\system32\dxgi.dll
0x00007ff8b7c70000 - 0x00007ff8b7cd1000 	C:\WINDOWS\SYSTEM32\directxdatabasehelper.dll
0x00007ff8ba5a0000 - 0x00007ff8ba5f7000 	C:\WINDOWS\SYSTEM32\cfgmgr32.dll
0x00007ff8aed10000 - 0x00007ff8af151000 	C:\Windows\System32\DriverStore\FileRepository\iigd_dch.inf_amd64_b57fc4f35ff4051b\igdgmm64.dll
0x00007ff8ae560000 - 0x00007ff8ae585000 	C:\Windows\System32\DriverStore\FileRepository\iigd_dch.inf_amd64_b57fc4f35ff4051b\igc64.dll
0x00007ff813540000 - 0x00007ff814a85000 	C:\Windows\System32\DriverStore\FileRepository\iigd_dch.inf_amd64_b57fc4f35ff4051b\igd9dxva64.dll
0x00007ff8bbad0000 - 0x00007ff8bbf56000 	C:\WINDOWS\System32\SETUPAPI.dll
0x00007ff893e70000 - 0x00007ff895b9d000 	C:\Windows\System32\DriverStore\FileRepository\iigd_dch.inf_amd64_b57fc4f35ff4051b\media_bin_64.dll
0x00007ff8a5a10000 - 0x00007ff8a5a5e000 	C:\WINDOWS\SYSTEM32\pdh.dll
0x00007ff89c2c0000 - 0x00007ff89c302000 	C:\Users\Gandeevan\.openjfx\cache\17.0.6\glass.dll

JVMTI agents:
C:\Program Files\JetBrains\IntelliJ IDEA 2025.1.2\lib\idea_rt.jar path:C:\Program Files\Java\jdk-24\bin\instrument.dll, loaded, initialized, instrumentlib options:52163

dbghelp: loaded successfully - version: 4.0.5 - missing functions: none
symbol engine: initialized successfully - sym options: 0x614 - pdb path: .;C:\Program Files\Java\jdk-24\bin;C:\WINDOWS\SYSTEM32;C:\WINDOWS\WinSxS\amd64_microsoft.windows.common-controls_6595b64144ccf1df_6.0.26100.4202_none_3e0698d4e335f517;C:\Program Files\Java\jdk-24\bin\server;C:\Users\Gandeevan\.openjfx\cache\17.0.6;C:\Windows\System32\DriverStore\FileRepository\iigd_dch.inf_amd64_b57fc4f35ff4051b;C:\Program Files\Common Files\Microsoft Shared\Ink;C:\Users\Gandeevan\.javacpp\cache\javacpp-1.5.8-windows-x86_64.jar\org\bytedeco\javacpp\windows-x86_64;C:\Users\Gandeevan\.javacpp\cache\ffmpeg-5.1.2-1.5.8-windows-x86_64.jar\org\bytedeco\ffmpeg\windows-x86_64

VM Arguments:
jvm_args: -javaagent:C:\Program Files\JetBrains\IntelliJ IDEA 2025.1.2\lib\idea_rt.jar=52163 -Dfile.encoding=UTF-8 -Dsun.stdout.encoding=UTF-8 -Dsun.stderr.encoding=UTF-8 --module-path=C:\Users\Gandeevan\.m2\repository\org\openjfx\javafx-fxml\17.0.6\javafx-fxml-17.0.6-win.jar;C:\Users\Gandeevan\.m2\repository\org\bytedeco\libfreenect2\0.2.0-1.5.8\libfreenect2-0.2.0-1.5.8.jar;C:\Users\Gandeevan\.m2\repository\javax\websocket\javax.websocket-client-api\1.1\javax.websocket-client-api-1.1.jar;C:\Users\Gandeevan\.m2\repository\org\bytedeco\libfreenect\0.5.7-1.5.8\libfreenect-0.5.7-1.5.8.jar;C:\Users\Gandeevan\.m2\repository\org\bytedeco\flandmark\1.07-1.5.8\flandmark-1.07-1.5.8.jar;C:\Users\Gandeevan\.m2\repository\org\bytedeco\opencv\4.6.0-1.5.8\opencv-4.6.0-1.5.8.jar;C:\Users\Gandeevan\.m2\repository\org\openjfx\javafx-graphics\17.0.6\javafx-graphics-17.0.6-win.jar;C:\Users\Gandeevan\.m2\repository\org\openjfx\javafx-controls\17.0.6\javafx-controls-17.0.6-win.jar;C:\Users\Gandeevan\.m2\repository\org\bytedeco\javacv\1.5.8\javacv-1.5.8.jar;C:\Users\Gandeevan\.m2\repository\org\bytedeco\librealsense\1.12.4-1.5.8\librealsense-1.12.4-1.5.8.jar;C:\Users\Gandeevan\.m2\repository\org\bytedeco\javacpp\1.5.8\javacpp-1.5.8.jar;C:\Users\Gandeevan\.m2\repository\org\openjfx\javafx-base\17.0.6\javafx-base-17.0.6-win.jar;C:\Users\Gandeevan\.m2\repository\org\bytedeco\openblas\0.3.21-1.5.8\openblas-0.3.21-1.5.8.jar;C:\Users\Gandeevan\.m2\repository\org\bytedeco\videoinput\0.200-1.5.8\videoinput-0.200-1.5.8.jar;C:\Users\Gandeevan\.m2\repository\org\bytedeco\librealsense2\2.50.0-1.5.8\librealsense2-2.50.0-1.5.8.jar;C:\Users\Gandeevan\.m2\repository\org\bytedeco\libdc1394\2.2.6-1.5.8\libdc1394-2.2.6-1.5.8.jar;C:\Users\Gandeevan\.m2\repository\org\bytedeco\tesseract\5.2.0-1.5.8\tesseract-5.2.0-1.5.8.jar;C:\Users\Gandeevan\.m2\repository\org\bytedeco\flycapture\2.13.3.31-1.5.8\flycapture-2.13.3.31-1.5.8.jar;C:\Users\Gandeevan\.m2\repository\org\bytedeco\leptonica\1.82.0-1.5.8\leptonica-1.82.0-1.5.8.jar;C:\Users\Gandeevan\.m2\repository\org\bytedeco\ffmpeg\5.1.2-1.5.8\ffmpeg-5.1.2-1.5.8.jar;C:\Users\Gandeevan\Desktop\Camera_stream_plugin_javaFX\target\clas-Djdk.module.main=com.example.camera_demo 
java_command: com.example.camera_demo/com.example.camera_demo.CameraApplication
java_class_path (initial): C:\Users\Gandeevan\.m2\repository\org\openjfx\javafx-controls\17.0.6\javafx-controls-17.0.6.jar;C:\Users\Gandeevan\.m2\repository\org\openjfx\javafx-graphics\17.0.6\javafx-graphics-17.0.6.jar;C:\Users\Gandeevan\.m2\repository\org\openjfx\javafx-base\17.0.6\javafx-base-17.0.6.jar;C:\Users\Gandeevan\.m2\repository\org\openjfx\javafx-fxml\17.0.6\javafx-fxml-17.0.6.jar;C:\Users\Gandeevan\.m2\repository\org\glassfish\tyrus\tyrus-client\1.17\tyrus-client-1.17.jar;C:\Users\Gandeevan\.m2\repository\org\glassfish\tyrus\tyrus-core\1.17\tyrus-core-1.17.jar;C:\Users\Gandeevan\.m2\repository\org\glassfish\tyrus\tyrus-spi\1.17\tyrus-spi-1.17.jar;C:\Users\Gandeevan\.m2\repository\javax\websocket\javax.websocket-api\1.1\javax.websocket-api-1.1.jar;C:\Users\Gandeevan\.m2\repository\jakarta\xml\bind\jakarta.xml.bind-api\2.3.2\jakarta.xml.bind-api-2.3.2.jar;C:\Users\Gandeevan\.m2\repository\jakarta\activation\jakarta.activation-api\1.2.1\jakarta.activation-api-1.2.1.jar;C:\Users\Gandeevan\.m2\repository\org\glassfish\tyrus\tyrus-container-grizzly-client\1.17\tyrus-container-grizzly-client-1.17.jar;C:\Users\Gandeevan\.m2\repository\org\glassfish\grizzly\grizzly-framework\2.3.22\grizzly-framework-2.3.22.jar;C:\Users\Gandeevan\.m2\repository\org\glassfish\grizzly\grizzly-http-server\2.3.22\grizzly-http-server-2.3.22.jar;C:\Users\Gandeevan\.m2\repository\org\glassfish\grizzly\grizzly-http\2.3.22\grizzly-http-2.3.22.jar;C:\Users\Gandeevan\.m2\repository\org\bytedeco\javacv-platform\1.5.8\javacv-platform-1.5.8.jar;C:\Users\Gandeevan\.m2\repository\org\bytedeco\openblas-platform\0.3.21-1.5.8\openblas-platform-0.3.21-1.5.8.jar;C:\Users\Gandeevan\.m2\repository\org\bytedeco\javacpp-platform\1.5.8\javacpp-platform-1.5.8.jar;C:\Users\Gandeevan\.m2\repository\org\bytedeco\javacpp\1.5.8\javacpp-1.5.8-android-arm.jar;C:\Users\Gandeevan\.m2\repository\org\bytedeco\javacpp\1.5.8\javacpp-1.5.8-android-arm64.jar;C:\Users\Gandeevan\.m2\repository\org\bytedeco\javacpp\1.5.8\javacpp-1.5.8-android-x86.jar;C:\Users\Gandeevan\.m2\repository\org\bytedeco\javacpp\1.5.8\javacpp-1.5.8-android-x86_64.jar;C:\Users\Gandeevan\.m2\repository\org\bytedeco\javacpp\1.5.8\javacpp-1.5.8-ios-arm64.jar;C:\Users\Gandeevan\.m2\repository\org\bytedeco\javacpp\1.5.8\javacpp-1.5.8-ios-x86_64.jar;C:\Users\Gandeevan\.m2\repository\org\bytedeco\javacpp\1.5.8\javacpp-1.5.8-linux-armhf.jar;C:\Users\Gandeevan\.m2\repository\org\bytedeco\javacpp\1.5.8\javacpp-1.5.8-linux-arm64.jar;C:\Users\Gandeevan\.m2\repository\org\bytedeco\javacpp\1.5.8\javacpp-1.5.8-linux-ppc64le.jar;C:\Users\Gandeevan\.m2\repository\org\bytedeco\javacpp\1.5.8\javacpp-1.5.8-linux-x86.jar;C:\Users\Gandeevan\.m2\repository\org\bytedeco\javacpp\1.5.8\javacpp-1.5.8-linux-x86_64.jar;C:\Users\Gandeevan\.m2\repository\org\bytedeco\javacpp\1.5.8\javacpp-1.5.8-macosx-arm64.jar;C:\Users\Gandeevan\.m2\repository\org\bytedeco\javacpp\1.5.8\javacpp-1.5.8-macosx-x86_64.jar;C:\Users\Gandeevan\.m2\repository\org\bytedeco\javacpp\1.5.8\javacpp-1.5.8-windows-x86.jar;C:\Users\Gandeevan\.m2\repository\org\bytedeco\javacpp\1.5.8\javacpp-1.5.8-windows-x86_64.jar;C:\Users\Gandeevan\.m2\repository\org\bytedeco\openblas\0.3.21-1.5.8\openblas-0.3.21-1.5.8-android-arm.jar;C:\Users\Gandeevan\.m2\repository\org\bytedeco\openblas\0.3.21-1.5.8\openblas-0.3.21-1.5.8-android-arm64.jar;C:\Users\Gandeevan\.m2\repository\org\bytedeco\openblas\0.3.21-1.5.8\openblas-0.3.21-1.5.8-android-x86.jar;C:\Users\Gandeevan\.m2\repository\org\bytedeco\openblas\0.3.21-1.5.8\openblas-0.3.21-1.5.8-android-x86_64.jar;C:\Users\Gandeevan\.m2\repository\org\bytedeco\openblas\0.3.21-1.5.8\openblas-0.3.21-1.5.8-ios-arm64.jar;C:\Users\Gandeevan\.m2\repository\org\bytedeco\openblas\0.3.21-1.5.8\openblas-0.3.21-1.5.8-ios-x86_64.jar;C:\Users\Gandeevan\.m2\repository\org\bytedeco\openblas\0.3.21-1.5.8\openblas-0.3.21-1.5.8-linux-x86.jar;C:\Users\Gandeevan\.m2\repository\org\bytedeco\openblas\0.3.21-1.5.8\openblas-0.3.21-1.5.8-linux-x86_64.jar;C:\Users\Gandeevan\.m2\repository\org\bytedeco\openblas\0.3.21-1.5.8\openblas-0.3.21-1.5.8-linux-armhf.jar;C:\Users\Gandeevan\.m2\repository\org\bytedeco\openblas\0.3.21-1.5.8\openblas-0.3.21-1.5.8-linux-arm64.jar;C:\Users\Gandeevan\.m2\repository\org\bytedeco\openblas\0.3.21-1.5.8\openblas-0.3.21-1.5.8-linux-ppc64le.jar;C:\Users\Gandeevan\.m2\repository\org\bytedeco\openblas\0.3.21-1.5.8\openblas-0.3.21-1.5.8-macosx-arm64.jar;C:\Users\Gandeevan\.m2\repository\org\bytedeco\openblas\0.3.21-1.5.8\openblas-0.3.21-1.5.8-macosx-x86_64.jar;C:\Users\Gandeevan\.m2\repository\org\bytedeco\openblas\0.3.21-1.5.8\openblas-0.3.21-1.5.8-windows-x86.jar;C:\Users\Gandeevan\.m2\repository\org\bytedeco\openblas\0.3.21-1.5.8\openblas-0.3.21-1.5.8-windows-x86_64.jar;C:\Users\Gandeevan\.m2\repository\org\bytedeco\opencv-platform\4.6.0-1.5.8\opencv-platform-4.6.0-1.5.8.jar;C:\Users\Gandeevan\.m2\repository\org\bytedeco\opencv\4.6.0-1.5.8\opencv-4.6.0-1.5.8-android-arm.jar;C:\Users\Gandeevan\.m2\repository\org\bytedeco\opencv\4.6.0-1.5.8\opencv-4.6.0-1.5.8-android-arm64.jar;C:\Users\Gandeevan\.m2\repository\org\bytedeco\opencv\4.6.0-1.5.8\opencv-4.6.0-1.5.8-android-x86.jar;C:\Users\Gandeevan\.m2\repository\org\bytedeco\opencv\4.6.0-1.5.8\opencv-4.6.0-1.5.8-android-x86_64.jar;C:\Users\Gandeevan\.m2\repository\org\bytedeco\opencv\4.6.0-1.5.8\opencv-4.6.0-1.5.8-ios-arm64.jar;C:\Users\Gandeevan\.m2\repository\org\bytedeco\opencv\4.6.0-1.5.8\opencv-4.6.0-1.5.8-ios-x86_64.jar;C:\Users\Gandeevan\.m2\repository\org\bytedeco\opencv\4.6.0-1.5.8\opencv-4.6.0-1.5.8-linux-x86.jar;C:\Users\Gandeevan\.m2\repository\org\bytedeco\opencv\4.6.0-1.5.8\opencv-4.6.0-1.5.8-linux-x86_64.jar;C:\Users\Gandeevan\.m2\repository\org\bytedeco\opencv\4.6.0-1.5.8\opencv-4.6.0-1.5.8-linux-armhf.jar;C:\Users\Gandeevan\.m2\repository\org\bytedeco\opencv\4.6.0-1.5.8\opencv-4.6.0-1.5.8-linux-arm64.jar;C:\Users\Gandeevan\.m2\repository\org\bytedeco\opencv\4.6.0-1.5.8\opencv-4.6.0-1.5.8-linux-ppc64le.jar;C:\Users\Gandeevan\.m2\repository\org\bytedeco\opencv\4.6.0-1.5.8\opencv-4.6.0-1.5.8-macosx-arm64.jar;C:\Users\Gandeevan\.m2\repository\org\bytedeco\opencv\4.6.0-1.5.8\opencv-4.6.0-1.5.8-macosx-x86_64.jar;C:\Users\Gandeevan\.m2\repository\org\bytedeco\opencv\4.6.0-1.5.8\opencv-4.6.0-1.5.8-windows-x86.jar;C:\Users\Gandeevan\.m2\repository\org\bytedeco\opencv\4.6.0-1.5.8\opencv-4.6.0-1.5.8-windows-x86_64.jar;C:\Users\Gandeevan\.m2\repository\org\bytedeco\ffmpeg-platform\5.1.2-1.5.8\ffmpeg-platform-5.1.2-1.5.8.jar;C:\Users\Gandeevan\.m2\repository\org\bytedeco\ffmpeg\5.1.2-1.5.8\ffmpeg-5.1.2-1.5.8-android-arm.jar;C:\Users\Gandeevan\.m2\repository\org\bytedeco\ffmpeg\5.1.2-1.5.8\ffmpeg-5.1.2-1.5.8-android-arm64.jar;C:\Users\Gandeevan\.m2\repository\org\bytedeco\ffmpeg\5.1.2-1.5.8\ffmpeg-5.1.2-1.5.8-android-x86.jar;C:\Users\Gandeevan\.m2\repository\org\bytedeco\ffmpeg\5.1.2-1.5.8\ffmpeg-5.1.2-1.5.8-android-x86_64.jar;C:\Users\Gandeevan\.m2\repository\org\bytedeco\ffmpeg\5.1.2-1.5.8\ffmpeg-5.1.2-1.5.8-linux-x86.jar;C:\Users\Gandeevan\.m2\repository\org\bytedeco\ffmpeg\5.1.2-1.5.8\ffmpeg-5.1.2-1.5.8-linux-x86_64.jar;C:\Users\Gandeevan\.m2\repository\org\bytedeco\ffmpeg\5.1.2-1.5.8\ffmpeg-5.1.2-1.5.8-linux-armhf.jar;C:\Users\Gandeevan\.m2\repository\org\bytedeco\ffmpeg\5.1.2-1.5.8\ffmpeg-5.1.2-1.5.8-linux-arm64.jar;C:\Users\Gandeevan\.m2\repository\org\bytedeco\ffmpeg\5.1.2-1.5.8\ffmpeg-5.1.2-1.5.8-linux-ppc64le.jar;C:\Users\Gandeevan\.m2\repository\org\bytedeco\ffmpeg\5.1.2-1.5.8\ffmpeg-5.1.2-1.5.8-macosx-arm64.jar;C:\Users\Gandeevan\.m2\repository\org\bytedeco\ffmpeg\5.1.2-1.5.8\ffmpeg-5.1.2-1.5.8-macosx-x86_64.jar;C:\Users\Gandeevan\.m2\repository\org\bytedeco\ffmpeg\5.1.2-1.5.8\ffmpeg-5.1.2-1.5.8-windows-x86.jar;C:\Users\Gandeevan\.m2\repository\org\bytedeco\ffmpeg\5.1.2-1.5.8\ffmpeg-5.1.2-1.5.8-windows-x86_64.jar;C:\Users\Gandeevan\.m2\repository\org\bytedeco\flycapture-platform\2.13.3.31-1.5.8\flycapture-platform-2.13.3.31-1.5.8.jar;C:\Users\Gandeevan\.m2\repository\org\bytedeco\flycapture\2.13.3.31-1.5.8\flycapture-2.13.3.31-1.5.8-linux-x86.jar;C:\Users\Gandeevan\.m2\repository\org\bytedeco\flycapture\2.13.3.31-1.5.8\flycapture-2.13.3.31-1.5.8-linux-x86_64.jar;C:\Users\Gandeevan\.m2\repository\org\bytedeco\flycapture\2.13.3.31-1.5.8\flycapture-2.13.3.31-1.5.8-linux-armhf.jar;C:\Users\Gandeevan\.m2\repository\org\bytedeco\flycapture\2.13.3.31-1.5.8\flycapture-2.13.3.31-1.5.8-linux-arm64.jar;C:\Users\Gandeevan\.m2\repository\org\bytedeco\flycapture\2.13.3.31-1.5.8\flycapture-2.13.3.31-1.5.8-windows-x86.jar;C:\Users\Gandeevan\.m2\repository\org\bytedeco\flycapture\2.13.3.31-1.5.8\flycapture-2.13.3.31-1.5.8-windows-x86_64.jar;C:\Users\Gandeevan\.m2\repository\org\bytedeco\libdc1394-platform\2.2.6-1.5.8\libdc1394-platform-2.2.6-1.5.8.jar;C:\Users\Gandeevan\.m2\repository\org\bytedeco\libdc1394\2.2.6-1.5.8\libdc1394-2.2.6-1.5.8-linux-x86.jar;C:\Users\Gandeevan\.m2\repository\org\bytedeco\libdc1394\2.2.6-1.5.8\libdc1394-2.2.6-1.5.8-linux-x86_64.jar;C:\Users\Gandeevan\.m2\repository\org\bytedeco\libdc1394\2.2.6-1.5.8\libdc1394-2.2.6-1.5.8-linux-armhf.jar;C:\Users\Gandeevan\.m2\repository\org\bytedeco\libdc1394\2.2.6-1.5.8\libdc1394-2.2.6-1.5.8-linux-arm64.jar;C:\Users\Gandeevan\.m2\repository\org\bytedeco\libdc1394\2.2.6-1.5.8\libdc1394-2.2.6-1.5.8-linux-ppc64le.jar;C:\Users\Gandeevan\.m2\repository\org\bytedeco\libdc1394\2.2.6-1.5.8\libdc1394-2.2.6-1.5.8-macosx-x86_64.jar;C:\Users\Gandeevan\.m2\repository\org\bytedeco\libdc1394\2.2.6-1.5.8\libdc1394-2.2.6-1.5.8-windows-x86.jar;C:\Users\Gandeevan\.m2\repository\org\bytedeco\libdc1394\2.2.6-1.5.8\libdc1394-2.2.6-1.5.8-windows-x86_64.jar;C:\Users\Gandeevan\.m2\repository\org\bytedeco\libfreenect-platform\0.5.7-1.5.8\libfreenect-platform-0.5.7-1.5.8.jar;C:\Users\Gandeevan\.m2\repository\org\bytedeco\libfreenect\0.5.7-1.5.8\libfreenect-0.5.7-1.5.8-linux-x86.jar;C:\Users\Gandeevan\.m2\repository\org\bytedeco\libfreenect\0.5.7-1.5.8\libfreenect-0.5.7-1.5.8-linux-x86_64.jar;C:\Users\Gandeevan\.m2\repository\org\bytedeco\libfreenect\0.5.7-1.5.8\libfreenect-0.5.7-1.5.8-linux-armhf.jar;C:\Users\Gandeevan\.m2\repository\org\bytedeco\libfreenect\0.5.7-1.5.8\libfreenect-0.5.7-1.5.8-linux-arm64.jar;C:\Users\Gandeevan\.m2\repository\org\bytedeco\libfreenect\0.5.7-1.5.8\libfreenect-0.5.7-1.5.8-linux-ppc64le.jar;C:\Users\Gandeevan\.m2\repository\org\bytedeco\libfreenect\0.5.7-1.5.8\libfreenect-0.5.7-1.5.8-macosx-x86_64.jar;C:\Users\Gandeevan\.m2\repository\org\bytedeco\libfreenect\0.5.7-1.5.8\libfreenect-0.5.7-1.5.8-windows-x86.jar;C:\Users\Gandeevan\.m2\repository\org\bytedeco\libfreenect\0.5.7-1.5.8\libfreenect-0.5.7-1.5.8-windows-x86_64.jar;C:\Users\Gandeevan\.m2\repository\org\bytedeco\libfreenect2-platform\0.2.0-1.5.8\libfreenect2-platform-0.2.0-1.5.8.jar;C:\Users\Gandeevan\.m2\repository\org\bytedeco\libfreenect2\0.2.0-1.5.8\libfreenect2-0.2.0-1.5.8-linux-x86.jar;C:\Users\Gandeevan\.m2\repository\org\bytedeco\libfreenect2\0.2.0-1.5.8\libfreenect2-0.2.0-1.5.8-linux-x86_64.jar;C:\Users\Gandeevan\.m2\repository\org\bytedeco\libfreenect2\0.2.0-1.5.8\libfreenect2-0.2.0-1.5.8-macosx-x86_64.jar;C:\Users\Gandeevan\.m2\repository\org\bytedeco\libfreenect2\0.2.0-1.5.8\libfreenect2-0.2.0-1.5.8-windows-x86_64.jar;C:\Users\Gandeevan\.m2\repository\org\bytedeco\librealsense-platform\1.12.4-1.5.8\librealsense-platform-1.12.4-1.5.8.jar;C:\Users\Gandeevan\.m2\repository\org\bytedeco\librealsense\1.12.4-1.5.8\librealsense-1.12.4-1.5.8-linux-armhf.jar;C:\Users\Gandeevan\.m2\repository\org\bytedeco\librealsense\1.12.4-1.5.8\librealsense-1.12.4-1.5.8-linux-arm64.jar;C:\Users\Gandeevan\.m2\repository\org\bytedeco\librealsense\1.12.4-1.5.8\librealsense-1.12.4-1.5.8-linux-x86.jar;C:\Users\Gandeevan\.m2\repository\org\bytedeco\librealsense\1.12.4-1.5.8\librealsense-1.12.4-1.5.8-linux-x86_64.jar;C:\Users\Gandeevan\.m2\repository\org\bytedeco\librealsense\1.12.4-1.5.8\librealsense-1.12.4-1.5.8-macosx-x86_64.jar;C:\Users\Gandeevan\.m2\repository\org\bytedeco\librealsense\1.12.4-1.5.8\librealsense-1.12.4-1.5.8-windows-x86.jar;C:\Users\Gandeevan\.m2\repository\org\bytedeco\librealsense\1.12.4-1.5.8\librealsense-1.12.4-1.5.8-windows-x86_64.jar;C:\Users\Gandeevan\.m2\repository\org\bytedeco\librealsense2-platform\2.50.0-1.5.8\librealsense2-platform-2.50.0-1.5.8.jar;C:\Users\Gandeevan\.m2\repository\org\bytedeco\librealsense2\2.50.0-1.5.8\librealsense2-2.50.0-1.5.8-linux-armhf.jar;C:\Users\Gandeevan\.m2\repository\org\bytedeco\librealsense2\2.50.0-1.5.8\librealsense2-2.50.0-1.5.8-linux-arm64.jar;C:\Users\Gandeevan\.m2\repository\org\bytedeco\librealsense2\2.50.0-1.5.8\librealsense2-2.50.0-1.5.8-linux-x86.jar;C:\Users\Gandeevan\.m2\repository\org\bytedeco\librealsense2\2.50.0-1.5.8\librealsense2-2.50.0-1.5.8-linux-x86_64.jar;C:\Users\Gandeevan\.m2\repository\org\bytedeco\librealsense2\2.50.0-1.5.8\librealsense2-2.50.0-1.5.8-macosx-x86_64.jar;C:\Users\Gandeevan\.m2\repository\org\bytedeco\librealsense2\2.50.0-1.5.8\librealsense2-2.50.0-1.5.8-windows-x86.jar;C:\Users\Gandeevan\.m2\repository\org\bytedeco\librealsense2\2.50.0-1.5.8\librealsense2-2.50.0-1.5.8-windows-x86_64.jar;C:\Users\Gandeevan\.m2\repository\org\bytedeco\videoinput-platform\0.200-1.5.8\videoinput-platform-0.200-1.5.8.jar;C:\Users\Gandeevan\.m2\repository\org\bytedeco\videoinput\0.200-1.5.8\videoinput-0.200-1.5.8-windows-x86.jar;C:\Users\Gandeevan\.m2\repository\org\bytedeco\videoinput\0.200-1.5.8\videoinput-0.200-1.5.8-windows-x86_64.jar;C:\Users\Gandeevan\.m2\repository\org\bytedeco\artoolkitplus-platform\2.3.1-1.5.8\artoolkitplus-platform-2.3.1-1.5.8.jar;C:\Users\Gandeevan\.m2\repository\org\bytedeco\artoolkitplus\2.3.1-1.5.8\artoolkitplus-2.3.1-1.5.8-android-arm.jar;C:\Users\Gandeevan\.m2\repository\org\bytedeco\artoolkitplus\2.3.1-1.5.8\artoolkitplus-2.3.1-1.5.8-android-arm64.jar;C:\Users\Gandeevan\.m2\repository\org\bytedeco\artoolkitplus\2.3.1-1.5.8\artoolkitplus-2.3.1-1.5.8-android-x86.jar;C:\Users\Gandeevan\.m2\repository\org\bytedeco\artoolkitplus\2.3.1-1.5.8\artoolkitplus-2.3.1-1.5.8-android-x86_64.jar;C:\Users\Gandeevan\.m2\repository\org\bytedeco\artoolkitplus\2.3.1-1.5.8\artoolkitplus-2.3.1-1.5.8-linux-x86.jar;C:\Users\Gandeevan\.m2\repository\org\bytedeco\artoolkitplus\2.3.1-1.5.8\artoolkitplus-2.3.1-1.5.8-linux-x86_64.jar;C:\Users\Gandeevan\.m2\repository\org\bytedeco\artoolkitplus\2.3.1-1.5.8\artoolkitplus-2.3.1-1.5.8-linux-armhf.jar;C:\Users\Gandeevan\.m2\repository\org\bytedeco\artoolkitplus\2.3.1-1.5.8\artoolkitplus-2.3.1-1.5.8-linux-arm64.jar;C:\Users\Gandeevan\.m2\repository\org\bytedeco\artoolkitplus\2.3.1-1.5.8\artoolkitplus-2.3.1-1.5.8-linux-ppc64le.jar;C:\Users\Gandeevan\.m2\repository\org\bytedeco\artoolkitplus\2.3.1-1.5.8\artoolkitplus-2.3.1-1.5.8-macosx-x86_64.jar;C:\Users\Gandeevan\.m2\repository\org\bytedeco\artoolkitplus\2.3.1-1.5.8\artoolkitplus-2.3.1-1.5.8-windows-x86.jar;C:\Users\Gandeevan\.m2\repository\org\bytedeco\artoolkitplus\2.3.1-1.5.8\artoolkitplus-2.3.1-1.5.8-windows-x86_64.jar;C:\Users\Gandeevan\.m2\repository\org\bytedeco\flandmark-platform\1.07-1.5.8\flandmark-platform-1.07-1.5.8.jar;C:\Users\Gandeevan\.m2\repository\org\bytedeco\flandmark\1.07-1.5.8\flandmark-1.07-1.5.8-android-arm.jar;C:\Users\Gandeevan\.m2\repository\org\bytedeco\flandmark\1.07-1.5.8\flandmark-1.07-1.5.8-android-arm64.jar;C:\Users\Gandeevan\.m2\repository\org\bytedeco\flandmark\1.07-1.5.8\flandmark-1.07-1.5.8-android-x86.jar;C:\Users\Gandeevan\.m2\repository\org\bytedeco\flandmark\1.07-1.5.8\flandmark-1.07-1.5.8-android-x86_64.jar;C:\Users\Gandeevan\.m2\repository\org\bytedeco\flandmark\1.07-1.5.8\flandmark-1.07-1.5.8-linux-x86.jar;C:\Users\Gandeevan\.m2\repository\org\bytedeco\flandmark\1.07-1.5.8\flandmark-1.07-1.5.8-linux-x86_64.jar;C:\Users\Gandeevan\.m2\repository\org\bytedeco\flandmark\1.07-1.5.8\flandmark-1.07-1.5.8-linux-armhf.jar;C:\Users\Gandeevan\.m2\repository\org\bytedeco\flandmark\1.07-1.5.8\flandmark-1.07-1.5.8-linux-arm64.jar;C:\Users\Gandeevan\.m2\repository\org\bytedeco\flandmark\1.07-1.5.8\flandmark-1.07-1.5.8-linux-ppc64le.jar;C:\Users\Gandeevan\.m2\repository\org\bytedeco\flandmark\1.07-1.5.8\flandmark-1.07-1.5.8-macosx-x86_64.jar;C:\Users\Gandeevan\.m2\repository\org\bytedeco\flandmark\1.07-1.5.8\flandmark-1.07-1.5.8-windows-x86.jar;C:\Users\Gandeevan\.m2\repository\org\bytedeco\flandmark\1.07-1.5.8\flandmark-1.07-1.5.8-windows-x86_64.jar;C:\Users\Gandeevan\.m2\repository\org\bytedeco\leptonica-platform\1.82.0-1.5.8\leptonica-platform-1.82.0-1.5.8.jar;C:\Users\Gandeevan\.m2\repository\org\bytedeco\leptonica\1.82.0-1.5.8\leptonica-1.82.0-1.5.8-android-arm.jar;C:\Users\Gandeevan\.m2\repository\org\bytedeco\leptonica\1.82.0-1.5.8\leptonica-1.82.0-1.5.8-android-arm64.jar;C:\Users\Gandeevan\.m2\repository\org\bytedeco\leptonica\1.82.0-1.5.8\leptonica-1.82.0-1.5.8-android-x86.jar;C:\Users\Gandeevan\.m2\repository\org\bytedeco\leptonica\1.82.0-1.5.8\leptonica-1.82.0-1.5.8-android-x86_64.jar;C:\Users\Gandeevan\.m2\repository\org\bytedeco\leptonica\1.82.0-1.5.8\leptonica-1.82.0-1.5.8-linux-x86.jar;C:\Users\Gandeevan\.m2\repository\org\bytedeco\leptonica\1.82.0-1.5.8\leptonica-1.82.0-1.5.8-linux-x86_64.jar;C:\Users\Gandeevan\.m2\repository\org\bytedeco\leptonica\1.82.0-1.5.8\leptonica-1.82.0-1.5.8-linux-armhf.jar;C:\Users\Gandeevan\.m2\repository\org\bytedeco\leptonica\1.82.0-1.5.8\leptonica-1.82.0-1.5.8-linux-arm64.jar;C:\Users\Gandeevan\.m2\repository\org\bytedeco\leptonica\1.82.0-1.5.8\leptonica-1.82.0-1.5.8-linux-ppc64le.jar;C:\Users\Gandeevan\.m2\repository\org\bytedeco\leptonica\1.82.0-1.5.8\leptonica-1.82.0-1.5.8-macosx-arm64.jar;C:\Users\Gandeevan\.m2\repository\org\bytedeco\leptonica\1.82.0-1.5.8\leptonica-1.82.0-1.5.8-macosx-x86_64.jar;C:\Users\Gandeevan\.m2\repository\org\bytedeco\leptonica\1.82.0-1.5.8\leptonica-1.82.0-1.5.8-windows-x86.jar;C:\Users\Gandeevan\.m2\repository\org\bytedeco\leptonica\1.82.0-1.5.8\leptonica-1.82.0-1.5.8-windows-x86_64.jar;C:\Users\Gandeevan\.m2\repository\org\bytedeco\tesseract-platform\5.2.0-1.5.8\tesseract-platform-5.2.0-1.5.8.jar;C:\Users\Gandeevan\.m2\repository\org\bytedeco\tesseract\5.2.0-1.5.8\tesseract-5.2.0-1.5.8-android-arm.jar;C:\Users\Gandeevan\.m2\repository\org\bytedeco\tesseract\5.2.0-1.5.8\tesseract-5.2.0-1.5.8-android-arm64.jar;C:\Users\Gandeevan\.m2\repository\org\bytedeco\tesseract\5.2.0-1.5.8\tesseract-5.2.0-1.5.8-android-x86.jar;C:\Users\Gandeevan\.m2\repository\org\bytedeco\tesseract\5.2.0-1.5.8\tesseract-5.2.0-1.5.8-android-x86_64.jar;C:\Users\Gandeevan\.m2\repository\org\bytedeco\tesseract\5.2.0-1.5.8\tesseract-5.2.0-1.5.8-linux-x86.jar;C:\Users\Gandeevan\.m2\repository\org\bytedeco\tesseract\5.2.0-1.5.8\tesseract-5.2.0-1.5.8-linux-x86_64.jar;C:\Users\Gandeevan\.m2\repository\org\bytedeco\tesseract\5.2.0-1.5.8\tesseract-5.2.0-1.5.8-linux-armhf.jar;C:\Users\Gandeevan\.m2\repository\org\bytedeco\tesseract\5.2.0-1.5.8\tesseract-5.2.0-1.5.8-linux-arm64.jar;C:\Users\Gandeevan\.m2\repository\org\bytedeco\tesseract\5.2.0-1.5.8\tesseract-5.2.0-1.5.8-linux-ppc64le.jar;C:\Users\Gandeevan\.m2\repository\org\bytedeco\tesseract\5.2.0-1.5.8\tesseract-5.2.0-1.5.8-macosx-arm64.jar;C:\Users\Gandeevan\.m2\repository\org\bytedeco\tesseract\5.2.0-1.5.8\tesseract-5.2.0-1.5.8-macosx-x86_64.jar;C:\Users\Gandeevan\.m2\repository\org\bytedeco\tesseract\5.2.0-1.5.8\tesseract-5.2.0-1.5.8-windows-x86.jar;C:\Users\Gandeevan\.m2\repository\org\bytedeco\tesseract\5.2.0-1.5.8\tesseract-5.2.0-1.5.8-windows-x86_64.jar
Launcher Type: SUN_STANDARD

[Global flags]
     intx CICompilerCount                          = 12                                        {product} {ergonomic}
     uint ConcGCThreads                            = 4                                         {product} {ergonomic}
     uint G1ConcRefinementThreads                  = 15                                        {product} {ergonomic}
   size_t G1HeapRegionSize                         = 4194304                                   {product} {ergonomic}
   size_t InitialHeapSize                          = 536870912                                 {product} {ergonomic}
   size_t MarkStackSize                            = 4194304                                   {product} {ergonomic}
   size_t MarkStackSizeMax                         = 536870912                                 {product} {ergonomic}
   size_t MaxHeapSize                              = 8531214336                                {product} {ergonomic}
   size_t MaxNewSize                               = 5117050880                                {product} {ergonomic}
   size_t MinHeapDeltaBytes                        = 4194304                                   {product} {ergonomic}
   size_t MinHeapSize                              = 8388608                                   {product} {ergonomic}
    uintx NonNMethodCodeHeapSize                   = 7602176                                {pd product} {ergonomic}
    uintx NonProfiledCodeHeapSize                  = 122093568                              {pd product} {ergonomic}
    uintx ProfiledCodeHeapSize                     = 121962496                              {pd product} {ergonomic}
    uintx ReservedCodeCacheSize                    = 251658240                              {pd product} {ergonomic}
     bool SegmentedCodeCache                       = true                                      {product} {ergonomic}
   size_t SoftMaxHeapSize                          = 8531214336                             {manageable} {ergonomic}
     bool UseCompressedOops                        = true                           {product lp64_product} {ergonomic}
     bool UseG1GC                                  = true                                      {product} {ergonomic}
     bool UseLargePagesIndividualAllocation        = false                                  {pd product} {ergonomic}

Logging:
Log output configuration:
 #0: stdout all=warning uptime,level,tags foldmultilines=false
 #1: stderr all=off uptime,level,tags foldmultilines=false

Environment Variables:
JAVA_HOME=C:\Program Files\Java\jdk-24
PATH=C:\Program Files\Common Files\Oracle\Java\javapath;C:\Program Files\BellSoft\LibericaJDK-24\bin\;C:\Python313\Scripts\;C:\Python313\;C:\WINDOWS\system32;C:\WINDOWS;C:\WINDOWS\System32\Wbem;C:\WINDOWS\System32\WindowsPowerShell\v1.0\;C:\WINDOWS\System32\OpenSSH\;C:\ProgramData\chocolatey\bin;C:\Program Files\Git\cmd;C:\Program Files\Docker\Docker\resources\bin;C:\Program Files\MySQL\MySQL Server 8.0\bin;C:\Program Files\apache-maven-3.8.8\bin;C:\Program Files\Java\jdk-24\bin;%LOCALAPPDATA%\Android\Sdk\platform-tools;C:\Program Files\Amazon\AWSCLIV2\;C:\Program Files\nodejs\;C:\Users\Gandeevan\AppData\Local\Microsoft\WindowsApps;C:\Users\Gandeevan\AppData\Local\Programs\Microsoft VS Code\bin;C:\Users\Gandeevan\AppData\Roaming\npm;C:\Users\Gandeevan\AppData\Local\GitHubDesktop\bin
USERNAME=Gandeevan
OS=Windows_NT
PROCESSOR_IDENTIFIER=Intel64 Family 6 Model 151 Stepping 2, GenuineIntel
TMP=C:\Users\GANDEE~1\AppData\Local\Temp
TEMP=C:\Users\GANDEE~1\AppData\Local\Temp




Periodic native trim disabled

---------------  S Y S T E M  ---------------

OS:
 Windows 11 , 64 bit Build 26100 (10.0.26100.4202)
OS uptime: 0 days 1:33 hours
Hyper-V role detected

CPU: total 20 (initial active 20) (10 cores per cpu, 2 threads per core) family 6 model 151 stepping 2 microcode 0x35, cx8, cmov, fxsr, ht, mmx, 3dnowpref, sse, sse2, sse3, ssse3, sse4.1, sse4.2, popcnt, lzcnt, tsc, tscinvbit, avx, avx2, aes, erms, clmul, bmi1, bmi2, adx, sha, fma, vzeroupper, clflush, clflushopt, clwb, hv, serialize, rdtscp, rdpid, fsrm, gfni, f16c, cet_ibt, cet_ss
Processor Information for the first 20 processors :
  Max Mhz: 3600, Current Mhz: 3600, Mhz Limit: 3600

Memory: 4k page, system-wide physical 32535M (15523M free)
TotalPageFile size 34583M (AvailPageFile size 10647M)
current process WorkingSet (physical memory assigned to process): 323M, peak: 473M
current process commit charge ("private bytes"): 392M, peak: 805M

vm_info: Java HotSpot(TM) 64-Bit Server VM (24.0.1+9-30) for windows-amd64 JRE (24.0.1+9-30), built on 2025-03-05T07:23:45Z with MS VC++ 17.6 (VS2022)

END.
