#
# A fatal error has been detected by the Java Runtime Environment:
#
#  EXCEPTION_ACCESS_VIOLATION (0xc0000005) at pc=0x00000293281130c6, pid=10276, tid=19892
#
# JRE version: Java(TM) SE Runtime Environment (24.0.1+9) (build 24.0.1+9-30)
# Java VM: Java HotSpot(TM) 64-Bit Server VM (24.0.1+9-30, mixed mode, sharing, tiered, compressed oops, compressed class ptrs, g1 gc, windows-amd64)
# Problematic frame:
# J 2642 c2 java.nio.DirectByteBuffer.get(I)B java.base@24.0.1 (34 bytes) @ 0x00000293281130c6 [0x0000029328113080+0x0000000000000046]
#
# No core dump will be written. Minidumps are not enabled by default on client versions of Windows
#
# If you would like to submit a bug report, please visit:
#   https://bugreport.java.com/bugreport/crash.jsp
#

---------------  S U M M A R Y ------------

Command Line: -javaagent:C:\Program Files\JetBrains\IntelliJ IDEA 2025.1.2\lib\idea_rt.jar=52299 -Dfile.encoding=UTF-8 -Dsun.stdout.encoding=UTF-8 -Dsun.stderr.encoding=UTF-8 --module-path=C:\Users\Gandeevan\.m2\repository\org\openjfx\javafx-fxml\17.0.6\javafx-fxml-17.0.6-win.jar;C:\Users\Gandeevan\.m2\repository\org\bytedeco\libfreenect2\0.2.0-1.5.8\libfreenect2-0.2.0-1.5.8.jar;C:\Users\Gandeevan\.m2\repository\javax\websocket\javax.websocket-client-api\1.1\javax.websocket-client-api-1.1.jar;C:\Users\Gandeevan\.m2\repository\org\bytedeco\libfreenect\0.5.7-1.5.8\libfreenect-0.5.7-1.5.8.jar;C:\Users\Gandeevan\.m2\repository\org\bytedeco\flandmark\1.07-1.5.8\flandmark-1.07-1.5.8.jar;C:\Users\Gandeevan\.m2\repository\org\bytedeco\opencv\4.6.0-1.5.8\opencv-4.6.0-1.5.8.jar;C:\Users\Gandeevan\.m2\repository\org\openjfx\javafx-graphics\17.0.6\javafx-graphics-17.0.6-win.jar;C:\Users\Gandeevan\.m2\repository\org\openjfx\javafx-controls\17.0.6\javafx-controls-17.0.6-win.jar;C:\Users\Gandeevan\.m2\repository\org\bytedeco\javacv\1.5.8\javacv-1.5.8.jar;C:\Users\Gandeevan\.m2\repository\org\bytedeco\librealsense\1.12.4-1.5.8\librealsense-1.12.4-1.5.8.jar;C:\Users\Gandeevan\.m2\repository\org\bytedeco\javacpp\1.5.8\javacpp-1.5.8.jar;C:\Users\Gandeevan\.m2\repository\org\openjfx\javafx-base\17.0.6\javafx-base-17.0.6-win.jar;C:\Users\Gandeevan\.m2\repository\org\bytedeco\openblas\0.3.21-1.5.8\openblas-0.3.21-1.5.8.jar;C:\Users\Gandeevan\.m2\repository\org\bytedeco\videoinput\0.200-1.5.8\videoinput-0.200-1.5.8.jar;C:\Users\Gandeevan\.m2\repository\org\bytedeco\librealsense2\2.50.0-1.5.8\librealsense2-2.50.0-1.5.8.jar;C:\Users\Gandeevan\.m2\repository\org\bytedeco\libdc1394\2.2.6-1.5.8\libdc1394-2.2.6-1.5.8.jar;C:\Users\Gandeevan\.m2\repository\org\bytedeco\tesseract\5.2.0-1.5.8\tesseract-5.2.0-1.5.8.jar;C:\Users\Gandeevan\.m2\repository\org\bytedeco\flycapture\2.13.3.31-1.5.8\flycapture-2.13.3.31-1.5.8.jar;C:\Users\Gandeevan\.m2\repository\org\bytedeco\leptonica\1.82.0-1.5.8\leptonica-1.82.0-1.5.8.jar;C:\Users\Gandeevan\.m2\repository\org\bytedeco\ffmpeg\5.1.2-1.5.8\ffmpeg-5.1.2-1.5.8.jar;C:\Users\Gandeevan\Desktop\Camera_stream_plugin_javaFX\target\clas-Djdk.module.main=com.example.camera_demo com.example.camera_demo/com.example.camera_demo.CameraApplication

Host: 12th Gen Intel(R) Core(TM) i7-12700K, 20 cores, 31G,  Windows 11 , 64 bit Build 26100 (10.0.26100.4202)
Time: Thu Jun 26 11:41:25 2025 India Standard Time elapsed time: 6.056614 seconds (0d 0h 0m 6s)

---------------  T H R E A D  ---------------

Current thread (0x000002930a9f9df0):  JavaThread "pool-2-thread-1"        [_thread_in_Java, id=19892, stack(0x000000d6c7e00000,0x000000d6c7f00000) (1024K)]

Stack: [0x000000d6c7e00000,0x000000d6c7f00000],  sp=0x000000d6c7efea50,  free space=1018k
Native frames: (J=compiled Java code, j=interpreted, Vv=VM code, C=native code)
C  0x00000293281130c6  (no source info available)

The last pc belongs to nmethod (printed below).

siginfo: EXCEPTION_ACCESS_VIOLATION (0xc0000005), reading address 0x00000293128bc080


Registers:
RAX=0x000002933e2bf5d0, RBX=0x000002933e2bf5d0, RCX=0xfffffffffffffff5, RDX=0x000000061ed2a738
RSP=0x000000d6c7efea50, RBP=0x000000000017bb00, RSI=0x0000000000000000, RDI=0x0000000000000001
R8 =0x0000000000000000, R9 =0x0000000000000004, R10=0x00000293128bc080, R11=0x0000000000000000
R12=0x0000000000000000, R13=0x000000d6c7efea90, R14=0x0000000000000000, R15=0x000002930a9f9df0
RIP=0x00000293281130c6, EFLAGS=0x0000000000010287

XMM[0]=0x0000000000000000 0x0000000000000000
XMM[1]=0x0000000000000000 0x0000000000000000
XMM[2]=0x0000000000000000 0x0000000000000000
XMM[3]=0x0000029301507668 0x0000029301507730
XMM[4]=0x00000293015057b0 0x0000029301505a78
XMM[5]=0x00000293015053b8 0x00000293015052c0
XMM[6]=0x0000000000000000 0x0000000000000000
XMM[7]=0x0000000000000000 0x0000000000000000
XMM[8]=0x0000000000000000 0x0000000000000000
XMM[9]=0x0000000000000000 0x0000000000000000
XMM[10]=0x0000000000000000 0x0000000000000000
XMM[11]=0x0000000000000000 0x0000000000000000
XMM[12]=0x0000000000000000 0x0000000000000000
XMM[13]=0x0000000000000000 0x0000000000000000
XMM[14]=0x0000000000000000 0x0000000000000000
XMM[15]=0x0000000000000000 0x0000000000000000
  MXCSR=0x00001fa0


Register to memory mapping:

RAX={method} {0x000002933e2bf5d8} 'get' '(I)B' in 'java/nio/DirectByteBuffer'
RBX={method} {0x000002933e2bf5d8} 'get' '(I)B' in 'java/nio/DirectByteBuffer'
RCX=0xfffffffffffffff5 is an unknown value
RDX=0x000000061ed2a738 is an oop: java.nio.DirectByteBuffer 
{0x000000061ed2a738} - klass: 'java/nio/DirectByteBuffer' - flags: 

 - ---- fields (total size 8 words):
 - private 'mark' 'I' @12  -1 (0xffffffff)
 - 'address' 'J' @16  2830694596736 (0x00000293128bc080)
 - private 'position' 'I' @24  0 (0x00000000)
 - private 'limit' 'I' @28  1555200 (0x0017bb00)
 - private final 'capacity' 'I' @32  1555200 (0x0017bb00)
 - final 'segment' 'Ljava/lang/foreign/MemorySegment;' @36  null (0x00000000)
 - final 'offset' 'I' @40  0 (0x00000000)
 - 'isReadOnly' 'Z' @44  false (0x00)
 - 'bigEndian' 'Z' @45  false (0x00)
 - 'nativeByteOrder' 'Z' @46  true (0x01)
 - final 'hb' '[B' @48  null (0x00000000)
 - private final 'isSync' 'Z' @47  false (0x00)
 - private final 'fd' 'Ljava/io/FileDescriptor;' @52  null (0x00000000)
 - private final 'att' 'Ljava/lang/Object;' @56  null (0x00000000)
 - private final 'cleaner' 'Ljdk/internal/ref/Cleaner;' @60  null (0x00000000)
RSP=0x000000d6c7efea50 is pointing into the stack for thread: 0x000002930a9f9df0
RBP=0x000000000017bb00 is an unknown value
RSI=0x0 is null
RDI=0x0000000000000001 is an unknown value
R8 =0x0 is null
R9 =0x0000000000000004 is an unknown value
R10=0x00000293128bc080 is an unknown value
R11=0x0 is null
R12=0x0 is null
R13=0x000000d6c7efea90 is pointing into the stack for thread: 0x000002930a9f9df0
R14=0x0 is null
R15=0x000002930a9f9df0 is a thread

Top of Stack: (sp=0x000000d6c7efea50)
0x000000d6c7efea50:   000000d6c7efeae8 000002932791891c   ...........'....
0x000000d6c7efea60:   0000000000000001 000002932791a4d4   ...........'....
0x000000d6c7efea70:   00000000000000bc 0000000000000000   ................
0x000000d6c7efea80:   000000d6c7efeae8 0000029327908948   ........H..'....
0x000000d6c7efea90:   0000000000000000 000000061ed2a738   ........8.......
0x000000d6c7efeaa0:   fffffffffffffff7 000002930129bbf9   ..........).....
0x000000d6c7efeab0:   0000000000000014 00000293012a2200   ........."*.....
0x000000d6c7efeac0:   0000000000000000 00000006067d3308   .........3}.....
0x000000d6c7efead0:   000002930129bea0 fffffffffffffff5   ..).............
0x000000d6c7efeae0:   000000d6c7efeb38 000000d6c7efebd8   8...............
0x000000d6c7efeaf0:   0000029327908800 0000000000000000   ...'............
0x000000d6c7efeb00:   0000000000000000 0000000000000000   ................
0x000000d6c7efeb10:   0000000000000000 000000061ed38df8   ................
0x000000d6c7efeb20:   0000000000000000 0000000000000000   ................
0x000000d6c7efeb30:   0000000000000b40 0000000000000000   @...............
0x000000d6c7efeb40:   0000000000000000 3ff0000000000000   ...............?
0x000000d6c7efeb50:   0000029301298688 0000000000000000   ..).............
0x000000d6c7efeb60:   0000000000000b40 0000000000000000   @...............
0x000000d6c7efeb70:   000000061ed38dc0 0000000000000b40   ........@.......
0x000000d6c7efeb80:   0000000000000001 000000061ed2a738   ........8.......
0x000000d6c7efeb90:   fffffffffffffff7 000002930129d49e   ..........).....
0x000000d6c7efeba0:   0000000000000013 00000293012a2200   ........."*.....
0x000000d6c7efebb0:   0000000000000000 00000006067d3308   .........3}.....
0x000000d6c7efebc0:   000002930129d748 ffffffffffffffec   H.).............
0x000000d6c7efebd0:   000000d6c7efec48 000000d6c7efecc0   H...............
0x000000d6c7efebe0:   0000029327908800 0000000000000000   ...'............
0x000000d6c7efebf0:   000000061e932c28 0000000000000000   (,..............
0x000000d6c7efec00:   0000000000000003 0000000000000b40   ........@.......
0x000000d6c7efec10:   0000000000000000 0000000000000000   ................
0x000000d6c7efec20:   000000061ed37d38 000000061ed38a00   8}..............
0x000000d6c7efec30:   000000061ed383f8 0000000000000000   ................
0x000000d6c7efec40:   000000061ed2a738 0000000000000000   8...............

Instructions: (pc=0x00000293281130c6)
  0x0000029328112fc6:   00 00 04 00 00 00 00 00 00 00 d0 f5 2b 3e 93 02
  0x0000029328112fd6:   00 00 00 00 00 00 00 00 00 00 c0 2d ee 0a 93 02
  0x0000029328112fe6:   00 00 60 99 97 04 93 02 00 00 00 00 00 00 00 00
  0x0000029328112ff6:   00 00 00 00 00 00 00 00 00 00 00 00 00 00 00 00
  0x0000029328113006:   00 00 00 00 00 00 00 00 00 00 80 30 11 28 93 02
  0x0000029328113016:   00 00 02 00 10 00 ff ff ff ff b8 00 00 00 18 00
  0x0000029328113026:   00 00 d0 01 00 00 d0 01 00 00 d5 01 00 00 ff ff
  0x0000029328113036:   ff ff ff ff 00 00 10 00 50 00 18 00 18 00 18 00
  0x0000029328113046:   00 00 68 00 00 00 b8 00 00 00 20 00 00 00 52 0a
  0x0000029328113056:   00 00 04 02 04 00 11 00 00 00 0a 30 46 58 1b 31
  0x0000029328113066:   05 80 17 31 05 80 1b 31 05 80 64 78 08 40 11 31
  0x0000029328113076:   05 31 0e 00 00 31 0f 31 00 00 66 90 44 8b 52 08
  0x0000029328113086:   44 3b 50 08 0f 85 d0 b6 83 ff 89 84 24 00 80 ff
  0x0000029328113096:   ff 55 48 83 ec 30 41 81 7f 20 03 00 00 00 0f 85
  0x00000293281130a6:   a0 00 00 00 44 8b 5a 24 45 85 db 75 61 8b 6a 1c
  0x00000293281130b6:   85 ed 7c 3e 44 3b c5 73 1c 4c 8b 52 10 4d 63 d8
=>0x00000293281130c6:   43 0f be 04 1a 48 83 c4 30 5d 49 3b 67 28 0f 87
  0x00000293281130d6:   5a 00 00 00 c3 48 89 54 24 08 44 89 44 24 10 ba
  0x00000293281130e6:   e4 ff ff ff 90 e8 f0 ef 98 ff 0f 1f 84 00 68 01
  0x00000293281130f6:   00 00 48 89 54 24 08 44 89 44 24 10 ba cc ff ff
  0x0000029328113106:   ff e8 d4 ef 98 ff 0f 1f 84 00 84 01 00 01 44 89
  0x0000029328113116:   04 24 48 89 54 24 08 44 89 5c 24 04 ba 4d ff ff
  0x0000029328113126:   ff e8 b4 ef 98 ff 0f 1f 84 00 a4 01 00 02 49 ba
  0x0000029328113136:   d0 30 11 28 93 02 00 00 4d 89 97 60 04 00 00 e9
  0x0000029328113146:   96 2b 84 ff e8 b1 27 82 ff e9 56 ff ff ff f4 f4
  0x0000029328113156:   f4 f4 e9 83 e6 98 ff e8 00 00 00 00 48 83 2c 24
  0x0000029328113166:   05 e9 14 21 84 ff f4 f4 f4 f4 e8 07 21 06 06 00
  0x0000029328113176:   00 00 c8 07 21 06 06 00 00 00 d0 f5 2b 3e 93 02
  0x0000029328113186:   00 00 68 25 1b 3e 93 02 00 00 80 28 1b 3e 93 02
  0x0000029328113196:   00 00 28 0c 2c 3e 93 02 00 00 b8 0b 1d 3e 93 02
  0x00000293281131a6:   00 00 e0 aa 19 3e 93 02 00 00 40 50 1d 3e 93 02
  0x00000293281131b6:   00 00 80 02 1d 3e 93 02 00 00 00 00 00 00 00 00


Stack slot to memory mapping:

stack at sp + 0 slots: 0x000000d6c7efeae8 is pointing into the stack for thread: 0x000002930a9f9df0
stack at sp + 1 slots: 0x000002932791891c is at code_begin+156 in an Interpreter codelet
invokevirtual  182 invokevirtual  [0x0000029327918880, 0x0000029327918d78]  1272 bytes
stack at sp + 2 slots: 0x0000000000000001 is an unknown value
stack at sp + 3 slots: 0x000002932791a4d4 is at code_begin+84 in an Interpreter codelet
newarray  188 newarray  [0x000002932791a480, 0x000002932791a558]  216 bytes
stack at sp + 4 slots: 0x00000000000000bc is an unknown value
stack at sp + 5 slots: 0x0 is null
stack at sp + 6 slots: 0x000000d6c7efeae8 is pointing into the stack for thread: 0x000002930a9f9df0
stack at sp + 7 slots: 0x0000029327908948 is at code_begin+1608 in an Interpreter codelet
return entry points  [0x0000029327908300, 0x0000029327908f90]  3216 bytes

Lock stack of current Java thread (top to bottom):


Compiled method (c2) 6117 2642   !   4       java.nio.DirectByteBuffer::get (34 bytes)
 total in heap  [0x0000029328112f88,0x00000293281131c0] = 568
 relocation     [0x0000029328113060,0x0000029328113080] = 32
 main code      [0x0000029328113080,0x0000029328113158] = 216
 stub code      [0x0000029328113158,0x0000029328113170] = 24
 oops           [0x0000029328113170,0x0000029328113180] = 16
 metadata       [0x0000029328113180,0x00000293281131c0] = 64
 immutable data [0x000002930aee2dc0,0x000002930aee2e78] = 184
 dependencies   [0x000002930aee2dc0,0x000002930aee2dd8] = 24
 scopes pcs     [0x000002930aee2dd8,0x000002930aee2e28] = 80
 scopes data    [0x000002930aee2e28,0x000002930aee2e78] = 80

[Constant Pool (empty)]

[MachCode]
[Instructions begin]
  0x0000029328113080: 6690 448b | 5208 443b 

  0x0000029328113088: ;   {runtime_call Shared Runtime ic_miss_blob}
  0x0000029328113088: 5008 0f85 | d0b6 83ff 
[Verified Entry Point]
  0x0000029328113090: 8984 2400 | 80ff ff55 | 4883 ec30 | 4181 7f20 | 0300 0000 | 0f85 a000 | 0000 448b | 5a24 4585 
  0x00000293281130b0: db75 618b | 6a1c 85ed | 7c3e 443b | c573 1c4c | 8b52 104d | 63d8 430f | be04 1a48 | 83c4 305d 
  0x00000293281130d0: ;   {poll_return}
  0x00000293281130d0: 493b 6728 | 0f87 5a00 | 0000 c348 | 8954 2408 | 4489 4424 | 10ba e4ff 

  0x00000293281130e8: ;   {runtime_call UncommonTrapBlob}
  0x00000293281130e8: ffff 90e8 

  0x00000293281130ec: ; ImmutableOopMap {[8]=Oop }
                      ;*invokestatic checkIndex {reexecute=0 rethrow=0 return_oop=0}
                      ; - java.nio.Buffer::checkIndex@8 (line 767)
                      ; - java.nio.DirectByteBuffer::get@11 (line 340)
  0x00000293281130ec: f0ef 98ff 

  0x00000293281130f0: ;   {post_call_nop}
  0x00000293281130f0: 0f1f 8400 | 6801 0000 | 4889 5424 | 0844 8944 | 2410 bacc 

  0x0000029328113104: ;   {runtime_call UncommonTrapBlob}
  0x0000029328113104: ffff ffe8 

  0x0000029328113108: ; ImmutableOopMap {[8]=Oop }
                      ;*invokestatic checkIndex {reexecute=0 rethrow=0 return_oop=0}
                      ; - java.nio.Buffer::checkIndex@8 (line 767)
                      ; - java.nio.DirectByteBuffer::get@11 (line 340)
  0x0000029328113108: d4ef 98ff 

  0x000002932811310c: ;   {post_call_nop}
  0x000002932811310c: 0f1f 8400 | 8401 0001 | 4489 0424 | 4889 5424 | 0844 895c | 2404 ba4d 

  0x0000029328113124: ;   {runtime_call UncommonTrapBlob}
  0x0000029328113124: ffff ffe8 

  0x0000029328113128: ; ImmutableOopMap {[4]=NarrowOop [8]=Oop }
                      ;*ifnull {reexecute=1 rethrow=0 return_oop=0}
                      ; - (reexecute) java.nio.Buffer::session@4 (line 808)
                      ; - java.nio.DirectByteBuffer::get@4 (line 340)
  0x0000029328113128: b4ef 98ff 

  0x000002932811312c: ;   {post_call_nop}
  0x000002932811312c: 0f1f 8400 | a401 0002 

  0x0000029328113134: ;   {internal_word}
  0x0000029328113134: 49ba d030 | 1128 9302 | 0000 4d89 | 9760 0400 

  0x0000029328113144: ;   {runtime_call SafepointBlob}
  0x0000029328113144: 00e9 962b 

  0x0000029328113148: ;   {runtime_call StubRoutines (final stubs)}
  0x0000029328113148: 84ff e8b1 | 2782 ffe9 | 56ff ffff | f4f4 f4f4 
[Exception Handler]
  0x0000029328113158: ;   {no_reloc}
  0x0000029328113158: e983 e698 | ffe8 0000 | 0000 4883 

  0x0000029328113164: ;   {runtime_call DeoptimizationBlob}
  0x0000029328113164: 2c24 05e9 | 1421 84ff | f4f4 f4f4 
[/MachCode]


---------------  P R O C E S S  ---------------

Threads class SMR info:
_java_thread_list=0x000002930a4278e0, length=31, elements={
0x0000029315625610, 0x000002933a27e700, 0x000002933d314a90, 0x000002933d31ac30,
0x000002933d31b9c0, 0x000002933d31e4f0, 0x000002933d3297c0, 0x000002933d3324a0,
0x000002933d338230, 0x000002933d4edd90, 0x000002937fac0690, 0x000002937f80f680,
0x000002937fe39b80, 0x000002937fc8a5a0, 0x000002937fe66480, 0x0000029304777a60,
0x000002930483cb20, 0x0000029304953150, 0x00000293049538a0, 0x0000029305164390,
0x0000029305165230, 0x0000029305163c40, 0x00000293051634f0, 0x0000029305162650,
0x00000293051660d0, 0x0000029305169400, 0x000002930a9f8f50, 0x000002930a9f9df0,
0x000002930a9fa540, 0x000002930a9f7960, 0x000002930a9f96a0
}

Java Threads: ( => current thread )
  0x0000029315625610 JavaThread "main"                              [_thread_blocked, id=28624, stack(0x000000d6c6b00000,0x000000d6c6c00000) (1024K)]
  0x000002933a27e700 JavaThread "Reference Handler"          daemon [_thread_blocked, id=29532, stack(0x000000d6c7300000,0x000000d6c7400000) (1024K)]
  0x000002933d314a90 JavaThread "Finalizer"                  daemon [_thread_blocked, id=25224, stack(0x000000d6c7400000,0x000000d6c7500000) (1024K)]
  0x000002933d31ac30 JavaThread "Signal Dispatcher"          daemon [_thread_blocked, id=556, stack(0x000000d6c7500000,0x000000d6c7600000) (1024K)]
  0x000002933d31b9c0 JavaThread "Attach Listener"            daemon [_thread_blocked, id=25368, stack(0x000000d6c7600000,0x000000d6c7700000) (1024K)]
  0x000002933d31e4f0 JavaThread "Service Thread"             daemon [_thread_blocked, id=14028, stack(0x000000d6c7700000,0x000000d6c7800000) (1024K)]
  0x000002933d3297c0 JavaThread "Monitor Deflation Thread"   daemon [_thread_blocked, id=25172, stack(0x000000d6c7800000,0x000000d6c7900000) (1024K)]
  0x000002933d3324a0 JavaThread "C2 CompilerThread0"         daemon [_thread_blocked, id=18584, stack(0x000000d6c7900000,0x000000d6c7a00000) (1024K)]
  0x000002933d338230 JavaThread "C1 CompilerThread0"         daemon [_thread_blocked, id=472, stack(0x000000d6c7a00000,0x000000d6c7b00000) (1024K)]
  0x000002933d4edd90 JavaThread "Common-Cleaner"             daemon [_thread_blocked, id=23448, stack(0x000000d6c7c00000,0x000000d6c7d00000) (1024K)]
  0x000002937fac0690 JavaThread "Monitor Ctrl-Break"         daemon [_thread_in_native, id=19712, stack(0x000000d6c8400000,0x000000d6c8500000) (1024K)]
  0x000002937f80f680 JavaThread "Notification Thread"        daemon [_thread_blocked, id=26196, stack(0x000000d6c8500000,0x000000d6c8600000) (1024K)]
  0x000002937fe39b80 JavaThread "RMI TCP Accept-0"           daemon [_thread_in_native, id=28864, stack(0x000000d6c8600000,0x000000d6c8700000) (1024K)]
  0x000002937fc8a5a0 JavaThread "QuantumRenderer-0"          daemon [_thread_blocked, id=9504, stack(0x000000d6c8700000,0x000000d6c8800000) (1024K)]
  0x000002937fe66480 JavaThread "RMI TCP Connection(1)-192.168.100.153" daemon [_thread_in_native, id=22280, stack(0x000000d6c8800000,0x000000d6c8900000) (1024K)]
  0x0000029304777a60 JavaThread "RMI Scheduler(0)"           daemon [_thread_blocked, id=3632, stack(0x000000d6c8900000,0x000000d6c8a00000) (1024K)]
  0x000002930483cb20 JavaThread "JMX server connection timeout 41" daemon [_thread_blocked, id=29584, stack(0x000000d6c8a00000,0x000000d6c8b00000) (1024K)]
  0x0000029304953150 JavaThread "InvokeLaterDispatcher"      daemon [_thread_blocked, id=8844, stack(0x000000d6c8b00000,0x000000d6c8c00000) (1024K)]
  0x00000293049538a0 JavaThread "JavaFX Application Thread"         [_thread_blocked, id=26560, stack(0x000000d6c8c00000,0x000000d6c8d00000) (1024K)]
  0x0000029305164390 JavaThread "JavaFX-Launcher"                   [_thread_blocked, id=24652, stack(0x000000d6cb000000,0x000000d6cb100000) (1024K)]
  0x0000029305165230 JavaThread "Thread-2"                   daemon [_thread_in_native, id=16936, stack(0x000000d6caf00000,0x000000d6cb000000) (1024K)]
  0x0000029305163c40 JavaThread "Grizzly(1) SelectorRunner"  daemon [_thread_in_native, id=24252, stack(0x000000d6cb100000,0x000000d6cb200000) (1024K)]
  0x00000293051634f0 JavaThread "Grizzly(1)"                 daemon [_thread_blocked, id=26764, stack(0x000000d6cb200000,0x000000d6cb300000) (1024K)]
  0x0000029305162650 JavaThread "Grizzly(2)"                 daemon [_thread_blocked, id=9748, stack(0x000000d6cb300000,0x000000d6cb400000) (1024K)]
  0x00000293051660d0 JavaThread "tyrus-1-thread-1"           daemon [_thread_blocked, id=29220, stack(0x000000d6cb500000,0x000000d6cb600000) (1024K)]
  0x0000029305169400 JavaThread "Prism Font Disposer"        daemon [_thread_blocked, id=24616, stack(0x000000d6cb900000,0x000000d6cba00000) (1024K)]
  0x000002930a9f8f50 JavaThread "tyrus-1-thread-2"           daemon [_thread_blocked, id=29236, stack(0x000000d6c7d00000,0x000000d6c7e00000) (1024K)]
=>0x000002930a9f9df0 JavaThread "pool-2-thread-1"                   [_thread_in_Java, id=19892, stack(0x000000d6c7e00000,0x000000d6c7f00000) (1024K)]
  0x000002930a9fa540 JavaThread "Cleaner-0"                  daemon [_thread_blocked, id=4224, stack(0x000000d6c8300000,0x000000d6c8400000) (1024K)]
  0x000002930a9f7960 JavaThread "JavaCPP Deallocator"        daemon [_thread_blocked, id=27684, stack(0x000000d6cbe00000,0x000000d6cbf00000) (1024K)]
  0x000002930a9f96a0 JavaThread "tyrus-1-thread-3"           daemon [_thread_blocked, id=14536, stack(0x000000d6ccc00000,0x000000d6ccd00000) (1024K)]
Total: 31

Other Threads:
  0x000002933a2728f0 VMThread "VM Thread"                           [id=28816, stack(0x000000d6c7200000,0x000000d6c7300000) (1024K)]
  0x000002933a2649b0 WatcherThread "VM Periodic Task Thread"        [id=29348, stack(0x000000d6c7100000,0x000000d6c7200000) (1024K)]
  0x000002933a0bfa10 WorkerThread "GC Thread#0"                     [id=13984, stack(0x000000d6c6c00000,0x000000d6c6d00000) (1024K)]
  0x0000029304a83c10 WorkerThread "GC Thread#1"                     [id=28308, stack(0x000000d6ca400000,0x000000d6ca500000) (1024K)]
  0x0000029304a87710 WorkerThread "GC Thread#2"                     [id=3936, stack(0x000000d6ca500000,0x000000d6ca600000) (1024K)]
  0x0000029304a86c00 WorkerThread "GC Thread#3"                     [id=3884, stack(0x000000d6ca600000,0x000000d6ca700000) (1024K)]
  0x0000029304a86850 WorkerThread "GC Thread#4"                     [id=9116, stack(0x000000d6ca700000,0x000000d6ca800000) (1024K)]
  0x0000029304a84720 WorkerThread "GC Thread#5"                     [id=27116, stack(0x000000d6ca800000,0x000000d6ca900000) (1024K)]
  0x0000029304a85990 WorkerThread "GC Thread#6"                     [id=28812, stack(0x000000d6ca900000,0x000000d6caa00000) (1024K)]
  0x0000029304a83fc0 WorkerThread "GC Thread#7"                     [id=26544, stack(0x000000d6caa00000,0x000000d6cab00000) (1024K)]
  0x0000029304a85d40 WorkerThread "GC Thread#8"                     [id=29024, stack(0x000000d6cab00000,0x000000d6cac00000) (1024K)]
  0x0000029304a84ad0 WorkerThread "GC Thread#9"                     [id=17796, stack(0x000000d6cac00000,0x000000d6cad00000) (1024K)]
  0x0000029304a84e80 WorkerThread "GC Thread#10"                    [id=13348, stack(0x000000d6cad00000,0x000000d6cae00000) (1024K)]
  0x0000029304a864a0 WorkerThread "GC Thread#11"                    [id=26380, stack(0x000000d6cae00000,0x000000d6caf00000) (1024K)]
  0x000002930aaeae10 WorkerThread "GC Thread#12"                    [id=12692, stack(0x000000d6c7f00000,0x000000d6c8000000) (1024K)]
  0x000002930aaeb570 WorkerThread "GC Thread#13"                    [id=12676, stack(0x000000d6cbf00000,0x000000d6cc000000) (1024K)]
  0x000002930aaeb920 WorkerThread "GC Thread#14"                    [id=28784, stack(0x000000d6cc000000,0x000000d6cc100000) (1024K)]
  0x0000029317ca9770 ConcurrentGCThread "G1 Main Marker"            [id=17384, stack(0x000000d6c6d00000,0x000000d6c6e00000) (1024K)]
  0x0000029317ca9f30 WorkerThread "G1 Conc#0"                       [id=5932, stack(0x000000d6c6e00000,0x000000d6c6f00000) (1024K)]
  0x000002930aae9090 WorkerThread "G1 Conc#1"                       [id=15884, stack(0x000000d6c8000000,0x000000d6c8100000) (1024K)]
  0x000002930aae9440 WorkerThread "G1 Conc#2"                       [id=15500, stack(0x000000d6c8100000,0x000000d6c8200000) (1024K)]
  0x000002930aae8580 WorkerThread "G1 Conc#3"                       [id=29616, stack(0x000000d6c8200000,0x000000d6c8300000) (1024K)]
  0x000002933a1b0900 ConcurrentGCThread "G1 Refine#0"               [id=28436, stack(0x000000d6c6f00000,0x000000d6c7000000) (1024K)]
  0x000002933a1b1320 ConcurrentGCThread "G1 Service"                [id=16788, stack(0x000000d6c7000000,0x000000d6c7100000) (1024K)]
Total: 24

Threads with active compile tasks:
Total: 0

VM state: not at safepoint (normal execution)

VM Mutex/Monitor currently owned by a thread: None

Heap address: 0x0000000603800000, size: 8136 MB, Compressed Oops mode: Zero based, Oop shift amount: 3

CDS archive(s) mapped at: [0x000002933e000000-0x000002933ed40000-0x000002933ed40000), size 13893632, SharedBaseAddress: 0x000002933e000000, ArchiveRelocationMode: 1.
Compressed class space mapped at: 0x000002933f000000-0x000002937f000000, reserved size: 1073741824
UseCompressedClassPointers 1, UseCompactObjectHeaders 0
Narrow klass pointer bits 32, Max shift 3
Narrow klass base: 0x000002933e000000, Narrow klass shift: 0
Encoding Range: [0x000002933e000000 - 0x000002943e000000), (4294967296 bytes)
Klass Range:    [0x000002933e000000 - 0x000002937f000000), (1090519040 bytes)
Klass ID Range:  [8 - 1090519033) (1090519025)

GC Precious Log:
 CardTable entry size: 512
 Card Set container configuration: InlinePtr #cards 4 size 8 Array Of Cards #cards 32 size 80 Howl #buckets 8 coarsen threshold 7372 Howl Bitmap #cards 1024 size 144 coarsen threshold 921 Card regions per heap region 1 cards per card region 8192
 CPUs: 20 total, 20 available
 Memory: 32535M
 Large Page Support: Disabled
 NUMA Support: Disabled
 Compressed Oops: Enabled (Zero based)
 Heap Region Size: 4M
 Heap Min Capacity: 8M
 Heap Initial Capacity: 512M
 Heap Max Capacity: 8136M
 Pre-touch: Disabled
 Parallel Workers: 15
 Concurrent Workers: 4
 Concurrent Refinement Workers: 15
 Periodic GC: Disabled

Heap:
 garbage-first heap   total reserved 8331264K, committed 86016K, used 37804K [0x0000000603800000, 0x0000000800000000)
  region size 4096K, 10 young (40960K), 4 survivors (16384K)
 Metaspace       used 23800K, committed 24064K, reserved 1114112K
  class space    used 2584K, committed 2688K, reserved 1048576K

Heap Regions: E=young(eden), S=young(survivor), O=old, HS=humongous(starts), HC=humongous(continues), CS=collection set, F=free, TAMS=top-at-mark-start, PB=parsable bottom
|   0|0x0000000603800000, 0x0000000603800000, 0x0000000603c00000|  0%| F|  |TAMS 0x0000000603800000| PB 0x0000000603800000| Untracked |  0
|   1|0x0000000603c00000, 0x0000000603c00000, 0x0000000604000000|  0%| F|  |TAMS 0x0000000603c00000| PB 0x0000000603c00000| Untracked |  0
|   2|0x0000000604000000, 0x0000000604000000, 0x0000000604400000|  0%| F|  |TAMS 0x0000000604000000| PB 0x0000000604000000| Untracked |  0
|   3|0x0000000604400000, 0x0000000604400000, 0x0000000604800000|  0%| F|  |TAMS 0x0000000604400000| PB 0x0000000604400000| Untracked |  0
|   4|0x0000000604800000, 0x0000000604800000, 0x0000000604c00000|  0%| F|  |TAMS 0x0000000604800000| PB 0x0000000604800000| Untracked |  0
|   5|0x0000000604c00000, 0x0000000604c00000, 0x0000000605000000|  0%| F|  |TAMS 0x0000000604c00000| PB 0x0000000604c00000| Untracked |  0
|   6|0x0000000605000000, 0x0000000605000000, 0x0000000605400000|  0%| F|  |TAMS 0x0000000605000000| PB 0x0000000605000000| Untracked |  0
|   7|0x0000000605400000, 0x0000000605400000, 0x0000000605800000|  0%| F|  |TAMS 0x0000000605400000| PB 0x0000000605400000| Untracked |  0
|   8|0x0000000605800000, 0x0000000605800000, 0x0000000605c00000|  0%| F|  |TAMS 0x0000000605800000| PB 0x0000000605800000| Untracked |  0
|   9|0x0000000605c00000, 0x0000000605c00000, 0x0000000606000000|  0%| F|  |TAMS 0x0000000605c00000| PB 0x0000000605c00000| Untracked |  0
|  10|0x0000000606000000, 0x0000000606400000, 0x0000000606400000|100%| S|CS|TAMS 0x0000000606000000| PB 0x0000000606000000| Complete |  0
|  11|0x0000000606400000, 0x0000000606800000, 0x0000000606800000|100%| S|CS|TAMS 0x0000000606400000| PB 0x0000000606400000| Complete |  0
|  12|0x0000000606800000, 0x0000000606c00000, 0x0000000606c00000|100%| S|CS|TAMS 0x0000000606800000| PB 0x0000000606800000| Complete |  0
|  13|0x0000000606c00000, 0x0000000606fcdf18, 0x0000000607000000| 95%| S|CS|TAMS 0x0000000606c00000| PB 0x0000000606c00000| Complete |  0
| 108|0x000000061e800000, 0x000000061eaae738, 0x000000061ec00000| 67%| E|  |TAMS 0x000000061e800000| PB 0x000000061e800000| Complete |  0
| 109|0x000000061ec00000, 0x000000061f000000, 0x000000061f000000|100%| E|CS|TAMS 0x000000061ec00000| PB 0x000000061ec00000| Complete |  0
| 110|0x000000061f000000, 0x000000061f400000, 0x000000061f400000|100%| E|CS|TAMS 0x000000061f000000| PB 0x000000061f000000| Complete |  0
| 111|0x000000061f400000, 0x000000061f800000, 0x000000061f800000|100%| E|CS|TAMS 0x000000061f400000| PB 0x000000061f400000| Complete |  0
| 126|0x0000000623000000, 0x0000000623400000, 0x0000000623400000|100%| E|CS|TAMS 0x0000000623000000| PB 0x0000000623000000| Complete |  0
| 127|0x0000000623400000, 0x0000000623800000, 0x0000000623800000|100%| E|CS|TAMS 0x0000000623400000| PB 0x0000000623400000| Complete |  0
|2033|0x00000007ffc00000, 0x00000007ffd1d1c0, 0x0000000800000000| 27%| O|Cm|TAMS 0x00000007ffc00000| PB 0x00000007ffc00000| Complete |  0

Card table byte_map: [0x0000029331060000,0x0000029332050000] _byte_map_base: 0x000002932e044000

Marking Bits: (CMBitMap*) 0x000002933a0c0120
 Bits: [0x0000029332050000, 0x0000029339f70000)

Polling page: 0x00000293171c0000

Metaspace:

Usage:
  Non-class:     20.72 MB used.
      Class:      2.52 MB used.
       Both:     23.24 MB used.

Virtual space:
  Non-class space:       64.00 MB reserved,      20.88 MB ( 33%) committed,  1 nodes.
      Class space:        1.00 GB reserved,       2.62 MB ( <1%) committed,  1 nodes.
             Both:        1.06 GB reserved,      23.50 MB (  2%) committed. 

Chunk freelists:
   Non-Class:  10.19 MB
       Class:  13.31 MB
        Both:  23.50 MB

MaxMetaspaceSize: unlimited
CompressedClassSpaceSize: 1.00 GB
Initial GC threshold: 21.00 MB
Current GC threshold: 35.25 MB
CDS: on
 - commit_granule_bytes: 65536.
 - commit_granule_words: 8192.
 - virtual_space_node_default_size: 8388608.
 - enlarge_chunks_in_place: 1.
UseCompressedClassPointers 1, UseCompactObjectHeaders 0
Narrow klass pointer bits 32, Max shift 3
Narrow klass base: 0x000002933e000000, Narrow klass shift: 0
Encoding Range: [0x000002933e000000 - 0x000002943e000000), (4294967296 bytes)
Klass Range:    [0x000002933e000000 - 0x000002937f000000), (1090519040 bytes)
Klass ID Range:  [8 - 1090519033) (1090519025)


Internal statistics:

num_allocs_failed_limit: 3.
num_arena_births: 330.
num_arena_deaths: 0.
num_vsnodes_births: 2.
num_vsnodes_deaths: 0.
num_space_committed: 376.
num_space_uncommitted: 0.
num_chunks_returned_to_freelist: 3.
num_chunks_taken_from_freelist: 914.
num_chunk_merges: 3.
num_chunk_splits: 643.
num_chunks_enlarged: 497.
num_inconsistent_stats: 0.

CodeHeap 'non-profiled nmethods': size=119232Kb used=1370Kb max_used=1370Kb free=117862Kb
 bounds [0x0000029328040000, 0x00000293282b0000, 0x000002932f4b0000]
CodeHeap 'profiled nmethods': size=119104Kb used=6284Kb max_used=6284Kb free=112820Kb
 bounds [0x00000293204b0000, 0x0000029320ae0000, 0x0000029327900000]
CodeHeap 'non-nmethods': size=7424Kb used=1708Kb max_used=3583Kb free=5716Kb
 bounds [0x0000029327900000, 0x0000029327cd0000, 0x0000029328040000]
CodeCache: size=245760Kb, used=9362Kb, max_used=11237Kb, free=236398Kb
 total_blobs=4489, nmethods=3612, adapters=782, full_count=0
Compilation: enabled, stopped_count=0, restarted_count=0

Compilation events (20 events):
Event: 5.785 Thread 0x000002933d338230 3602       3       java.nio.ByteBuffer::rewind (7 bytes)
Event: 5.785 Thread 0x000002933d338230 nmethod 3602 0x0000029320acf588 code [0x0000029320acf6a0, 0x0000029320acf810]
Event: 5.807 Thread 0x000002933d338230 3603       3       java.io.ObjectInputStream$BlockDataInputStream::peekByte (20 bytes)
Event: 5.808 Thread 0x000002933d338230 nmethod 3603 0x0000029320acf888 code [0x0000029320acf9c0, 0x0000029320acfc10]
Event: 5.808 Thread 0x000002933d338230 3604       3       java.io.ObjectInputStream$BlockDataInputStream::peek (55 bytes)
Event: 5.808 Thread 0x000002933d338230 nmethod 3604 0x0000029320acfc88 code [0x0000029320acfde0, 0x0000029320ad00b0]
Event: 5.809 Thread 0x000002933d338230 3605       3       java.io.ObjectOutputStream::writeByte (9 bytes)
Event: 5.809 Thread 0x000002933d338230 nmethod 3605 0x0000029320ad0108 code [0x0000029320ad0220, 0x0000029320ad03e0]
Event: 5.809 Thread 0x000002933d338230 3606       3       java.io.ClassCache::get (56 bytes)
Event: 5.809 Thread 0x000002933d338230 nmethod 3606 0x0000029320ad0408 code [0x0000029320ad0600, 0x0000029320ad1210]
Event: 5.809 Thread 0x000002933d338230 3607       3       java.io.ObjectOutputStream::writeClassDesc (60 bytes)
Event: 5.809 Thread 0x000002933d338230 nmethod 3607 0x0000029320ad1288 code [0x0000029320ad1460, 0x0000029320ad1d98]
Event: 5.993 Thread 0x000002933d338230 3608       3       java.nio.MappedByteBuffer::limit (8 bytes)
Event: 5.994 Thread 0x000002933d338230 nmethod 3608 0x0000029320ad1e08 code [0x0000029320ad1f20, 0x0000029320ad20c8]
Event: 5.994 Thread 0x000002933d338230 3609       3       java.io.ObjectInputStream$HandleTable::lookupException (29 bytes)
Event: 5.994 Thread 0x000002933d338230 nmethod 3609 0x0000029320ad2108 code [0x0000029320ad2240, 0x0000029320ad2518]
Event: 6.050 Thread 0x000002933d338230 3610       3       jdk.internal.misc.Unsafe::weakCompareAndSetInt (11 bytes)
Event: 6.050 Thread 0x000002933d338230 nmethod 3610 0x0000029320ad2588 code [0x0000029320ad26a0, 0x0000029320ad27c0]
Event: 6.055 Thread 0x000002933d338230 3611       1       jdk.internal.loader.NativeLibraries$CountedLock::getCounter (5 bytes)
Event: 6.055 Thread 0x000002933d338230 nmethod 3611 0x0000029328196508 code [0x0000029328196600, 0x00000293281966c8]

GC Heap History (6 events):
Event: 0.509 GC heap before
{Heap before GC invocations=0 (full 0):
 garbage-first heap   total reserved 8331264K, committed 528384K, used 50292K [0x0000000603800000, 0x0000000800000000)
  region size 4096K, 12 young (49152K), 0 survivors (0K)
 Metaspace       used 8385K, committed 8640K, reserved 1114112K
  class space    used 740K, committed 832K, reserved 1048576K
}
Event: 0.512 GC heap after
{Heap after GC invocations=1 (full 0):
 garbage-first heap   total reserved 8331264K, committed 528384K, used 8937K [0x0000000603800000, 0x0000000800000000)
  region size 4096K, 2 young (8192K), 2 survivors (8192K)
 Metaspace       used 8385K, committed 8640K, reserved 1114112K
  class space    used 740K, committed 832K, reserved 1048576K
}
Event: 2.827 GC heap before
{Heap before GC invocations=1 (full 0):
 garbage-first heap   total reserved 8331264K, committed 528384K, used 62185K [0x0000000603800000, 0x0000000800000000)
  region size 4096K, 16 young (65536K), 2 survivors (8192K)
 Metaspace       used 21205K, committed 21504K, reserved 1114112K
  class space    used 2277K, committed 2432K, reserved 1048576K
}
Event: 2.834 GC heap after
{Heap after GC invocations=2 (full 0):
 garbage-first heap   total reserved 8331264K, committed 528384K, used 14693K [0x0000000603800000, 0x0000000800000000)
  region size 4096K, 4 young (16384K), 4 survivors (16384K)
 Metaspace       used 21205K, committed 21504K, reserved 1114112K
  class space    used 2277K, committed 2432K, reserved 1048576K
}
Event: 3.115 GC heap before
{Heap before GC invocations=3 (full 0):
 garbage-first heap   total reserved 8331264K, committed 69632K, used 63845K [0x0000000603800000, 0x0000000800000000)
  region size 4096K, 16 young (65536K), 4 survivors (16384K)
 Metaspace       used 23445K, committed 23744K, reserved 1114112K
  class space    used 2561K, committed 2688K, reserved 1048576K
}
Event: 3.119 GC heap after
{Heap after GC invocations=4 (full 0):
 garbage-first heap   total reserved 8331264K, committed 86016K, used 17324K [0x0000000603800000, 0x0000000800000000)
  region size 4096K, 4 young (16384K), 4 survivors (16384K)
 Metaspace       used 23445K, committed 23744K, reserved 1114112K
  class space    used 2561K, committed 2688K, reserved 1048576K
}

Dll operation events (20 events):
Event: 2.926 Loaded shared library C:\Users\Gandeevan\.javacpp\cache\javacpp-1.5.8-windows-x86_64.jar\org\bytedeco\javacpp\windows-x86_64\msvcp140.dll
Event: 2.927 Loaded shared library C:\Users\Gandeevan\.javacpp\cache\javacpp-1.5.8-windows-x86_64.jar\org\bytedeco\javacpp\windows-x86_64\msvcp140_1.dll
Event: 2.929 Loaded shared library C:\Users\Gandeevan\.javacpp\cache\javacpp-1.5.8-windows-x86_64.jar\org\bytedeco\javacpp\windows-x86_64\concrt140.dll
Event: 2.930 Loaded shared library C:\Users\Gandeevan\.javacpp\cache\javacpp-1.5.8-windows-x86_64.jar\org\bytedeco\javacpp\windows-x86_64\vcomp140.dll
Event: 2.932 Loaded shared library C:\Users\Gandeevan\.javacpp\cache\javacpp-1.5.8-windows-x86_64.jar\org\bytedeco\javacpp\windows-x86_64\jnijavacpp.dll
Event: 2.949 Loaded shared library C:\Users\Gandeevan\.javacpp\cache\ffmpeg-5.1.2-1.5.8-windows-x86_64.jar\org\bytedeco\ffmpeg\windows-x86_64\avutil-57.dll
Event: 2.954 Loaded shared library C:\Users\Gandeevan\.javacpp\cache\ffmpeg-5.1.2-1.5.8-windows-x86_64.jar\org\bytedeco\ffmpeg\windows-x86_64\jniavutil.dll
Event: 2.997 Loaded shared library C:\Users\Gandeevan\.javacpp\cache\ffmpeg-5.1.2-1.5.8-windows-x86_64.jar\org\bytedeco\ffmpeg\windows-x86_64\swresample-4.dll
Event: 3.003 Loaded shared library C:\Users\Gandeevan\.javacpp\cache\ffmpeg-5.1.2-1.5.8-windows-x86_64.jar\org\bytedeco\ffmpeg\windows-x86_64\jniswresample.dll
Event: 3.019 Loaded shared library C:\Users\Gandeevan\.javacpp\cache\ffmpeg-5.1.2-1.5.8-windows-x86_64.jar\org\bytedeco\ffmpeg\windows-x86_64\avcodec-59.dll
Event: 3.024 Loaded shared library C:\Users\Gandeevan\.javacpp\cache\ffmpeg-5.1.2-1.5.8-windows-x86_64.jar\org\bytedeco\ffmpeg\windows-x86_64\jniavcodec.dll
Event: 3.038 Loaded shared library C:\Users\Gandeevan\.javacpp\cache\ffmpeg-5.1.2-1.5.8-windows-x86_64.jar\org\bytedeco\ffmpeg\windows-x86_64\avformat-59.dll
Event: 3.043 Loaded shared library C:\Users\Gandeevan\.javacpp\cache\ffmpeg-5.1.2-1.5.8-windows-x86_64.jar\org\bytedeco\ffmpeg\windows-x86_64\jniavformat.dll
Event: 3.055 Loaded shared library C:\Users\Gandeevan\.javacpp\cache\ffmpeg-5.1.2-1.5.8-windows-x86_64.jar\org\bytedeco\ffmpeg\windows-x86_64\swscale-6.dll
Event: 3.060 Loaded shared library C:\Users\Gandeevan\.javacpp\cache\ffmpeg-5.1.2-1.5.8-windows-x86_64.jar\org\bytedeco\ffmpeg\windows-x86_64\jniswscale.dll
Event: 3.080 Loaded shared library C:\Users\Gandeevan\.javacpp\cache\ffmpeg-5.1.2-1.5.8-windows-x86_64.jar\org\bytedeco\ffmpeg\windows-x86_64\avfilter-8.dll
Event: 3.084 Loaded shared library C:\Users\Gandeevan\.javacpp\cache\ffmpeg-5.1.2-1.5.8-windows-x86_64.jar\org\bytedeco\ffmpeg\windows-x86_64\jniavfilter.dll
Event: 3.093 Loaded shared library C:\Users\Gandeevan\.javacpp\cache\ffmpeg-5.1.2-1.5.8-windows-x86_64.jar\org\bytedeco\ffmpeg\windows-x86_64\avdevice-59.dll
Event: 3.097 Loaded shared library C:\Users\Gandeevan\.javacpp\cache\ffmpeg-5.1.2-1.5.8-windows-x86_64.jar\org\bytedeco\ffmpeg\windows-x86_64\jniavdevice.dll
Event: 6.052 Loaded shared library C:\Program Files\Java\jdk-24\bin\awt.dll

Deoptimization events (20 events):
Event: 2.901 Thread 0x000002930a9f9df0 DEOPT PACKING pc=0x00000293208f5d70 sp=0x000000d6c7efd370
Event: 2.901 Thread 0x000002930a9f9df0 DEOPT UNPACKING pc=0x0000029327955722 sp=0x000000d6c7efc878 mode 0
Event: 2.943 Thread 0x000002930a9f9df0 Uncommon trap: trap_request=0xffffff4d fr.pc=0x00000293280789dc relative=0x000000000000005c
Event: 2.943 Thread 0x000002930a9f9df0 Uncommon trap: reason=unstable_if action=reinterpret pc=0x00000293280789dc method=java.io.WinNTFileSystem.isSlash(C)Z @ 9 c2
Event: 2.943 Thread 0x000002930a9f9df0 DEOPT PACKING pc=0x00000293280789dc sp=0x000000d6c7efd350
Event: 2.943 Thread 0x000002930a9f9df0 DEOPT UNPACKING pc=0x0000029327aa2182 sp=0x000000d6c7efd2c8 mode 2
Event: 2.987 Thread 0x000002930a9f9df0 DEOPT PACKING pc=0x0000029320935a68 sp=0x000000d6c7efdb80
Event: 2.987 Thread 0x000002930a9f9df0 DEOPT UNPACKING pc=0x0000029327955722 sp=0x000000d6c7efcff0 mode 0
Event: 2.989 Thread 0x000002930a9f9df0 DEOPT PACKING pc=0x00000293209bdfe5 sp=0x000000d6c7efdd50
Event: 2.989 Thread 0x000002930a9f9df0 DEOPT UNPACKING pc=0x0000029327955722 sp=0x000000d6c7efd238 mode 0
Event: 2.990 Thread 0x000002930a9f9df0 DEOPT PACKING pc=0x0000029320935a68 sp=0x000000d6c7efdb80
Event: 2.990 Thread 0x000002930a9f9df0 DEOPT UNPACKING pc=0x0000029327955722 sp=0x000000d6c7efcff0 mode 0
Event: 3.018 Thread 0x000002930a9f9df0 Uncommon trap: trap_request=0xffffff4d fr.pc=0x000002932815c208 relative=0x0000000000000bc8
Event: 3.018 Thread 0x000002930a9f9df0 Uncommon trap: reason=unstable_if action=reinterpret pc=0x000002932815c208 method=jdk.internal.jimage.ImageStringsReader.stringFromByteBufferMatches(Ljava/nio/ByteBuffer;ILjava/lang/String;I)I @ 48 c2
Event: 3.018 Thread 0x000002930a9f9df0 DEOPT PACKING pc=0x000002932815c208 sp=0x000000d6c7efd3a0
Event: 3.018 Thread 0x000002930a9f9df0 DEOPT UNPACKING pc=0x0000029327aa2182 sp=0x000000d6c7efd0d8 mode 2
Event: 3.125 Thread 0x000002930a9f9df0 Uncommon trap: trap_request=0xffffffe4 fr.pc=0x00000293281770b0 relative=0x0000000000000670
Event: 3.125 Thread 0x000002930a9f9df0 Uncommon trap: reason=range_check action=make_not_entrant pc=0x00000293281770b0 method=java.util.zip.ZipUtils.get16([BI)I @ 18 c2
Event: 3.125 Thread 0x000002930a9f9df0 DEOPT PACKING pc=0x00000293281770b0 sp=0x000000d6c7efdba0
Event: 3.125 Thread 0x000002930a9f9df0 DEOPT UNPACKING pc=0x0000029327aa2182 sp=0x000000d6c7efda90 mode 2

Classes loaded (20 events):
Event: 6.054 Loading class sun/java2d/StateTrackable done
Event: 6.054 Loading class sun/java2d/StateTrackableDelegate done
Event: 6.054 Loading class sun/java2d/StateTrackableDelegate$2
Event: 6.054 Loading class sun/java2d/StateTrackableDelegate$2 done
Event: 6.055 Loading class java/awt/image/PixelInterleavedSampleModel
Event: 6.055 Loading class java/awt/image/PixelInterleavedSampleModel done
Event: 6.055 Loading class sun/awt/image/ByteInterleavedRaster
Event: 6.055 Loading class sun/awt/image/ByteComponentRaster
Event: 6.055 Loading class sun/awt/image/ByteComponentRaster done
Event: 6.055 Loading class sun/awt/image/ByteInterleavedRaster done
Event: 6.055 Loading class sun/awt/image/NativeLibLoader
Event: 6.055 Loading class sun/awt/image/NativeLibLoader done
Event: 6.055 Loading class java/awt/Rectangle
Event: 6.055 Loading class java/awt/Shape
Event: 6.055 Loading class java/awt/Shape done
Event: 6.056 Loading class java/awt/geom/Rectangle2D
Event: 6.056 Loading class java/awt/geom/RectangularShape
Event: 6.056 Loading class java/awt/geom/RectangularShape done
Event: 6.056 Loading class java/awt/geom/Rectangle2D done
Event: 6.056 Loading class java/awt/Rectangle done

Classes unloaded (0 events):
No events

Classes redefined (0 events):
No events

Internal exceptions (20 events):
Event: 3.094 Thread 0x000002930a9f9df0 Exception <a 'sun/nio/fs/WindowsException'{0x0000000603a4c390}> (0x0000000603a4c390) 
thrown [s\open\src\hotspot\share\prims\jni.cpp, line 518]
Event: 3.094 Thread 0x000002930a9f9df0 Exception <a 'sun/nio/fs/WindowsException'{0x0000000603a4dd48}> (0x0000000603a4dd48) 
thrown [s\open\src\hotspot\share\prims\jni.cpp, line 518]
Event: 3.094 Thread 0x000002930a9f9df0 Exception <a 'sun/nio/fs/WindowsException'{0x0000000603a4f5d0}> (0x0000000603a4f5d0) 
thrown [s\open\src\hotspot\share\prims\jni.cpp, line 518]
Event: 3.094 Thread 0x000002930a9f9df0 Exception <a 'sun/nio/fs/WindowsException'{0x0000000603a56390}> (0x0000000603a56390) 
thrown [s\open\src\hotspot\share\prims\jni.cpp, line 518]
Event: 3.095 Thread 0x000002930a9f9df0 Exception <a 'sun/nio/fs/WindowsException'{0x0000000603a57ea8}> (0x0000000603a57ea8) 
thrown [s\open\src\hotspot\share\prims\jni.cpp, line 518]
Event: 3.095 Thread 0x000002930a9f9df0 Exception <a 'sun/nio/fs/WindowsException'{0x0000000603a598e8}> (0x0000000603a598e8) 
thrown [s\open\src\hotspot\share\prims\jni.cpp, line 518]
Event: 3.095 Thread 0x000002930a9f9df0 Exception <a 'sun/nio/fs/WindowsException'{0x0000000603a5b2b0}> (0x0000000603a5b2b0) 
thrown [s\open\src\hotspot\share\prims\jni.cpp, line 518]
Event: 3.095 Thread 0x000002930a9f9df0 Exception <a 'sun/nio/fs/WindowsException'{0x0000000603a5cb58}> (0x0000000603a5cb58) 
thrown [s\open\src\hotspot\share\prims\jni.cpp, line 518]
Event: 3.095 Thread 0x000002930a9f9df0 Exception <a 'sun/nio/fs/WindowsException'{0x0000000603a638f8}> (0x0000000603a638f8) 
thrown [s\open\src\hotspot\share\prims\jni.cpp, line 518]
Event: 3.095 Thread 0x000002930a9f9df0 Exception <a 'sun/nio/fs/WindowsException'{0x0000000603a653e0}> (0x0000000603a653e0) 
thrown [s\open\src\hotspot\share\prims\jni.cpp, line 518]
Event: 3.095 Thread 0x000002930a9f9df0 Exception <a 'sun/nio/fs/WindowsException'{0x0000000603a66de8}> (0x0000000603a66de8) 
thrown [s\open\src\hotspot\share\prims\jni.cpp, line 518]
Event: 3.095 Thread 0x000002930a9f9df0 Exception <a 'sun/nio/fs/WindowsException'{0x0000000603a68780}> (0x0000000603a68780) 
thrown [s\open\src\hotspot\share\prims\jni.cpp, line 518]
Event: 3.095 Thread 0x000002930a9f9df0 Exception <a 'sun/nio/fs/WindowsException'{0x0000000603a6a008}> (0x0000000603a6a008) 
thrown [s\open\src\hotspot\share\prims\jni.cpp, line 518]
Event: 3.096 Thread 0x000002930a9f9df0 Exception <a 'sun/nio/fs/WindowsException'{0x0000000603a76888}> (0x0000000603a76888) 
thrown [s\open\src\hotspot\share\prims\jni.cpp, line 518]
Event: 3.096 Thread 0x000002930a9f9df0 Exception <a 'sun/nio/fs/WindowsException'{0x0000000603a783a0}> (0x0000000603a783a0) 
thrown [s\open\src\hotspot\share\prims\jni.cpp, line 518]
Event: 3.096 Thread 0x000002930a9f9df0 Exception <a 'sun/nio/fs/WindowsException'{0x0000000603a79de8}> (0x0000000603a79de8) 
thrown [s\open\src\hotspot\share\prims\jni.cpp, line 518]
Event: 3.096 Thread 0x000002930a9f9df0 Exception <a 'sun/nio/fs/WindowsException'{0x0000000603a7b7b0}> (0x0000000603a7b7b0) 
thrown [s\open\src\hotspot\share\prims\jni.cpp, line 518]
Event: 3.096 Thread 0x000002930a9f9df0 Exception <a 'sun/nio/fs/WindowsException'{0x0000000603a7d078}> (0x0000000603a7d078) 
thrown [s\open\src\hotspot\share\prims\jni.cpp, line 518]
Event: 3.096 Thread 0x000002930a9f9df0 Exception <a 'sun/nio/fs/WindowsException'{0x0000000603a88c70}> (0x0000000603a88c70) 
thrown [s\open\src\hotspot\share\prims\jni.cpp, line 518]
Event: 3.096 Thread 0x000002930a9f9df0 Exception <a 'sun/nio/fs/WindowsException'{0x0000000603a8a778}> (0x0000000603a8a778) 
thrown [s\open\src\hotspot\share\prims\jni.cpp, line 518]

VM Operations (20 events):
Event: 0.564 Executing VM operation: HandshakeAllThreads (Deoptimize)
Event: 0.564 Executing VM operation: HandshakeAllThreads (Deoptimize) done
Event: 0.574 Executing VM operation: HandshakeAllThreads (Deoptimize)
Event: 0.574 Executing VM operation: HandshakeAllThreads (Deoptimize) done
Event: 0.624 Executing VM operation: HandshakeAllThreads (Deoptimize)
Event: 0.624 Executing VM operation: HandshakeAllThreads (Deoptimize) done
Event: 0.757 Executing VM operation: HandshakeAllThreads (Deoptimize)
Event: 0.757 Executing VM operation: HandshakeAllThreads (Deoptimize) done
Event: 0.776 Executing VM operation: HandshakeAllThreads (Deoptimize)
Event: 0.776 Executing VM operation: HandshakeAllThreads (Deoptimize) done
Event: 0.898 Executing VM operation: HandshakeAllThreads (Deoptimize)
Event: 0.898 Executing VM operation: HandshakeAllThreads (Deoptimize) done
Event: 2.827 Executing VM operation: CollectForMetadataAllocation (Metadata GC Threshold)
Event: 2.834 Executing VM operation: CollectForMetadataAllocation (Metadata GC Threshold) done
Event: 2.836 Executing VM operation: G1PauseRemark
Event: 2.840 Executing VM operation: G1PauseRemark done
Event: 2.841 Executing VM operation: G1PauseCleanup
Event: 2.841 Executing VM operation: G1PauseCleanup done
Event: 3.115 Executing VM operation: G1CollectForAllocation (G1 Evacuation Pause)
Event: 3.119 Executing VM operation: G1CollectForAllocation (G1 Evacuation Pause) done

Memory protections (0 events):
No events

Nmethod flushes (0 events):
No events

Events (20 events):
Event: 1.700 Thread 0x000002933d55fad0 Thread exited: 0x000002933d55fad0
Event: 1.700 Thread 0x000002933d68db40 Thread exited: 0x000002933d68db40
Event: 1.700 Thread 0x000002933d55cdc0 Thread exited: 0x000002933d55cdc0
Event: 1.700 Thread 0x000002933d62f580 Thread exited: 0x000002933d62f580
Event: 1.700 Thread 0x000002933d57bb50 Thread exited: 0x000002933d57bb50
Event: 1.700 Thread 0x000002933d5729e0 Thread exited: 0x000002933d5729e0
Event: 2.817 Thread 0x0000029305162650 Thread added: 0x000002930a9f8f50
Event: 2.820 Thread 0x00000293049538a0 Thread added: 0x000002930a9f9df0
Event: 2.848 Thread 0x000002937fc8a5a0 Thread added: 0x000002930a9fa540
Event: 2.848 Thread 0x000002933d3b8610 Thread added: 0x000002933d55fad0
Event: 2.848 Thread 0x000002933d3b8610 Thread added: 0x000002933d8915c0
Event: 2.859 Thread 0x000002933d3b8610 Thread added: 0x000002930aee1d10
Event: 2.861 Thread 0x000002933d8915c0 Thread added: 0x000002930aed4e90
Event: 2.935 Thread 0x000002930a9f9df0 Thread added: 0x000002930a9f7960
Event: 3.732 Thread 0x000002933d8915c0 Thread exited: 0x000002933d8915c0
Event: 3.732 Thread 0x000002933d3b8610 Thread exited: 0x000002933d3b8610
Event: 3.732 Thread 0x000002933d55fad0 Thread exited: 0x000002933d55fad0
Event: 3.732 Thread 0x000002930aed4e90 Thread exited: 0x000002930aed4e90
Event: 3.759 Thread 0x000002930aee1d10 Thread exited: 0x000002930aee1d10
Event: 4.814 Thread 0x00000293051634f0 Thread added: 0x000002930a9f96a0


Dynamic libraries:
0x00007ff7ad950000 - 0x00007ff7ad960000 	C:\Program Files\Java\jdk-24\bin\java.exe
0x00007ff8bd7a0000 - 0x00007ff8bda05000 	C:\WINDOWS\SYSTEM32\ntdll.dll
0x00007ff8bcc60000 - 0x00007ff8bcd29000 	C:\WINDOWS\System32\KERNEL32.DLL
0x00007ff8ba8f0000 - 0x00007ff8bacd8000 	C:\WINDOWS\System32\KERNELBASE.dll
0x00007ff8bb240000 - 0x00007ff8bb38b000 	C:\WINDOWS\System32\ucrtbase.dll
0x00007ff8b60d0000 - 0x00007ff8b60e6000 	C:\Program Files\Java\jdk-24\bin\jli.dll
0x00007ff8b60f0000 - 0x00007ff8b610b000 	C:\Program Files\Java\jdk-24\bin\VCRUNTIME140.dll
0x00007ff8bce30000 - 0x00007ff8bcffa000 	C:\WINDOWS\System32\USER32.dll
0x00007ff8a7130000 - 0x00007ff8a73ca000 	C:\WINDOWS\WinSxS\amd64_microsoft.windows.common-controls_6595b64144ccf1df_6.0.26100.4202_none_3e0698d4e335f517\COMCTL32.dll
0x00007ff8bb510000 - 0x00007ff8bb537000 	C:\WINDOWS\System32\win32u.dll
0x00007ff8bc6c0000 - 0x00007ff8bc6eb000 	C:\WINDOWS\System32\GDI32.dll
0x00007ff8bcb30000 - 0x00007ff8bcbd9000 	C:\WINDOWS\System32\msvcrt.dll
0x00007ff8bace0000 - 0x00007ff8bae17000 	C:\WINDOWS\System32\gdi32full.dll
0x00007ff8bafa0000 - 0x00007ff8bb043000 	C:\WINDOWS\System32\msvcp_win.dll
0x00007ff8bd380000 - 0x00007ff8bd3b0000 	C:\WINDOWS\System32\IMM32.DLL
0x00007ff8b51d0000 - 0x00007ff8b51dc000 	C:\Program Files\Java\jdk-24\bin\vcruntime140_1.dll
0x00007ff885810000 - 0x00007ff88589e000 	C:\Program Files\Java\jdk-24\bin\msvcp140.dll
0x00007ff83e560000 - 0x00007ff83f302000 	C:\Program Files\Java\jdk-24\bin\server\jvm.dll
0x00007ff8bd000000 - 0x00007ff8bd0b3000 	C:\WINDOWS\System32\ADVAPI32.dll
0x00007ff8bca80000 - 0x00007ff8bcb26000 	C:\WINDOWS\System32\sechost.dll
0x00007ff8bc960000 - 0x00007ff8bca75000 	C:\WINDOWS\System32\RPCRT4.dll
0x00007ff8bc770000 - 0x00007ff8bc7e4000 	C:\WINDOWS\System32\WS2_32.dll
0x00007ff8b94d0000 - 0x00007ff8b952e000 	C:\WINDOWS\SYSTEM32\POWRPROF.dll
0x00007ff8ae550000 - 0x00007ff8ae55b000 	C:\WINDOWS\SYSTEM32\VERSION.dll
0x00007ff8aff10000 - 0x00007ff8aff45000 	C:\WINDOWS\SYSTEM32\WINMM.dll
0x00007ff8b94b0000 - 0x00007ff8b94c4000 	C:\WINDOWS\SYSTEM32\UMPDC.dll
0x00007ff8b9790000 - 0x00007ff8b97ab000 	C:\WINDOWS\SYSTEM32\kernel.appcore.dll
0x00007ff8935b0000 - 0x00007ff8935ba000 	C:\Program Files\Java\jdk-24\bin\jimage.dll
0x00007ff8ac3a0000 - 0x00007ff8ac5e1000 	C:\WINDOWS\SYSTEM32\DBGHELP.DLL
0x00007ff8bb740000 - 0x00007ff8bbac5000 	C:\WINDOWS\System32\combase.dll
0x00007ff8bd670000 - 0x00007ff8bd751000 	C:\WINDOWS\System32\OLEAUT32.dll
0x00007ff8a5410000 - 0x00007ff8a5449000 	C:\WINDOWS\SYSTEM32\dbgcore.DLL
0x00007ff8bb0e0000 - 0x00007ff8bb179000 	C:\WINDOWS\System32\bcryptPrimitives.dll
0x00007ff8b5fd0000 - 0x00007ff8b5fdf000 	C:\Program Files\Java\jdk-24\bin\instrument.dll
0x00007ff888330000 - 0x00007ff88834e000 	C:\Program Files\Java\jdk-24\bin\java.dll
0x00007ff8bb540000 - 0x00007ff8bb6de000 	C:\WINDOWS\System32\ole32.dll
0x00007ff8bbf70000 - 0x00007ff8bc6b2000 	C:\WINDOWS\System32\SHELL32.dll
0x00007ff8bae20000 - 0x00007ff8baf94000 	C:\WINDOWS\System32\wintypes.dll
0x00007ff8b8550000 - 0x00007ff8b8da8000 	C:\WINDOWS\SYSTEM32\windows.storage.dll
0x00007ff8bd490000 - 0x00007ff8bd581000 	C:\WINDOWS\System32\SHCORE.dll
0x00007ff8bcbe0000 - 0x00007ff8bcc4a000 	C:\WINDOWS\System32\shlwapi.dll
0x00007ff8ba800000 - 0x00007ff8ba82f000 	C:\WINDOWS\SYSTEM32\profapi.dll
0x00007ff87fdc0000 - 0x00007ff87fe97000 	C:\Program Files\Java\jdk-24\bin\jsvml.dll
0x00007ff8935a0000 - 0x00007ff8935b0000 	C:\Program Files\Java\jdk-24\bin\net.dll
0x00007ff8b9ce0000 - 0x00007ff8b9d4a000 	C:\WINDOWS\system32\mswsock.dll
0x00007ff881f60000 - 0x00007ff881f76000 	C:\Program Files\Java\jdk-24\bin\nio.dll
0x00007ff881f40000 - 0x00007ff881f57000 	C:\Program Files\Java\jdk-24\bin\zip.dll
0x00007ff8b9150000 - 0x00007ff8b9277000 	C:\WINDOWS\SYSTEM32\DNSAPI.dll
0x00007ff8b9110000 - 0x00007ff8b9143000 	C:\WINDOWS\SYSTEM32\IPHLPAPI.DLL
0x00007ff8bbf60000 - 0x00007ff8bbf6a000 	C:\WINDOWS\System32\NSI.dll
0x00007ff8af9d0000 - 0x00007ff8af9db000 	C:\Windows\System32\rasadhlp.dll
0x00007ff8b36f0000 - 0x00007ff8b3776000 	C:\WINDOWS\System32\fwpuclnt.dll
0x00007ff8b5f90000 - 0x00007ff8b5f9a000 	C:\Program Files\Java\jdk-24\bin\management.dll
0x00007ff8b5f80000 - 0x00007ff8b5f8b000 	C:\Program Files\Java\jdk-24\bin\management_ext.dll
0x00007ff8bd350000 - 0x00007ff8bd358000 	C:\WINDOWS\System32\PSAPI.DLL
0x0000029304000000 - 0x0000029304003000 	C:\Users\Gandeevan\.openjfx\cache\17.0.6\api-ms-win-core-console-l1-1-0.dll
0x0000029304010000 - 0x0000029304013000 	C:\Users\Gandeevan\.openjfx\cache\17.0.6\api-ms-win-core-console-l1-2-0.dll
0x0000029304470000 - 0x0000029304473000 	C:\Users\Gandeevan\.openjfx\cache\17.0.6\api-ms-win-core-datetime-l1-1-0.dll
0x0000029304480000 - 0x0000029304483000 	C:\Users\Gandeevan\.openjfx\cache\17.0.6\api-ms-win-core-debug-l1-1-0.dll
0x0000029304490000 - 0x0000029304493000 	C:\Users\Gandeevan\.openjfx\cache\17.0.6\api-ms-win-core-errorhandling-l1-1-0.dll
0x00000293044a0000 - 0x00000293044a4000 	C:\Users\Gandeevan\.openjfx\cache\17.0.6\api-ms-win-core-file-l1-1-0.dll
0x00000293044b0000 - 0x00000293044b3000 	C:\Users\Gandeevan\.openjfx\cache\17.0.6\api-ms-win-core-file-l1-2-0.dll
0x00000293044c0000 - 0x00000293044c3000 	C:\Users\Gandeevan\.openjfx\cache\17.0.6\api-ms-win-core-file-l2-1-0.dll
0x00000293044d0000 - 0x00000293044d3000 	C:\Users\Gandeevan\.openjfx\cache\17.0.6\api-ms-win-core-handle-l1-1-0.dll
0x00000293044e0000 - 0x00000293044e3000 	C:\Users\Gandeevan\.openjfx\cache\17.0.6\api-ms-win-core-heap-l1-1-0.dll
0x00000293044f0000 - 0x00000293044f3000 	C:\Users\Gandeevan\.openjfx\cache\17.0.6\api-ms-win-core-interlocked-l1-1-0.dll
0x0000029304500000 - 0x0000029304503000 	C:\Users\Gandeevan\.openjfx\cache\17.0.6\api-ms-win-core-libraryloader-l1-1-0.dll
0x0000029304510000 - 0x0000029304513000 	C:\Users\Gandeevan\.openjfx\cache\17.0.6\api-ms-win-core-localization-l1-2-0.dll
0x0000029304520000 - 0x0000029304523000 	C:\Users\Gandeevan\.openjfx\cache\17.0.6\api-ms-win-core-memory-l1-1-0.dll
0x0000029304530000 - 0x0000029304533000 	C:\Users\Gandeevan\.openjfx\cache\17.0.6\api-ms-win-core-namedpipe-l1-1-0.dll
0x0000029304540000 - 0x0000029304543000 	C:\Users\Gandeevan\.openjfx\cache\17.0.6\api-ms-win-core-processenvironment-l1-1-0.dll
0x0000029304550000 - 0x0000029304553000 	C:\Users\Gandeevan\.openjfx\cache\17.0.6\api-ms-win-core-processthreads-l1-1-0.dll
0x0000029304560000 - 0x0000029304563000 	C:\Users\Gandeevan\.openjfx\cache\17.0.6\api-ms-win-core-processthreads-l1-1-1.dll
0x0000029304570000 - 0x0000029304573000 	C:\Users\Gandeevan\.openjfx\cache\17.0.6\api-ms-win-core-profile-l1-1-0.dll
0x0000029304580000 - 0x0000029304583000 	C:\Users\Gandeevan\.openjfx\cache\17.0.6\api-ms-win-core-rtlsupport-l1-1-0.dll
0x0000029304590000 - 0x0000029304593000 	C:\Users\Gandeevan\.openjfx\cache\17.0.6\api-ms-win-core-string-l1-1-0.dll
0x00000293045a0000 - 0x00000293045a3000 	C:\Users\Gandeevan\.openjfx\cache\17.0.6\api-ms-win-core-synch-l1-1-0.dll
0x00000293045b0000 - 0x00000293045b3000 	C:\Users\Gandeevan\.openjfx\cache\17.0.6\api-ms-win-core-synch-l1-2-0.dll
0x00000293045c0000 - 0x00000293045c3000 	C:\Users\Gandeevan\.openjfx\cache\17.0.6\api-ms-win-core-sysinfo-l1-1-0.dll
0x00000293045d0000 - 0x00000293045d3000 	C:\Users\Gandeevan\.openjfx\cache\17.0.6\api-ms-win-core-timezone-l1-1-0.dll
0x00000293045e0000 - 0x00000293045e3000 	C:\Users\Gandeevan\.openjfx\cache\17.0.6\api-ms-win-core-util-l1-1-0.dll
0x00000293045f0000 - 0x00000293045f3000 	C:\Users\Gandeevan\.openjfx\cache\17.0.6\api-ms-win-crt-conio-l1-1-0.dll
0x0000029304600000 - 0x0000029304604000 	C:\Users\Gandeevan\.openjfx\cache\17.0.6\api-ms-win-crt-convert-l1-1-0.dll
0x0000029304610000 - 0x0000029304613000 	C:\Users\Gandeevan\.openjfx\cache\17.0.6\api-ms-win-crt-environment-l1-1-0.dll
0x0000029304620000 - 0x0000029304623000 	C:\Users\Gandeevan\.openjfx\cache\17.0.6\api-ms-win-crt-filesystem-l1-1-0.dll
0x0000029304630000 - 0x0000029304633000 	C:\Users\Gandeevan\.openjfx\cache\17.0.6\api-ms-win-crt-heap-l1-1-0.dll
0x0000029304640000 - 0x0000029304643000 	C:\Users\Gandeevan\.openjfx\cache\17.0.6\api-ms-win-crt-locale-l1-1-0.dll
0x0000029304650000 - 0x0000029304655000 	C:\Users\Gandeevan\.openjfx\cache\17.0.6\api-ms-win-crt-math-l1-1-0.dll
0x0000029304660000 - 0x0000029304665000 	C:\Users\Gandeevan\.openjfx\cache\17.0.6\api-ms-win-crt-multibyte-l1-1-0.dll
0x0000029304670000 - 0x0000029304680000 	C:\Users\Gandeevan\.openjfx\cache\17.0.6\api-ms-win-crt-private-l1-1-0.dll
0x0000029304680000 - 0x0000029304683000 	C:\Users\Gandeevan\.openjfx\cache\17.0.6\api-ms-win-crt-process-l1-1-0.dll
0x0000029304690000 - 0x0000029304694000 	C:\Users\Gandeevan\.openjfx\cache\17.0.6\api-ms-win-crt-runtime-l1-1-0.dll
0x00000293046a0000 - 0x00000293046a4000 	C:\Users\Gandeevan\.openjfx\cache\17.0.6\api-ms-win-crt-stdio-l1-1-0.dll
0x00000293046b0000 - 0x00000293046b4000 	C:\Users\Gandeevan\.openjfx\cache\17.0.6\api-ms-win-crt-string-l1-1-0.dll
0x00000293046c0000 - 0x00000293046c3000 	C:\Users\Gandeevan\.openjfx\cache\17.0.6\api-ms-win-crt-time-l1-1-0.dll
0x00000293046d0000 - 0x00000293046d3000 	C:\Users\Gandeevan\.openjfx\cache\17.0.6\api-ms-win-crt-utility-l1-1-0.dll
0x00007ff89c7a0000 - 0x00007ff89c89c000 	C:\Users\Gandeevan\.openjfx\cache\17.0.6\ucrtbase.dll
0x00007ff8a6270000 - 0x00007ff8a628a000 	C:\Users\Gandeevan\.openjfx\cache\17.0.6\vcruntime140.dll
0x00007ff8b51b0000 - 0x00007ff8b51bc000 	C:\Users\Gandeevan\.openjfx\cache\17.0.6\vcruntime140_1.dll
0x00007ff890890000 - 0x00007ff89091d000 	C:\Users\Gandeevan\.openjfx\cache\17.0.6\msvcp140.dll
0x00007ff8ba0c0000 - 0x00007ff8ba0db000 	C:\WINDOWS\SYSTEM32\CRYPTSP.dll
0x00007ff8b96f0000 - 0x00007ff8b972a000 	C:\WINDOWS\system32\rsaenh.dll
0x00007ff8b9d80000 - 0x00007ff8b9dab000 	C:\WINDOWS\SYSTEM32\USERENV.dll
0x00007ff8ba7d0000 - 0x00007ff8ba7f6000 	C:\WINDOWS\SYSTEM32\bcrypt.dll
0x00007ff8b4a60000 - 0x00007ff8b4a69000 	C:\Users\Gandeevan\.openjfx\cache\17.0.6\msvcp140_1.dll
0x00007ff8b9f20000 - 0x00007ff8b9f2c000 	C:\WINDOWS\SYSTEM32\CRYPTBASE.dll
0x00007ff8a6240000 - 0x00007ff8a626f000 	C:\Users\Gandeevan\.openjfx\cache\17.0.6\msvcp140_2.dll
0x00007ff89e010000 - 0x00007ff89e028000 	C:\WINDOWS\system32\napinsp.dll
0x00007ff89dff0000 - 0x00007ff89e002000 	C:\WINDOWS\System32\winrnr.dll
0x00007ff89d520000 - 0x00007ff89d550000 	C:\WINDOWS\system32\nlansp_c.dll
0x00007ff89d4f0000 - 0x00007ff89d510000 	C:\WINDOWS\system32\wshbth.dll
0x00007ff8a6210000 - 0x00007ff8a623a000 	C:\Users\Gandeevan\.openjfx\cache\17.0.6\prism_d3d.dll
0x00007ff847a60000 - 0x00007ff847c17000 	C:\WINDOWS\system32\d3d9.dll
0x00007ff8b7e90000 - 0x00007ff8b7ec6000 	C:\WINDOWS\SYSTEM32\dwmapi.dll
0x00007ff8b7ce0000 - 0x00007ff8b7d2d000 	C:\WINDOWS\SYSTEM32\dxcore.dll
0x00007ff8b7b00000 - 0x00007ff8b7baf000 	C:\WINDOWS\system32\uxtheme.dll
0x00007ff890320000 - 0x00007ff8905b0000 	C:\Windows\System32\DriverStore\FileRepository\iigd_dch.inf_amd64_b57fc4f35ff4051b\igdumdim64.dll
0x00007ff814a90000 - 0x00007ff815fe1000 	C:\Windows\System32\DriverStore\FileRepository\iigd_dch.inf_amd64_b57fc4f35ff4051b\igd9trinity64.dll
0x00007ff8b7d30000 - 0x00007ff8b7e65000 	C:\WINDOWS\system32\dxgi.dll
0x00007ff8b7c70000 - 0x00007ff8b7cd1000 	C:\WINDOWS\SYSTEM32\directxdatabasehelper.dll
0x00007ff8ba5a0000 - 0x00007ff8ba5f7000 	C:\WINDOWS\SYSTEM32\cfgmgr32.dll
0x00007ff8aed10000 - 0x00007ff8af151000 	C:\Windows\System32\DriverStore\FileRepository\iigd_dch.inf_amd64_b57fc4f35ff4051b\igdgmm64.dll
0x00007ff8ae560000 - 0x00007ff8ae585000 	C:\Windows\System32\DriverStore\FileRepository\iigd_dch.inf_amd64_b57fc4f35ff4051b\igc64.dll
0x00007ff813540000 - 0x00007ff814a85000 	C:\Windows\System32\DriverStore\FileRepository\iigd_dch.inf_amd64_b57fc4f35ff4051b\igd9dxva64.dll
0x00007ff8bbad0000 - 0x00007ff8bbf56000 	C:\WINDOWS\System32\SETUPAPI.dll
0x00007ff893e70000 - 0x00007ff895b9d000 	C:\Windows\System32\DriverStore\FileRepository\iigd_dch.inf_amd64_b57fc4f35ff4051b\media_bin_64.dll
0x00007ff8a5a10000 - 0x00007ff8a5a5e000 	C:\WINDOWS\SYSTEM32\pdh.dll
0x00007ff89c400000 - 0x00007ff89c442000 	C:\Users\Gandeevan\.openjfx\cache\17.0.6\glass.dll

JVMTI agents:
C:\Program Files\JetBrains\IntelliJ IDEA 2025.1.2\lib\idea_rt.jar path:C:\Program Files\Java\jdk-24\bin\instrument.dll, loaded, initialized, instrumentlib options:52299

dbghelp: loaded successfully - version: 4.0.5 - missing functions: none
symbol engine: initialized successfully - sym options: 0x614 - pdb path: .;C:\Program Files\Java\jdk-24\bin;C:\WINDOWS\SYSTEM32;C:\WINDOWS\WinSxS\amd64_microsoft.windows.common-controls_6595b64144ccf1df_6.0.26100.4202_none_3e0698d4e335f517;C:\Program Files\Java\jdk-24\bin\server;C:\Users\Gandeevan\.openjfx\cache\17.0.6;C:\Windows\System32\DriverStore\FileRepository\iigd_dch.inf_amd64_b57fc4f35ff4051b;C:\Program Files\Common Files\Microsoft Shared\Ink;C:\Users\Gandeevan\.javacpp\cache\javacpp-1.5.8-windows-x86_64.jar\org\bytedeco\javacpp\windows-x86_64;C:\Users\Gandeevan\.javacpp\cache\ffmpeg-5.1.2-1.5.8-windows-x86_64.jar\org\bytedeco\ffmpeg\windows-x86_64

VM Arguments:
jvm_args: -javaagent:C:\Program Files\JetBrains\IntelliJ IDEA 2025.1.2\lib\idea_rt.jar=52299 -Dfile.encoding=UTF-8 -Dsun.stdout.encoding=UTF-8 -Dsun.stderr.encoding=UTF-8 --module-path=C:\Users\Gandeevan\.m2\repository\org\openjfx\javafx-fxml\17.0.6\javafx-fxml-17.0.6-win.jar;C:\Users\Gandeevan\.m2\repository\org\bytedeco\libfreenect2\0.2.0-1.5.8\libfreenect2-0.2.0-1.5.8.jar;C:\Users\Gandeevan\.m2\repository\javax\websocket\javax.websocket-client-api\1.1\javax.websocket-client-api-1.1.jar;C:\Users\Gandeevan\.m2\repository\org\bytedeco\libfreenect\0.5.7-1.5.8\libfreenect-0.5.7-1.5.8.jar;C:\Users\Gandeevan\.m2\repository\org\bytedeco\flandmark\1.07-1.5.8\flandmark-1.07-1.5.8.jar;C:\Users\Gandeevan\.m2\repository\org\bytedeco\opencv\4.6.0-1.5.8\opencv-4.6.0-1.5.8.jar;C:\Users\Gandeevan\.m2\repository\org\openjfx\javafx-graphics\17.0.6\javafx-graphics-17.0.6-win.jar;C:\Users\Gandeevan\.m2\repository\org\openjfx\javafx-controls\17.0.6\javafx-controls-17.0.6-win.jar;C:\Users\Gandeevan\.m2\repository\org\bytedeco\javacv\1.5.8\javacv-1.5.8.jar;C:\Users\Gandeevan\.m2\repository\org\bytedeco\librealsense\1.12.4-1.5.8\librealsense-1.12.4-1.5.8.jar;C:\Users\Gandeevan\.m2\repository\org\bytedeco\javacpp\1.5.8\javacpp-1.5.8.jar;C:\Users\Gandeevan\.m2\repository\org\openjfx\javafx-base\17.0.6\javafx-base-17.0.6-win.jar;C:\Users\Gandeevan\.m2\repository\org\bytedeco\openblas\0.3.21-1.5.8\openblas-0.3.21-1.5.8.jar;C:\Users\Gandeevan\.m2\repository\org\bytedeco\videoinput\0.200-1.5.8\videoinput-0.200-1.5.8.jar;C:\Users\Gandeevan\.m2\repository\org\bytedeco\librealsense2\2.50.0-1.5.8\librealsense2-2.50.0-1.5.8.jar;C:\Users\Gandeevan\.m2\repository\org\bytedeco\libdc1394\2.2.6-1.5.8\libdc1394-2.2.6-1.5.8.jar;C:\Users\Gandeevan\.m2\repository\org\bytedeco\tesseract\5.2.0-1.5.8\tesseract-5.2.0-1.5.8.jar;C:\Users\Gandeevan\.m2\repository\org\bytedeco\flycapture\2.13.3.31-1.5.8\flycapture-2.13.3.31-1.5.8.jar;C:\Users\Gandeevan\.m2\repository\org\bytedeco\leptonica\1.82.0-1.5.8\leptonica-1.82.0-1.5.8.jar;C:\Users\Gandeevan\.m2\repository\org\bytedeco\ffmpeg\5.1.2-1.5.8\ffmpeg-5.1.2-1.5.8.jar;C:\Users\Gandeevan\Desktop\Camera_stream_plugin_javaFX\target\clas-Djdk.module.main=com.example.camera_demo 
java_command: com.example.camera_demo/com.example.camera_demo.CameraApplication
java_class_path (initial): C:\Users\Gandeevan\.m2\repository\org\openjfx\javafx-controls\17.0.6\javafx-controls-17.0.6.jar;C:\Users\Gandeevan\.m2\repository\org\openjfx\javafx-graphics\17.0.6\javafx-graphics-17.0.6.jar;C:\Users\Gandeevan\.m2\repository\org\openjfx\javafx-base\17.0.6\javafx-base-17.0.6.jar;C:\Users\Gandeevan\.m2\repository\org\openjfx\javafx-fxml\17.0.6\javafx-fxml-17.0.6.jar;C:\Users\Gandeevan\.m2\repository\org\glassfish\tyrus\tyrus-client\1.17\tyrus-client-1.17.jar;C:\Users\Gandeevan\.m2\repository\org\glassfish\tyrus\tyrus-core\1.17\tyrus-core-1.17.jar;C:\Users\Gandeevan\.m2\repository\org\glassfish\tyrus\tyrus-spi\1.17\tyrus-spi-1.17.jar;C:\Users\Gandeevan\.m2\repository\javax\websocket\javax.websocket-api\1.1\javax.websocket-api-1.1.jar;C:\Users\Gandeevan\.m2\repository\jakarta\xml\bind\jakarta.xml.bind-api\2.3.2\jakarta.xml.bind-api-2.3.2.jar;C:\Users\Gandeevan\.m2\repository\jakarta\activation\jakarta.activation-api\1.2.1\jakarta.activation-api-1.2.1.jar;C:\Users\Gandeevan\.m2\repository\org\glassfish\tyrus\tyrus-container-grizzly-client\1.17\tyrus-container-grizzly-client-1.17.jar;C:\Users\Gandeevan\.m2\repository\org\glassfish\grizzly\grizzly-framework\2.3.22\grizzly-framework-2.3.22.jar;C:\Users\Gandeevan\.m2\repository\org\glassfish\grizzly\grizzly-http-server\2.3.22\grizzly-http-server-2.3.22.jar;C:\Users\Gandeevan\.m2\repository\org\glassfish\grizzly\grizzly-http\2.3.22\grizzly-http-2.3.22.jar;C:\Users\Gandeevan\.m2\repository\org\bytedeco\javacv-platform\1.5.8\javacv-platform-1.5.8.jar;C:\Users\Gandeevan\.m2\repository\org\bytedeco\openblas-platform\0.3.21-1.5.8\openblas-platform-0.3.21-1.5.8.jar;C:\Users\Gandeevan\.m2\repository\org\bytedeco\javacpp-platform\1.5.8\javacpp-platform-1.5.8.jar;C:\Users\Gandeevan\.m2\repository\org\bytedeco\javacpp\1.5.8\javacpp-1.5.8-android-arm.jar;C:\Users\Gandeevan\.m2\repository\org\bytedeco\javacpp\1.5.8\javacpp-1.5.8-android-arm64.jar;C:\Users\Gandeevan\.m2\repository\org\bytedeco\javacpp\1.5.8\javacpp-1.5.8-android-x86.jar;C:\Users\Gandeevan\.m2\repository\org\bytedeco\javacpp\1.5.8\javacpp-1.5.8-android-x86_64.jar;C:\Users\Gandeevan\.m2\repository\org\bytedeco\javacpp\1.5.8\javacpp-1.5.8-ios-arm64.jar;C:\Users\Gandeevan\.m2\repository\org\bytedeco\javacpp\1.5.8\javacpp-1.5.8-ios-x86_64.jar;C:\Users\Gandeevan\.m2\repository\org\bytedeco\javacpp\1.5.8\javacpp-1.5.8-linux-armhf.jar;C:\Users\Gandeevan\.m2\repository\org\bytedeco\javacpp\1.5.8\javacpp-1.5.8-linux-arm64.jar;C:\Users\Gandeevan\.m2\repository\org\bytedeco\javacpp\1.5.8\javacpp-1.5.8-linux-ppc64le.jar;C:\Users\Gandeevan\.m2\repository\org\bytedeco\javacpp\1.5.8\javacpp-1.5.8-linux-x86.jar;C:\Users\Gandeevan\.m2\repository\org\bytedeco\javacpp\1.5.8\javacpp-1.5.8-linux-x86_64.jar;C:\Users\Gandeevan\.m2\repository\org\bytedeco\javacpp\1.5.8\javacpp-1.5.8-macosx-arm64.jar;C:\Users\Gandeevan\.m2\repository\org\bytedeco\javacpp\1.5.8\javacpp-1.5.8-macosx-x86_64.jar;C:\Users\Gandeevan\.m2\repository\org\bytedeco\javacpp\1.5.8\javacpp-1.5.8-windows-x86.jar;C:\Users\Gandeevan\.m2\repository\org\bytedeco\javacpp\1.5.8\javacpp-1.5.8-windows-x86_64.jar;C:\Users\Gandeevan\.m2\repository\org\bytedeco\openblas\0.3.21-1.5.8\openblas-0.3.21-1.5.8-android-arm.jar;C:\Users\Gandeevan\.m2\repository\org\bytedeco\openblas\0.3.21-1.5.8\openblas-0.3.21-1.5.8-android-arm64.jar;C:\Users\Gandeevan\.m2\repository\org\bytedeco\openblas\0.3.21-1.5.8\openblas-0.3.21-1.5.8-android-x86.jar;C:\Users\Gandeevan\.m2\repository\org\bytedeco\openblas\0.3.21-1.5.8\openblas-0.3.21-1.5.8-android-x86_64.jar;C:\Users\Gandeevan\.m2\repository\org\bytedeco\openblas\0.3.21-1.5.8\openblas-0.3.21-1.5.8-ios-arm64.jar;C:\Users\Gandeevan\.m2\repository\org\bytedeco\openblas\0.3.21-1.5.8\openblas-0.3.21-1.5.8-ios-x86_64.jar;C:\Users\Gandeevan\.m2\repository\org\bytedeco\openblas\0.3.21-1.5.8\openblas-0.3.21-1.5.8-linux-x86.jar;C:\Users\Gandeevan\.m2\repository\org\bytedeco\openblas\0.3.21-1.5.8\openblas-0.3.21-1.5.8-linux-x86_64.jar;C:\Users\Gandeevan\.m2\repository\org\bytedeco\openblas\0.3.21-1.5.8\openblas-0.3.21-1.5.8-linux-armhf.jar;C:\Users\Gandeevan\.m2\repository\org\bytedeco\openblas\0.3.21-1.5.8\openblas-0.3.21-1.5.8-linux-arm64.jar;C:\Users\Gandeevan\.m2\repository\org\bytedeco\openblas\0.3.21-1.5.8\openblas-0.3.21-1.5.8-linux-ppc64le.jar;C:\Users\Gandeevan\.m2\repository\org\bytedeco\openblas\0.3.21-1.5.8\openblas-0.3.21-1.5.8-macosx-arm64.jar;C:\Users\Gandeevan\.m2\repository\org\bytedeco\openblas\0.3.21-1.5.8\openblas-0.3.21-1.5.8-macosx-x86_64.jar;C:\Users\Gandeevan\.m2\repository\org\bytedeco\openblas\0.3.21-1.5.8\openblas-0.3.21-1.5.8-windows-x86.jar;C:\Users\Gandeevan\.m2\repository\org\bytedeco\openblas\0.3.21-1.5.8\openblas-0.3.21-1.5.8-windows-x86_64.jar;C:\Users\Gandeevan\.m2\repository\org\bytedeco\opencv-platform\4.6.0-1.5.8\opencv-platform-4.6.0-1.5.8.jar;C:\Users\Gandeevan\.m2\repository\org\bytedeco\opencv\4.6.0-1.5.8\opencv-4.6.0-1.5.8-android-arm.jar;C:\Users\Gandeevan\.m2\repository\org\bytedeco\opencv\4.6.0-1.5.8\opencv-4.6.0-1.5.8-android-arm64.jar;C:\Users\Gandeevan\.m2\repository\org\bytedeco\opencv\4.6.0-1.5.8\opencv-4.6.0-1.5.8-android-x86.jar;C:\Users\Gandeevan\.m2\repository\org\bytedeco\opencv\4.6.0-1.5.8\opencv-4.6.0-1.5.8-android-x86_64.jar;C:\Users\Gandeevan\.m2\repository\org\bytedeco\opencv\4.6.0-1.5.8\opencv-4.6.0-1.5.8-ios-arm64.jar;C:\Users\Gandeevan\.m2\repository\org\bytedeco\opencv\4.6.0-1.5.8\opencv-4.6.0-1.5.8-ios-x86_64.jar;C:\Users\Gandeevan\.m2\repository\org\bytedeco\opencv\4.6.0-1.5.8\opencv-4.6.0-1.5.8-linux-x86.jar;C:\Users\Gandeevan\.m2\repository\org\bytedeco\opencv\4.6.0-1.5.8\opencv-4.6.0-1.5.8-linux-x86_64.jar;C:\Users\Gandeevan\.m2\repository\org\bytedeco\opencv\4.6.0-1.5.8\opencv-4.6.0-1.5.8-linux-armhf.jar;C:\Users\Gandeevan\.m2\repository\org\bytedeco\opencv\4.6.0-1.5.8\opencv-4.6.0-1.5.8-linux-arm64.jar;C:\Users\Gandeevan\.m2\repository\org\bytedeco\opencv\4.6.0-1.5.8\opencv-4.6.0-1.5.8-linux-ppc64le.jar;C:\Users\Gandeevan\.m2\repository\org\bytedeco\opencv\4.6.0-1.5.8\opencv-4.6.0-1.5.8-macosx-arm64.jar;C:\Users\Gandeevan\.m2\repository\org\bytedeco\opencv\4.6.0-1.5.8\opencv-4.6.0-1.5.8-macosx-x86_64.jar;C:\Users\Gandeevan\.m2\repository\org\bytedeco\opencv\4.6.0-1.5.8\opencv-4.6.0-1.5.8-windows-x86.jar;C:\Users\Gandeevan\.m2\repository\org\bytedeco\opencv\4.6.0-1.5.8\opencv-4.6.0-1.5.8-windows-x86_64.jar;C:\Users\Gandeevan\.m2\repository\org\bytedeco\ffmpeg-platform\5.1.2-1.5.8\ffmpeg-platform-5.1.2-1.5.8.jar;C:\Users\Gandeevan\.m2\repository\org\bytedeco\ffmpeg\5.1.2-1.5.8\ffmpeg-5.1.2-1.5.8-android-arm.jar;C:\Users\Gandeevan\.m2\repository\org\bytedeco\ffmpeg\5.1.2-1.5.8\ffmpeg-5.1.2-1.5.8-android-arm64.jar;C:\Users\Gandeevan\.m2\repository\org\bytedeco\ffmpeg\5.1.2-1.5.8\ffmpeg-5.1.2-1.5.8-android-x86.jar;C:\Users\Gandeevan\.m2\repository\org\bytedeco\ffmpeg\5.1.2-1.5.8\ffmpeg-5.1.2-1.5.8-android-x86_64.jar;C:\Users\Gandeevan\.m2\repository\org\bytedeco\ffmpeg\5.1.2-1.5.8\ffmpeg-5.1.2-1.5.8-linux-x86.jar;C:\Users\Gandeevan\.m2\repository\org\bytedeco\ffmpeg\5.1.2-1.5.8\ffmpeg-5.1.2-1.5.8-linux-x86_64.jar;C:\Users\Gandeevan\.m2\repository\org\bytedeco\ffmpeg\5.1.2-1.5.8\ffmpeg-5.1.2-1.5.8-linux-armhf.jar;C:\Users\Gandeevan\.m2\repository\org\bytedeco\ffmpeg\5.1.2-1.5.8\ffmpeg-5.1.2-1.5.8-linux-arm64.jar;C:\Users\Gandeevan\.m2\repository\org\bytedeco\ffmpeg\5.1.2-1.5.8\ffmpeg-5.1.2-1.5.8-linux-ppc64le.jar;C:\Users\Gandeevan\.m2\repository\org\bytedeco\ffmpeg\5.1.2-1.5.8\ffmpeg-5.1.2-1.5.8-macosx-arm64.jar;C:\Users\Gandeevan\.m2\repository\org\bytedeco\ffmpeg\5.1.2-1.5.8\ffmpeg-5.1.2-1.5.8-macosx-x86_64.jar;C:\Users\Gandeevan\.m2\repository\org\bytedeco\ffmpeg\5.1.2-1.5.8\ffmpeg-5.1.2-1.5.8-windows-x86.jar;C:\Users\Gandeevan\.m2\repository\org\bytedeco\ffmpeg\5.1.2-1.5.8\ffmpeg-5.1.2-1.5.8-windows-x86_64.jar;C:\Users\Gandeevan\.m2\repository\org\bytedeco\flycapture-platform\2.13.3.31-1.5.8\flycapture-platform-2.13.3.31-1.5.8.jar;C:\Users\Gandeevan\.m2\repository\org\bytedeco\flycapture\2.13.3.31-1.5.8\flycapture-2.13.3.31-1.5.8-linux-x86.jar;C:\Users\Gandeevan\.m2\repository\org\bytedeco\flycapture\2.13.3.31-1.5.8\flycapture-2.13.3.31-1.5.8-linux-x86_64.jar;C:\Users\Gandeevan\.m2\repository\org\bytedeco\flycapture\2.13.3.31-1.5.8\flycapture-2.13.3.31-1.5.8-linux-armhf.jar;C:\Users\Gandeevan\.m2\repository\org\bytedeco\flycapture\2.13.3.31-1.5.8\flycapture-2.13.3.31-1.5.8-linux-arm64.jar;C:\Users\Gandeevan\.m2\repository\org\bytedeco\flycapture\2.13.3.31-1.5.8\flycapture-2.13.3.31-1.5.8-windows-x86.jar;C:\Users\Gandeevan\.m2\repository\org\bytedeco\flycapture\2.13.3.31-1.5.8\flycapture-2.13.3.31-1.5.8-windows-x86_64.jar;C:\Users\Gandeevan\.m2\repository\org\bytedeco\libdc1394-platform\2.2.6-1.5.8\libdc1394-platform-2.2.6-1.5.8.jar;C:\Users\Gandeevan\.m2\repository\org\bytedeco\libdc1394\2.2.6-1.5.8\libdc1394-2.2.6-1.5.8-linux-x86.jar;C:\Users\Gandeevan\.m2\repository\org\bytedeco\libdc1394\2.2.6-1.5.8\libdc1394-2.2.6-1.5.8-linux-x86_64.jar;C:\Users\Gandeevan\.m2\repository\org\bytedeco\libdc1394\2.2.6-1.5.8\libdc1394-2.2.6-1.5.8-linux-armhf.jar;C:\Users\Gandeevan\.m2\repository\org\bytedeco\libdc1394\2.2.6-1.5.8\libdc1394-2.2.6-1.5.8-linux-arm64.jar;C:\Users\Gandeevan\.m2\repository\org\bytedeco\libdc1394\2.2.6-1.5.8\libdc1394-2.2.6-1.5.8-linux-ppc64le.jar;C:\Users\Gandeevan\.m2\repository\org\bytedeco\libdc1394\2.2.6-1.5.8\libdc1394-2.2.6-1.5.8-macosx-x86_64.jar;C:\Users\Gandeevan\.m2\repository\org\bytedeco\libdc1394\2.2.6-1.5.8\libdc1394-2.2.6-1.5.8-windows-x86.jar;C:\Users\Gandeevan\.m2\repository\org\bytedeco\libdc1394\2.2.6-1.5.8\libdc1394-2.2.6-1.5.8-windows-x86_64.jar;C:\Users\Gandeevan\.m2\repository\org\bytedeco\libfreenect-platform\0.5.7-1.5.8\libfreenect-platform-0.5.7-1.5.8.jar;C:\Users\Gandeevan\.m2\repository\org\bytedeco\libfreenect\0.5.7-1.5.8\libfreenect-0.5.7-1.5.8-linux-x86.jar;C:\Users\Gandeevan\.m2\repository\org\bytedeco\libfreenect\0.5.7-1.5.8\libfreenect-0.5.7-1.5.8-linux-x86_64.jar;C:\Users\Gandeevan\.m2\repository\org\bytedeco\libfreenect\0.5.7-1.5.8\libfreenect-0.5.7-1.5.8-linux-armhf.jar;C:\Users\Gandeevan\.m2\repository\org\bytedeco\libfreenect\0.5.7-1.5.8\libfreenect-0.5.7-1.5.8-linux-arm64.jar;C:\Users\Gandeevan\.m2\repository\org\bytedeco\libfreenect\0.5.7-1.5.8\libfreenect-0.5.7-1.5.8-linux-ppc64le.jar;C:\Users\Gandeevan\.m2\repository\org\bytedeco\libfreenect\0.5.7-1.5.8\libfreenect-0.5.7-1.5.8-macosx-x86_64.jar;C:\Users\Gandeevan\.m2\repository\org\bytedeco\libfreenect\0.5.7-1.5.8\libfreenect-0.5.7-1.5.8-windows-x86.jar;C:\Users\Gandeevan\.m2\repository\org\bytedeco\libfreenect\0.5.7-1.5.8\libfreenect-0.5.7-1.5.8-windows-x86_64.jar;C:\Users\Gandeevan\.m2\repository\org\bytedeco\libfreenect2-platform\0.2.0-1.5.8\libfreenect2-platform-0.2.0-1.5.8.jar;C:\Users\Gandeevan\.m2\repository\org\bytedeco\libfreenect2\0.2.0-1.5.8\libfreenect2-0.2.0-1.5.8-linux-x86.jar;C:\Users\Gandeevan\.m2\repository\org\bytedeco\libfreenect2\0.2.0-1.5.8\libfreenect2-0.2.0-1.5.8-linux-x86_64.jar;C:\Users\Gandeevan\.m2\repository\org\bytedeco\libfreenect2\0.2.0-1.5.8\libfreenect2-0.2.0-1.5.8-macosx-x86_64.jar;C:\Users\Gandeevan\.m2\repository\org\bytedeco\libfreenect2\0.2.0-1.5.8\libfreenect2-0.2.0-1.5.8-windows-x86_64.jar;C:\Users\Gandeevan\.m2\repository\org\bytedeco\librealsense-platform\1.12.4-1.5.8\librealsense-platform-1.12.4-1.5.8.jar;C:\Users\Gandeevan\.m2\repository\org\bytedeco\librealsense\1.12.4-1.5.8\librealsense-1.12.4-1.5.8-linux-armhf.jar;C:\Users\Gandeevan\.m2\repository\org\bytedeco\librealsense\1.12.4-1.5.8\librealsense-1.12.4-1.5.8-linux-arm64.jar;C:\Users\Gandeevan\.m2\repository\org\bytedeco\librealsense\1.12.4-1.5.8\librealsense-1.12.4-1.5.8-linux-x86.jar;C:\Users\Gandeevan\.m2\repository\org\bytedeco\librealsense\1.12.4-1.5.8\librealsense-1.12.4-1.5.8-linux-x86_64.jar;C:\Users\Gandeevan\.m2\repository\org\bytedeco\librealsense\1.12.4-1.5.8\librealsense-1.12.4-1.5.8-macosx-x86_64.jar;C:\Users\Gandeevan\.m2\repository\org\bytedeco\librealsense\1.12.4-1.5.8\librealsense-1.12.4-1.5.8-windows-x86.jar;C:\Users\Gandeevan\.m2\repository\org\bytedeco\librealsense\1.12.4-1.5.8\librealsense-1.12.4-1.5.8-windows-x86_64.jar;C:\Users\Gandeevan\.m2\repository\org\bytedeco\librealsense2-platform\2.50.0-1.5.8\librealsense2-platform-2.50.0-1.5.8.jar;C:\Users\Gandeevan\.m2\repository\org\bytedeco\librealsense2\2.50.0-1.5.8\librealsense2-2.50.0-1.5.8-linux-armhf.jar;C:\Users\Gandeevan\.m2\repository\org\bytedeco\librealsense2\2.50.0-1.5.8\librealsense2-2.50.0-1.5.8-linux-arm64.jar;C:\Users\Gandeevan\.m2\repository\org\bytedeco\librealsense2\2.50.0-1.5.8\librealsense2-2.50.0-1.5.8-linux-x86.jar;C:\Users\Gandeevan\.m2\repository\org\bytedeco\librealsense2\2.50.0-1.5.8\librealsense2-2.50.0-1.5.8-linux-x86_64.jar;C:\Users\Gandeevan\.m2\repository\org\bytedeco\librealsense2\2.50.0-1.5.8\librealsense2-2.50.0-1.5.8-macosx-x86_64.jar;C:\Users\Gandeevan\.m2\repository\org\bytedeco\librealsense2\2.50.0-1.5.8\librealsense2-2.50.0-1.5.8-windows-x86.jar;C:\Users\Gandeevan\.m2\repository\org\bytedeco\librealsense2\2.50.0-1.5.8\librealsense2-2.50.0-1.5.8-windows-x86_64.jar;C:\Users\Gandeevan\.m2\repository\org\bytedeco\videoinput-platform\0.200-1.5.8\videoinput-platform-0.200-1.5.8.jar;C:\Users\Gandeevan\.m2\repository\org\bytedeco\videoinput\0.200-1.5.8\videoinput-0.200-1.5.8-windows-x86.jar;C:\Users\Gandeevan\.m2\repository\org\bytedeco\videoinput\0.200-1.5.8\videoinput-0.200-1.5.8-windows-x86_64.jar;C:\Users\Gandeevan\.m2\repository\org\bytedeco\artoolkitplus-platform\2.3.1-1.5.8\artoolkitplus-platform-2.3.1-1.5.8.jar;C:\Users\Gandeevan\.m2\repository\org\bytedeco\artoolkitplus\2.3.1-1.5.8\artoolkitplus-2.3.1-1.5.8-android-arm.jar;C:\Users\Gandeevan\.m2\repository\org\bytedeco\artoolkitplus\2.3.1-1.5.8\artoolkitplus-2.3.1-1.5.8-android-arm64.jar;C:\Users\Gandeevan\.m2\repository\org\bytedeco\artoolkitplus\2.3.1-1.5.8\artoolkitplus-2.3.1-1.5.8-android-x86.jar;C:\Users\Gandeevan\.m2\repository\org\bytedeco\artoolkitplus\2.3.1-1.5.8\artoolkitplus-2.3.1-1.5.8-android-x86_64.jar;C:\Users\Gandeevan\.m2\repository\org\bytedeco\artoolkitplus\2.3.1-1.5.8\artoolkitplus-2.3.1-1.5.8-linux-x86.jar;C:\Users\Gandeevan\.m2\repository\org\bytedeco\artoolkitplus\2.3.1-1.5.8\artoolkitplus-2.3.1-1.5.8-linux-x86_64.jar;C:\Users\Gandeevan\.m2\repository\org\bytedeco\artoolkitplus\2.3.1-1.5.8\artoolkitplus-2.3.1-1.5.8-linux-armhf.jar;C:\Users\Gandeevan\.m2\repository\org\bytedeco\artoolkitplus\2.3.1-1.5.8\artoolkitplus-2.3.1-1.5.8-linux-arm64.jar;C:\Users\Gandeevan\.m2\repository\org\bytedeco\artoolkitplus\2.3.1-1.5.8\artoolkitplus-2.3.1-1.5.8-linux-ppc64le.jar;C:\Users\Gandeevan\.m2\repository\org\bytedeco\artoolkitplus\2.3.1-1.5.8\artoolkitplus-2.3.1-1.5.8-macosx-x86_64.jar;C:\Users\Gandeevan\.m2\repository\org\bytedeco\artoolkitplus\2.3.1-1.5.8\artoolkitplus-2.3.1-1.5.8-windows-x86.jar;C:\Users\Gandeevan\.m2\repository\org\bytedeco\artoolkitplus\2.3.1-1.5.8\artoolkitplus-2.3.1-1.5.8-windows-x86_64.jar;C:\Users\Gandeevan\.m2\repository\org\bytedeco\flandmark-platform\1.07-1.5.8\flandmark-platform-1.07-1.5.8.jar;C:\Users\Gandeevan\.m2\repository\org\bytedeco\flandmark\1.07-1.5.8\flandmark-1.07-1.5.8-android-arm.jar;C:\Users\Gandeevan\.m2\repository\org\bytedeco\flandmark\1.07-1.5.8\flandmark-1.07-1.5.8-android-arm64.jar;C:\Users\Gandeevan\.m2\repository\org\bytedeco\flandmark\1.07-1.5.8\flandmark-1.07-1.5.8-android-x86.jar;C:\Users\Gandeevan\.m2\repository\org\bytedeco\flandmark\1.07-1.5.8\flandmark-1.07-1.5.8-android-x86_64.jar;C:\Users\Gandeevan\.m2\repository\org\bytedeco\flandmark\1.07-1.5.8\flandmark-1.07-1.5.8-linux-x86.jar;C:\Users\Gandeevan\.m2\repository\org\bytedeco\flandmark\1.07-1.5.8\flandmark-1.07-1.5.8-linux-x86_64.jar;C:\Users\Gandeevan\.m2\repository\org\bytedeco\flandmark\1.07-1.5.8\flandmark-1.07-1.5.8-linux-armhf.jar;C:\Users\Gandeevan\.m2\repository\org\bytedeco\flandmark\1.07-1.5.8\flandmark-1.07-1.5.8-linux-arm64.jar;C:\Users\Gandeevan\.m2\repository\org\bytedeco\flandmark\1.07-1.5.8\flandmark-1.07-1.5.8-linux-ppc64le.jar;C:\Users\Gandeevan\.m2\repository\org\bytedeco\flandmark\1.07-1.5.8\flandmark-1.07-1.5.8-macosx-x86_64.jar;C:\Users\Gandeevan\.m2\repository\org\bytedeco\flandmark\1.07-1.5.8\flandmark-1.07-1.5.8-windows-x86.jar;C:\Users\Gandeevan\.m2\repository\org\bytedeco\flandmark\1.07-1.5.8\flandmark-1.07-1.5.8-windows-x86_64.jar;C:\Users\Gandeevan\.m2\repository\org\bytedeco\leptonica-platform\1.82.0-1.5.8\leptonica-platform-1.82.0-1.5.8.jar;C:\Users\Gandeevan\.m2\repository\org\bytedeco\leptonica\1.82.0-1.5.8\leptonica-1.82.0-1.5.8-android-arm.jar;C:\Users\Gandeevan\.m2\repository\org\bytedeco\leptonica\1.82.0-1.5.8\leptonica-1.82.0-1.5.8-android-arm64.jar;C:\Users\Gandeevan\.m2\repository\org\bytedeco\leptonica\1.82.0-1.5.8\leptonica-1.82.0-1.5.8-android-x86.jar;C:\Users\Gandeevan\.m2\repository\org\bytedeco\leptonica\1.82.0-1.5.8\leptonica-1.82.0-1.5.8-android-x86_64.jar;C:\Users\Gandeevan\.m2\repository\org\bytedeco\leptonica\1.82.0-1.5.8\leptonica-1.82.0-1.5.8-linux-x86.jar;C:\Users\Gandeevan\.m2\repository\org\bytedeco\leptonica\1.82.0-1.5.8\leptonica-1.82.0-1.5.8-linux-x86_64.jar;C:\Users\Gandeevan\.m2\repository\org\bytedeco\leptonica\1.82.0-1.5.8\leptonica-1.82.0-1.5.8-linux-armhf.jar;C:\Users\Gandeevan\.m2\repository\org\bytedeco\leptonica\1.82.0-1.5.8\leptonica-1.82.0-1.5.8-linux-arm64.jar;C:\Users\Gandeevan\.m2\repository\org\bytedeco\leptonica\1.82.0-1.5.8\leptonica-1.82.0-1.5.8-linux-ppc64le.jar;C:\Users\Gandeevan\.m2\repository\org\bytedeco\leptonica\1.82.0-1.5.8\leptonica-1.82.0-1.5.8-macosx-arm64.jar;C:\Users\Gandeevan\.m2\repository\org\bytedeco\leptonica\1.82.0-1.5.8\leptonica-1.82.0-1.5.8-macosx-x86_64.jar;C:\Users\Gandeevan\.m2\repository\org\bytedeco\leptonica\1.82.0-1.5.8\leptonica-1.82.0-1.5.8-windows-x86.jar;C:\Users\Gandeevan\.m2\repository\org\bytedeco\leptonica\1.82.0-1.5.8\leptonica-1.82.0-1.5.8-windows-x86_64.jar;C:\Users\Gandeevan\.m2\repository\org\bytedeco\tesseract-platform\5.2.0-1.5.8\tesseract-platform-5.2.0-1.5.8.jar;C:\Users\Gandeevan\.m2\repository\org\bytedeco\tesseract\5.2.0-1.5.8\tesseract-5.2.0-1.5.8-android-arm.jar;C:\Users\Gandeevan\.m2\repository\org\bytedeco\tesseract\5.2.0-1.5.8\tesseract-5.2.0-1.5.8-android-arm64.jar;C:\Users\Gandeevan\.m2\repository\org\bytedeco\tesseract\5.2.0-1.5.8\tesseract-5.2.0-1.5.8-android-x86.jar;C:\Users\Gandeevan\.m2\repository\org\bytedeco\tesseract\5.2.0-1.5.8\tesseract-5.2.0-1.5.8-android-x86_64.jar;C:\Users\Gandeevan\.m2\repository\org\bytedeco\tesseract\5.2.0-1.5.8\tesseract-5.2.0-1.5.8-linux-x86.jar;C:\Users\Gandeevan\.m2\repository\org\bytedeco\tesseract\5.2.0-1.5.8\tesseract-5.2.0-1.5.8-linux-x86_64.jar;C:\Users\Gandeevan\.m2\repository\org\bytedeco\tesseract\5.2.0-1.5.8\tesseract-5.2.0-1.5.8-linux-armhf.jar;C:\Users\Gandeevan\.m2\repository\org\bytedeco\tesseract\5.2.0-1.5.8\tesseract-5.2.0-1.5.8-linux-arm64.jar;C:\Users\Gandeevan\.m2\repository\org\bytedeco\tesseract\5.2.0-1.5.8\tesseract-5.2.0-1.5.8-linux-ppc64le.jar;C:\Users\Gandeevan\.m2\repository\org\bytedeco\tesseract\5.2.0-1.5.8\tesseract-5.2.0-1.5.8-macosx-arm64.jar;C:\Users\Gandeevan\.m2\repository\org\bytedeco\tesseract\5.2.0-1.5.8\tesseract-5.2.0-1.5.8-macosx-x86_64.jar;C:\Users\Gandeevan\.m2\repository\org\bytedeco\tesseract\5.2.0-1.5.8\tesseract-5.2.0-1.5.8-windows-x86.jar;C:\Users\Gandeevan\.m2\repository\org\bytedeco\tesseract\5.2.0-1.5.8\tesseract-5.2.0-1.5.8-windows-x86_64.jar
Launcher Type: SUN_STANDARD

[Global flags]
     intx CICompilerCount                          = 12                                        {product} {ergonomic}
     uint ConcGCThreads                            = 4                                         {product} {ergonomic}
     uint G1ConcRefinementThreads                  = 15                                        {product} {ergonomic}
   size_t G1HeapRegionSize                         = 4194304                                   {product} {ergonomic}
   size_t InitialHeapSize                          = 536870912                                 {product} {ergonomic}
   size_t MarkStackSize                            = 4194304                                   {product} {ergonomic}
   size_t MarkStackSizeMax                         = 536870912                                 {product} {ergonomic}
   size_t MaxHeapSize                              = 8531214336                                {product} {ergonomic}
   size_t MaxNewSize                               = 5117050880                                {product} {ergonomic}
   size_t MinHeapDeltaBytes                        = 4194304                                   {product} {ergonomic}
   size_t MinHeapSize                              = 8388608                                   {product} {ergonomic}
    uintx NonNMethodCodeHeapSize                   = 7602176                                {pd product} {ergonomic}
    uintx NonProfiledCodeHeapSize                  = 122093568                              {pd product} {ergonomic}
    uintx ProfiledCodeHeapSize                     = 121962496                              {pd product} {ergonomic}
    uintx ReservedCodeCacheSize                    = 251658240                              {pd product} {ergonomic}
     bool SegmentedCodeCache                       = true                                      {product} {ergonomic}
   size_t SoftMaxHeapSize                          = 8531214336                             {manageable} {ergonomic}
     bool UseCompressedOops                        = true                           {product lp64_product} {ergonomic}
     bool UseG1GC                                  = true                                      {product} {ergonomic}
     bool UseLargePagesIndividualAllocation        = false                                  {pd product} {ergonomic}

Logging:
Log output configuration:
 #0: stdout all=warning uptime,level,tags foldmultilines=false
 #1: stderr all=off uptime,level,tags foldmultilines=false

Environment Variables:
JAVA_HOME=C:\Program Files\Java\jdk-24
PATH=C:\Program Files\Common Files\Oracle\Java\javapath;C:\Program Files\BellSoft\LibericaJDK-24\bin\;C:\Python313\Scripts\;C:\Python313\;C:\WINDOWS\system32;C:\WINDOWS;C:\WINDOWS\System32\Wbem;C:\WINDOWS\System32\WindowsPowerShell\v1.0\;C:\WINDOWS\System32\OpenSSH\;C:\ProgramData\chocolatey\bin;C:\Program Files\Git\cmd;C:\Program Files\Docker\Docker\resources\bin;C:\Program Files\MySQL\MySQL Server 8.0\bin;C:\Program Files\apache-maven-3.8.8\bin;C:\Program Files\Java\jdk-24\bin;%LOCALAPPDATA%\Android\Sdk\platform-tools;C:\Program Files\Amazon\AWSCLIV2\;C:\Program Files\nodejs\;C:\Users\Gandeevan\AppData\Local\Microsoft\WindowsApps;C:\Users\Gandeevan\AppData\Local\Programs\Microsoft VS Code\bin;C:\Users\Gandeevan\AppData\Roaming\npm;C:\Users\Gandeevan\AppData\Local\GitHubDesktop\bin
USERNAME=Gandeevan
OS=Windows_NT
PROCESSOR_IDENTIFIER=Intel64 Family 6 Model 151 Stepping 2, GenuineIntel
TMP=C:\Users\GANDEE~1\AppData\Local\Temp
TEMP=C:\Users\GANDEE~1\AppData\Local\Temp




Periodic native trim disabled

---------------  S Y S T E M  ---------------

OS:
 Windows 11 , 64 bit Build 26100 (10.0.26100.4202)
OS uptime: 0 days 1:40 hours
Hyper-V role detected

CPU: total 20 (initial active 20) (10 cores per cpu, 2 threads per core) family 6 model 151 stepping 2 microcode 0x35, cx8, cmov, fxsr, ht, mmx, 3dnowpref, sse, sse2, sse3, ssse3, sse4.1, sse4.2, popcnt, lzcnt, tsc, tscinvbit, avx, avx2, aes, erms, clmul, bmi1, bmi2, adx, sha, fma, vzeroupper, clflush, clflushopt, clwb, hv, serialize, rdtscp, rdpid, fsrm, gfni, f16c, cet_ibt, cet_ss
Processor Information for the first 20 processors :
  Max Mhz: 3600, Current Mhz: 3600, Mhz Limit: 3600

Memory: 4k page, system-wide physical 32535M (14725M free)
TotalPageFile size 34583M (AvailPageFile size 9916M)
current process WorkingSet (physical memory assigned to process): 324M, peak: 452M
current process commit charge ("private bytes"): 393M, peak: 794M

vm_info: Java HotSpot(TM) 64-Bit Server VM (24.0.1+9-30) for windows-amd64 JRE (24.0.1+9-30), built on 2025-03-05T07:23:45Z with MS VC++ 17.6 (VS2022)

END.
