#
# A fatal error has been detected by the Java Runtime Environment:
#
#  EXCEPTION_ACCESS_VIOLATION (0xc0000005) at pc=0x0000014bf3703046, pid=24132, tid=1716
#
# JRE version: Java(TM) SE Runtime Environment (24.0.1+9) (build 24.0.1+9-30)
# Java VM: Java HotSpot(TM) 64-Bit Server VM (24.0.1+9-30, mixed mode, sharing, tiered, compressed oops, compressed class ptrs, g1 gc, windows-amd64)
# Problematic frame:
# J 2630 c2 java.nio.DirectByteBuffer.get(I)B java.base@24.0.1 (34 bytes) @ 0x0000014bf3703046 [0x0000014bf3703000+0x0000000000000046]
#
# No core dump will be written. Minidumps are not enabled by default on client versions of Windows
#
# If you would like to submit a bug report, please visit:
#   https://bugreport.java.com/bugreport/crash.jsp
#

---------------  S U M M A R Y ------------

Command Line: -javaagent:C:\Program Files\JetBrains\IntelliJ IDEA 2025.1.2\lib\idea_rt.jar=52235 -Dfile.encoding=UTF-8 -Dsun.stdout.encoding=UTF-8 -Dsun.stderr.encoding=UTF-8 --module-path=C:\Users\Gandeevan\.m2\repository\org\openjfx\javafx-fxml\17.0.6\javafx-fxml-17.0.6-win.jar;C:\Users\Gandeevan\.m2\repository\org\bytedeco\libfreenect2\0.2.0-1.5.8\libfreenect2-0.2.0-1.5.8.jar;C:\Users\Gandeevan\.m2\repository\javax\websocket\javax.websocket-client-api\1.1\javax.websocket-client-api-1.1.jar;C:\Users\Gandeevan\.m2\repository\org\bytedeco\libfreenect\0.5.7-1.5.8\libfreenect-0.5.7-1.5.8.jar;C:\Users\Gandeevan\.m2\repository\org\bytedeco\flandmark\1.07-1.5.8\flandmark-1.07-1.5.8.jar;C:\Users\Gandeevan\.m2\repository\org\bytedeco\opencv\4.6.0-1.5.8\opencv-4.6.0-1.5.8.jar;C:\Users\Gandeevan\.m2\repository\org\openjfx\javafx-graphics\17.0.6\javafx-graphics-17.0.6-win.jar;C:\Users\Gandeevan\.m2\repository\org\openjfx\javafx-controls\17.0.6\javafx-controls-17.0.6-win.jar;C:\Users\Gandeevan\.m2\repository\org\bytedeco\javacv\1.5.8\javacv-1.5.8.jar;C:\Users\Gandeevan\.m2\repository\org\bytedeco\librealsense\1.12.4-1.5.8\librealsense-1.12.4-1.5.8.jar;C:\Users\Gandeevan\.m2\repository\org\bytedeco\javacpp\1.5.8\javacpp-1.5.8.jar;C:\Users\Gandeevan\.m2\repository\org\openjfx\javafx-base\17.0.6\javafx-base-17.0.6-win.jar;C:\Users\Gandeevan\.m2\repository\org\bytedeco\openblas\0.3.21-1.5.8\openblas-0.3.21-1.5.8.jar;C:\Users\Gandeevan\.m2\repository\org\bytedeco\videoinput\0.200-1.5.8\videoinput-0.200-1.5.8.jar;C:\Users\Gandeevan\.m2\repository\org\bytedeco\librealsense2\2.50.0-1.5.8\librealsense2-2.50.0-1.5.8.jar;C:\Users\Gandeevan\.m2\repository\org\bytedeco\libdc1394\2.2.6-1.5.8\libdc1394-2.2.6-1.5.8.jar;C:\Users\Gandeevan\.m2\repository\org\bytedeco\tesseract\5.2.0-1.5.8\tesseract-5.2.0-1.5.8.jar;C:\Users\Gandeevan\.m2\repository\org\bytedeco\flycapture\2.13.3.31-1.5.8\flycapture-2.13.3.31-1.5.8.jar;C:\Users\Gandeevan\.m2\repository\org\bytedeco\leptonica\1.82.0-1.5.8\leptonica-1.82.0-1.5.8.jar;C:\Users\Gandeevan\.m2\repository\org\bytedeco\ffmpeg\5.1.2-1.5.8\ffmpeg-5.1.2-1.5.8.jar;C:\Users\Gandeevan\Desktop\Camera_stream_plugin_javaFX\target\clas-Djdk.module.main=com.example.camera_demo com.example.camera_demo/com.example.camera_demo.CameraApplication

Host: 12th Gen Intel(R) Core(TM) i7-12700K, 20 cores, 31G,  Windows 11 , 64 bit Build 26100 (10.0.26100.4202)
Time: Thu Jun 26 11:38:03 2025 India Standard Time elapsed time: 6.130415 seconds (0d 0h 0m 6s)

---------------  T H R E A D  ---------------

Current thread (0x0000014bd6336900):  JavaThread "pool-2-thread-1"        [_thread_in_Java, id=1716, stack(0x000000354e700000,0x000000354e800000) (1024K)]

Stack: [0x000000354e700000,0x000000354e800000],  sp=0x000000354e7fed40,  free space=1019k
Native frames: (J=compiled Java code, j=interpreted, Vv=VM code, C=native code)
C  0x0000014bf3703046  (no source info available)

The last pc belongs to nmethod (printed below).

siginfo: EXCEPTION_ACCESS_VIOLATION (0xc0000005), reading address 0x0000014c0007b000


Registers:
RAX=0x0000014b892bf5d0, RBX=0x0000014b892bf5d0, RCX=0xfffffffffffffff5, RDX=0x000000061ecf30a8
RSP=0x000000354e7fed40, RBP=0x00000000000e1000, RSI=0x00000000000005aa, RDI=0x0000000000000002
R8 =0x0000000000000140, R9 =0x000000061ed02330, R10=0x0000014c0007aec0, R11=0x0000000000000140
R12=0x0000000000000000, R13=0x000000354e7fed80, R14=0x0000000000000000, R15=0x0000014bd6336900
RIP=0x0000014bf3703046, EFLAGS=0x0000000000010283

XMM[0]=0x0000000000000000 0x3ff0000000000000
XMM[1]=0x0000000000000000 0x3ff0000000000000
XMM[2]=0x0000000000000000 0x0000000000000000
XMM[3]=0x0000000000000000 0x0000000000000000
XMM[4]=0x0000000000000000 0x0000000000000000
XMM[5]=0x0000000000000000 0x0000000000000000
XMM[6]=0x0000000000000000 0x0000000000000000
XMM[7]=0x0000000000000000 0x0000000000000000
XMM[8]=0x0000000000000000 0x0000000000000000
XMM[9]=0x0000000000000000 0x0000000000000000
XMM[10]=0x0000000000000000 0x0000000000000000
XMM[11]=0x0000000000000000 0x0000000000000000
XMM[12]=0x0000000000000000 0x0000000000000000
XMM[13]=0x0000000000000000 0x0000000000000000
XMM[14]=0x0000000000000000 0x0000000000000000
XMM[15]=0x0000000000000000 0x0000000000000000
  MXCSR=0x00001fa0


Register to memory mapping:

RAX={method} {0x0000014b892bf5d8} 'get' '(I)B' in 'java/nio/DirectByteBuffer'
RBX={method} {0x0000014b892bf5d8} 'get' '(I)B' in 'java/nio/DirectByteBuffer'
RCX=0xfffffffffffffff5 is an unknown value
RDX=0x000000061ecf30a8 is an oop: java.nio.DirectByteBuffer 
{0x000000061ecf30a8} - klass: 'java/nio/DirectByteBuffer' - flags: 

 - ---- fields (total size 8 words):
 - private 'mark' 'I' @12  -1 (0xffffffff)
 - 'address' 'J' @16  1425929645760 (0x0000014c0007aec0)
 - private 'position' 'I' @24  0 (0x00000000)
 - private 'limit' 'I' @28  921600 (0x000e1000)
 - private final 'capacity' 'I' @32  921600 (0x000e1000)
 - final 'segment' 'Ljava/lang/foreign/MemorySegment;' @36  null (0x00000000)
 - final 'offset' 'I' @40  0 (0x00000000)
 - 'isReadOnly' 'Z' @44  false (0x00)
 - 'bigEndian' 'Z' @45  false (0x00)
 - 'nativeByteOrder' 'Z' @46  true (0x01)
 - final 'hb' '[B' @48  null (0x00000000)
 - private final 'isSync' 'Z' @47  false (0x00)
 - private final 'fd' 'Ljava/io/FileDescriptor;' @52  null (0x00000000)
 - private final 'att' 'Ljava/lang/Object;' @56  null (0x00000000)
 - private final 'cleaner' 'Ljdk/internal/ref/Cleaner;' @60  null (0x00000000)
RSP=0x000000354e7fed40 is pointing into the stack for thread: 0x0000014bd6336900
RBP=0x00000000000e1000 is an unknown value
RSI=0x00000000000005aa is an unknown value
RDI=0x0000000000000002 is an unknown value
R8 =0x0000000000000140 is an unknown value
R9 =0x000000061ed02330 is an oop: java.nio.HeapByteBuffer 
{0x000000061ed02330} - klass: 'java/nio/HeapByteBuffer' - flags: 

 - ---- fields (total size 7 words):
 - private 'mark' 'I' @12  -1 (0xffffffff)
 - 'address' 'J' @16  16 (0x0000000000000010)
 - private 'position' 'I' @24  0 (0x00000000)
 - private 'limit' 'I' @28  921600 (0x000e1000)
 - private final 'capacity' 'I' @32  921600 (0x000e1000)
 - final 'segment' 'Ljava/lang/foreign/MemorySegment;' @36  null (0x00000000)
 - final 'offset' 'I' @40  0 (0x00000000)
 - 'isReadOnly' 'Z' @44  false (0x00)
 - 'bigEndian' 'Z' @45  true (0x01)
 - 'nativeByteOrder' 'Z' @46  false (0x00)
 - final 'hb' '[B' @48  [B{0x000000061e400000} (0xc3c80000)
R10=0x0000014c0007aec0 is an unknown value
R11=0x0000000000000140 is an unknown value
R12=0x0 is null
R13=0x000000354e7fed80 is pointing into the stack for thread: 0x0000014bd6336900
R14=0x0 is null
R15=0x0000014bd6336900 is a thread

Top of Stack: (sp=0x000000354e7fed40)
0x000000354e7fed40:   0000000000000000 00000007ffc901f8   ................
0x000000354e7fed50:   0000014b892c16e8 0000000000000000   ..,.K...........
0x000000354e7fed60:   000000354e7fed78 000000354e7fedd8   x..N5......N5...
0x000000354e7fed70:   000000354e7fedd8 0000014bf2ef8948   ...N5...H...K...
0x000000354e7fed80:   0000000000000140 000000061ecf30a8   @........0......
0x000000354e7fed90:   fffffffffffffff7 0000014bcb29a471   ........q.).K...
0x000000354e7feda0:   0000000000000014 0000014bcb2a54c8   .........T*.K...
0x000000354e7fedb0:   0000000000000000 000000060699fd30   ........0.......
0x000000354e7fedc0:   0000014bcb29a718 fffffffffffffff5   ..).K...........
0x000000354e7fedd0:   000000354e7fee28 000000354e7feec8   (..N5......N5...
0x000000354e7fede0:   0000014bf2ef8800 0000000000000000   ....K...........
0x000000354e7fedf0:   0000000000000021 0000000000000021   !.......!.......
0x000000354e7fee00:   0000000000000140 000000061ed02368   @.......h#......
0x000000354e7fee10:   0000000000000000 0000000000000000   ................
0x000000354e7fee20:   0000000000000780 0000000000000000   ................
0x000000354e7fee30:   0000000000000000 3ff0000000000000   ...............?
0x000000354e7fee40:   0000014bcb29e690 0000000000000000   ..).K...........
0x000000354e7fee50:   0000000000000780 0000000000000140   ........@.......
0x000000354e7fee60:   000000061ed02330 0000000000000780   0#..............
0x000000354e7fee70:   0000000000000141 000000061ecf30a8   A........0......
0x000000354e7fee80:   fffffffffffffff7 0000014bcb29bcfe   ..........).K...
0x000000354e7fee90:   0000000000000013 0000014bcb2a54c8   .........T*.K...
0x000000354e7feea0:   0000000000000000 000000060699fd30   ........0.......
0x000000354e7feeb0:   0000014bcb29bfa8 ffffffffffffffec   ..).K...........
0x000000354e7feec0:   000000354e7fef38 000000354e7fefb0   8..N5......N5...
0x000000354e7feed0:   0000014bf2ef8800 0000000000000000   ....K...........
0x000000354e7feee0:   000000061e400000 0000000000000000   ..@.............
0x000000354e7feef0:   0000000000000003 0000000000000780   ................
0x000000354e7fef00:   0000000000000000 0000000000000000   ................
0x000000354e7fef10:   000000061ed012a8 000000061ed01f70   ........p.......
0x000000354e7fef20:   000000061ed01968 0000000000000000   h...............
0x000000354e7fef30:   000000061ecf30a8 0000000000000000   .0..............

Instructions: (pc=0x0000014bf3703046)
  0x0000014bf3702f46:   00 00 04 00 00 00 00 00 00 00 d0 f5 2b 89 4b 01
  0x0000014bf3702f56:   00 00 00 00 00 00 00 00 00 00 f0 15 ba d5 4b 01
  0x0000014bf3702f66:   00 00 90 19 d3 d5 4b 01 00 00 00 00 00 00 00 00
  0x0000014bf3702f76:   00 00 00 00 00 00 00 00 00 00 00 00 00 00 00 00
  0x0000014bf3702f86:   00 00 00 00 00 00 00 00 00 00 00 30 70 f3 4b 01
  0x0000014bf3702f96:   00 00 02 00 10 00 ff ff ff ff b8 00 00 00 18 00
  0x0000014bf3702fa6:   00 00 d0 01 00 00 d0 01 00 00 d5 01 00 00 ff ff
  0x0000014bf3702fb6:   ff ff ff ff 00 00 10 00 50 00 18 00 18 00 18 00
  0x0000014bf3702fc6:   00 00 68 00 00 00 b8 00 00 00 20 00 00 00 46 0a
  0x0000014bf3702fd6:   00 00 04 02 04 00 11 00 00 00 0a 30 46 58 1b 31
  0x0000014bf3702fe6:   05 80 17 31 05 80 1b 31 05 80 64 78 08 40 11 31
  0x0000014bf3702ff6:   05 31 0e 00 00 31 0f 31 00 00 66 90 44 8b 52 08
  0x0000014bf3703006:   44 3b 50 08 0f 85 50 b7 83 ff 89 84 24 00 80 ff
  0x0000014bf3703016:   ff 55 48 83 ec 30 41 81 7f 20 03 00 00 00 0f 85
  0x0000014bf3703026:   a0 00 00 00 44 8b 5a 24 45 85 db 75 61 8b 6a 1c
  0x0000014bf3703036:   85 ed 7c 3e 44 3b c5 73 1c 4c 8b 52 10 4d 63 d8
=>0x0000014bf3703046:   43 0f be 04 1a 48 83 c4 30 5d 49 3b 67 28 0f 87
  0x0000014bf3703056:   5a 00 00 00 c3 48 89 54 24 08 44 89 44 24 10 ba
  0x0000014bf3703066:   e4 ff ff ff 90 e8 70 f4 98 ff 0f 1f 84 00 68 01
  0x0000014bf3703076:   00 00 48 89 54 24 08 44 89 44 24 10 ba cc ff ff
  0x0000014bf3703086:   ff e8 54 f4 98 ff 0f 1f 84 00 84 01 00 01 44 89
  0x0000014bf3703096:   04 24 48 89 54 24 08 44 89 5c 24 04 ba 4d ff ff
  0x0000014bf37030a6:   ff e8 34 f4 98 ff 0f 1f 84 00 a4 01 00 02 49 ba
  0x0000014bf37030b6:   50 30 70 f3 4b 01 00 00 4d 89 97 60 04 00 00 e9
  0x0000014bf37030c6:   16 2c 84 ff e8 31 28 82 ff e9 56 ff ff ff f4 f4
  0x0000014bf37030d6:   f4 f4 e9 03 f7 98 ff e8 00 00 00 00 48 83 2c 24
  0x0000014bf37030e6:   05 e9 94 21 84 ff f4 f4 f4 f4 88 aa 0b 06 06 00
  0x0000014bf37030f6:   00 00 90 bc 10 06 06 00 00 00 d0 f5 2b 89 4b 01
  0x0000014bf3703106:   00 00 68 25 1b 89 4b 01 00 00 80 28 1b 89 4b 01
  0x0000014bf3703116:   00 00 28 0c 2c 89 4b 01 00 00 b8 0b 1d 89 4b 01
  0x0000014bf3703126:   00 00 e0 aa 19 89 4b 01 00 00 40 50 1d 89 4b 01
  0x0000014bf3703136:   00 00 80 02 1d 89 4b 01 00 00 00 00 00 00 00 00


Stack slot to memory mapping:

stack at sp + 0 slots: 0x0 is null
stack at sp + 1 slots: 0x00000007ffc901f8 is an oop: java.lang.Class 
{0x00000007ffc901f8} - klass: 'java/lang/Class' - flags: 

 - ---- fields (total size 17 words):
 - private volatile transient 'classRedefinedCount' 'I' @12  0 (0x00000000)
 - injected 'klass' 'J' @16  1423935540448 (0x0000014b892c0ce0)
 - injected 'array_klass' 'J' @24  0 (0x0000000000000000)
 - injected 'oop_size' 'I' @32  17 (0x00000011)
 - injected 'static_oop_field_count' 'I' @36  0 (0x00000000)
 - private volatile transient 'cachedConstructor' 'Ljava/lang/reflect/Constructor;' @40  null (0x00000000)
 - private transient 'name' 'Ljava/lang/String;' @44  null (0x00000000)
 - private transient 'module' 'Ljava/lang/Module;' @48  a 'java/lang/Module'{0x0000000606003068} (0xc0c0060d)
 - private final 'classLoader' 'Ljava/lang/ClassLoader;' @52  null (0x00000000)
 - private transient 'classData' 'Ljava/lang/Object;' @56  null (0x00000000)
 - private transient 'signers' '[Ljava/lang/Object;' @60  null (0x00000000)
 - private transient 'packageName' 'Ljava/lang/String;' @64  null (0x00000000)
 - private final 'componentType' 'Ljava/lang/Class;' @68  null (0x00000000)
 - private volatile transient 'reflectionData' 'Ljava/lang/ref/SoftReference;' @72  null (0x00000000)
 - private volatile transient 'genericInfo' 'Lsun/reflect/generics/repository/ClassRepository;' @76  null (0x00000000)
 - private volatile transient 'enumConstants' '[Ljava/lang/Object;' @80  null (0x00000000)
 - private volatile transient 'enumConstantDirectory' 'Ljava/util/Map;' @84  null (0x00000000)
 - private volatile transient 'annotationData' 'Ljava/lang/Class$AnnotationData;' @88  null (0x00000000)
 - private volatile transient 'annotationType' 'Lsun/reflect/annotation/AnnotationType;' @92  null (0x00000000)
 - transient 'classValueMap' 'Ljava/lang/ClassValue$ClassValueMap;' @96  null (0x00000000)
 - injected 'protection_domain' 'Ljava/lang/Object;' @100  null (0x00000000)
 - injected 'source_file' 'Ljava/lang/Object;' @104  null (0x00000000)
 - injected '<init_lock>' 'Ljava/lang/Object;' @108  null (0x00000000)
 - signature: Ljava/nio/HeapByteBuffer;
 - ---- static fields (0):
 - private static final 'ARRAY_BASE_OFFSET' 'J' @112  16 (0x0000000000000010)
 - private static final 'ARRAY_INDEX_SCALE' 'J' @120  1 (0x0000000000000001)
 - static final synthetic '$assertionsDisabled' 'Z' @128  true (0x01)
stack at sp + 2 slots: {method} {0x0000014b892c16f0} 'put' '(IB)Ljava/nio/ByteBuffer;' in 'java/nio/HeapByteBuffer'
stack at sp + 3 slots: 0x0 is null
stack at sp + 4 slots: 0x000000354e7fed78 is pointing into the stack for thread: 0x0000014bd6336900
stack at sp + 5 slots: 0x000000354e7fedd8 is pointing into the stack for thread: 0x0000014bd6336900
stack at sp + 6 slots: 0x000000354e7fedd8 is pointing into the stack for thread: 0x0000014bd6336900
stack at sp + 7 slots: 0x0000014bf2ef8948 is at code_begin+1608 in an Interpreter codelet
return entry points  [0x0000014bf2ef8300, 0x0000014bf2ef8f90]  3216 bytes

Lock stack of current Java thread (top to bottom):


Compiled method (c2) 6200 2630   !   4       java.nio.DirectByteBuffer::get (34 bytes)
 total in heap  [0x0000014bf3702f08,0x0000014bf3703140] = 568
 relocation     [0x0000014bf3702fe0,0x0000014bf3703000] = 32
 main code      [0x0000014bf3703000,0x0000014bf37030d8] = 216
 stub code      [0x0000014bf37030d8,0x0000014bf37030f0] = 24
 oops           [0x0000014bf37030f0,0x0000014bf3703100] = 16
 metadata       [0x0000014bf3703100,0x0000014bf3703140] = 64
 immutable data [0x0000014bd5ba15f0,0x0000014bd5ba16a8] = 184
 dependencies   [0x0000014bd5ba15f0,0x0000014bd5ba1608] = 24
 scopes pcs     [0x0000014bd5ba1608,0x0000014bd5ba1658] = 80
 scopes data    [0x0000014bd5ba1658,0x0000014bd5ba16a8] = 80

[Constant Pool (empty)]

[MachCode]
[Instructions begin]
  0x0000014bf3703000: 6690 448b | 5208 443b 

  0x0000014bf3703008: ;   {runtime_call Shared Runtime ic_miss_blob}
  0x0000014bf3703008: 5008 0f85 | 50b7 83ff 
[Verified Entry Point]
  0x0000014bf3703010: 8984 2400 | 80ff ff55 | 4883 ec30 | 4181 7f20 | 0300 0000 | 0f85 a000 | 0000 448b | 5a24 4585 
  0x0000014bf3703030: db75 618b | 6a1c 85ed | 7c3e 443b | c573 1c4c | 8b52 104d | 63d8 430f | be04 1a48 | 83c4 305d 
  0x0000014bf3703050: ;   {poll_return}
  0x0000014bf3703050: 493b 6728 | 0f87 5a00 | 0000 c348 | 8954 2408 | 4489 4424 | 10ba e4ff 

  0x0000014bf3703068: ;   {runtime_call UncommonTrapBlob}
  0x0000014bf3703068: ffff 90e8 

  0x0000014bf370306c: ; ImmutableOopMap {[8]=Oop }
                      ;*invokestatic checkIndex {reexecute=0 rethrow=0 return_oop=0}
                      ; - java.nio.Buffer::checkIndex@8 (line 767)
                      ; - java.nio.DirectByteBuffer::get@11 (line 340)
  0x0000014bf370306c: 70f4 98ff 

  0x0000014bf3703070: ;   {post_call_nop}
  0x0000014bf3703070: 0f1f 8400 | 6801 0000 | 4889 5424 | 0844 8944 | 2410 bacc 

  0x0000014bf3703084: ;   {runtime_call UncommonTrapBlob}
  0x0000014bf3703084: ffff ffe8 

  0x0000014bf3703088: ; ImmutableOopMap {[8]=Oop }
                      ;*invokestatic checkIndex {reexecute=0 rethrow=0 return_oop=0}
                      ; - java.nio.Buffer::checkIndex@8 (line 767)
                      ; - java.nio.DirectByteBuffer::get@11 (line 340)
  0x0000014bf3703088: 54f4 98ff 

  0x0000014bf370308c: ;   {post_call_nop}
  0x0000014bf370308c: 0f1f 8400 | 8401 0001 | 4489 0424 | 4889 5424 | 0844 895c | 2404 ba4d 

  0x0000014bf37030a4: ;   {runtime_call UncommonTrapBlob}
  0x0000014bf37030a4: ffff ffe8 

  0x0000014bf37030a8: ; ImmutableOopMap {[4]=NarrowOop [8]=Oop }
                      ;*ifnull {reexecute=1 rethrow=0 return_oop=0}
                      ; - (reexecute) java.nio.Buffer::session@4 (line 808)
                      ; - java.nio.DirectByteBuffer::get@4 (line 340)
  0x0000014bf37030a8: 34f4 98ff 

  0x0000014bf37030ac: ;   {post_call_nop}
  0x0000014bf37030ac: 0f1f 8400 | a401 0002 

  0x0000014bf37030b4: ;   {internal_word}
  0x0000014bf37030b4: 49ba 5030 | 70f3 4b01 | 0000 4d89 | 9760 0400 

  0x0000014bf37030c4: ;   {runtime_call SafepointBlob}
  0x0000014bf37030c4: 00e9 162c 

  0x0000014bf37030c8: ;   {runtime_call StubRoutines (final stubs)}
  0x0000014bf37030c8: 84ff e831 | 2882 ffe9 | 56ff ffff | f4f4 f4f4 
[Exception Handler]
  0x0000014bf37030d8: ;   {no_reloc}
  0x0000014bf37030d8: e903 f798 | ffe8 0000 | 0000 4883 

  0x0000014bf37030e4: ;   {runtime_call DeoptimizationBlob}
  0x0000014bf37030e4: 2c24 05e9 | 9421 84ff | f4f4 f4f4 
[/MachCode]


---------------  P R O C E S S  ---------------

Threads class SMR info:
_java_thread_list=0x0000014bd654def0, length=31, elements={
0x0000014be32245a0, 0x0000014bfd8ff6c0, 0x0000014bfd900000, 0x0000014bfd9061a0,
0x0000014bfd907060, 0x0000014bfd90a5d0, 0x0000014bfd90b100, 0x0000014bfd90fe00,
0x0000014bfd924eb0, 0x0000014b88b2a8a0, 0x0000014bcff1dd10, 0x0000014bcff1e450,
0x0000014bcfd105c0, 0x0000014bcfd27180, 0x0000014bd005ae10, 0x0000014bcfeac5c0,
0x0000014bd012f550, 0x0000014bd02ec440, 0x0000014bd02ef020, 0x0000014bd02ee8d0,
0x0000014bd02ef770, 0x0000014bd02eda30, 0x0000014bd6332e80, 0x0000014bd6334bc0,
0x0000014bd6335310, 0x0000014bd63361b0, 0x0000014bd63394e0, 0x0000014bd6336900,
0x0000014bd6337050, 0x0000014bd6fc4a00, 0x0000014bd6fc3b60
}

Java Threads: ( => current thread )
  0x0000014be32245a0 JavaThread "main"                              [_thread_blocked, id=9692, stack(0x000000354d500000,0x000000354d600000) (1024K)]
  0x0000014bfd8ff6c0 JavaThread "Reference Handler"          daemon [_thread_blocked, id=13264, stack(0x000000354dd00000,0x000000354de00000) (1024K)]
  0x0000014bfd900000 JavaThread "Finalizer"                  daemon [_thread_blocked, id=19808, stack(0x000000354de00000,0x000000354df00000) (1024K)]
  0x0000014bfd9061a0 JavaThread "Signal Dispatcher"          daemon [_thread_blocked, id=4532, stack(0x000000354df00000,0x000000354e000000) (1024K)]
  0x0000014bfd907060 JavaThread "Attach Listener"            daemon [_thread_blocked, id=28904, stack(0x000000354e000000,0x000000354e100000) (1024K)]
  0x0000014bfd90a5d0 JavaThread "Service Thread"             daemon [_thread_blocked, id=29612, stack(0x000000354e100000,0x000000354e200000) (1024K)]
  0x0000014bfd90b100 JavaThread "Monitor Deflation Thread"   daemon [_thread_blocked, id=24288, stack(0x000000354e200000,0x000000354e300000) (1024K)]
  0x0000014bfd90fe00 JavaThread "C2 CompilerThread0"         daemon [_thread_blocked, id=6756, stack(0x000000354e300000,0x000000354e400000) (1024K)]
  0x0000014bfd924eb0 JavaThread "C1 CompilerThread0"         daemon [_thread_blocked, id=28536, stack(0x000000354e400000,0x000000354e500000) (1024K)]
  0x0000014b88b2a8a0 JavaThread "Common-Cleaner"             daemon [_thread_blocked, id=10576, stack(0x000000354e600000,0x000000354e700000) (1024K)]
  0x0000014bcff1dd10 JavaThread "Monitor Ctrl-Break"         daemon [_thread_in_native, id=28580, stack(0x000000354ef00000,0x000000354f000000) (1024K)]
  0x0000014bcff1e450 JavaThread "Notification Thread"        daemon [_thread_blocked, id=25148, stack(0x000000354f000000,0x000000354f100000) (1024K)]
  0x0000014bcfd105c0 JavaThread "RMI TCP Accept-0"           daemon [_thread_in_native, id=10616, stack(0x000000354f100000,0x000000354f200000) (1024K)]
  0x0000014bcfd27180 JavaThread "QuantumRenderer-0"          daemon [_thread_blocked, id=26472, stack(0x000000354f200000,0x000000354f300000) (1024K)]
  0x0000014bd005ae10 JavaThread "RMI TCP Connection(1)-192.168.100.153" daemon [_thread_in_native, id=28180, stack(0x000000354f300000,0x000000354f400000) (1024K)]
  0x0000014bcfeac5c0 JavaThread "RMI Scheduler(0)"           daemon [_thread_blocked, id=6376, stack(0x000000354f400000,0x000000354f500000) (1024K)]
  0x0000014bd012f550 JavaThread "JMX server connection timeout 41" daemon [_thread_blocked, id=16168, stack(0x000000354f500000,0x000000354f600000) (1024K)]
  0x0000014bd02ec440 JavaThread "InvokeLaterDispatcher"      daemon [_thread_blocked, id=23796, stack(0x000000354f600000,0x000000354f700000) (1024K)]
  0x0000014bd02ef020 JavaThread "JavaFX Application Thread"         [_thread_blocked, id=15748, stack(0x000000354f700000,0x000000354f800000) (1024K)]
  0x0000014bd02ee8d0 JavaThread "JavaFX-Launcher"                   [_thread_blocked, id=23044, stack(0x000000354ee00000,0x000000354ef00000) (1024K)]
  0x0000014bd02ef770 JavaThread "Thread-2"                   daemon [_thread_in_native, id=23568, stack(0x0000003551a00000,0x0000003551b00000) (1024K)]
  0x0000014bd02eda30 JavaThread "Grizzly(1) SelectorRunner"  daemon [_thread_in_native, id=11852, stack(0x0000003551b00000,0x0000003551c00000) (1024K)]
  0x0000014bd6332e80 JavaThread "Grizzly(1)"                 daemon [_thread_blocked, id=28448, stack(0x0000003551c00000,0x0000003551d00000) (1024K)]
  0x0000014bd6334bc0 JavaThread "Grizzly(2)"                 daemon [_thread_blocked, id=28776, stack(0x0000003551d00000,0x0000003551e00000) (1024K)]
  0x0000014bd6335310 JavaThread "tyrus-1-thread-1"           daemon [_thread_blocked, id=18816, stack(0x0000003551f00000,0x0000003552000000) (1024K)]
  0x0000014bd63361b0 JavaThread "Prism Font Disposer"        daemon [_thread_blocked, id=25504, stack(0x0000003552300000,0x0000003552400000) (1024K)]
  0x0000014bd63394e0 JavaThread "tyrus-1-thread-2"           daemon [_thread_blocked, id=16764, stack(0x000000354e500000,0x000000354e600000) (1024K)]
=>0x0000014bd6336900 JavaThread "pool-2-thread-1"                   [_thread_in_Java, id=1716, stack(0x000000354e700000,0x000000354e800000) (1024K)]
  0x0000014bd6337050 JavaThread "Cleaner-0"                  daemon [_thread_blocked, id=16576, stack(0x000000354ed00000,0x000000354ee00000) (1024K)]
  0x0000014bd6fc4a00 JavaThread "JavaCPP Deallocator"        daemon [_thread_blocked, id=27704, stack(0x0000003552800000,0x0000003552900000) (1024K)]
  0x0000014bd6fc3b60 JavaThread "tyrus-1-thread-3"           daemon [_thread_blocked, id=10692, stack(0x000000354ec00000,0x000000354ed00000) (1024K)]
Total: 31

Other Threads:
  0x0000014bfd8eed90 VMThread "VM Thread"                           [id=2564, stack(0x000000354dc00000,0x000000354dd00000) (1024K)]
  0x0000014bfd83ea80 WatcherThread "VM Periodic Task Thread"        [id=16072, stack(0x000000354db00000,0x000000354dc00000) (1024K)]
  0x0000014bfd77f990 WorkerThread "GC Thread#0"                     [id=12688, stack(0x000000354d600000,0x000000354d700000) (1024K)]
  0x0000014bd03725e0 WorkerThread "GC Thread#1"                     [id=24684, stack(0x000000354f800000,0x000000354f900000) (1024K)]
  0x0000014bd03c50e0 WorkerThread "GC Thread#2"                     [id=7112, stack(0x000000354f900000,0x000000354fa00000) (1024K)]
  0x0000014bd03a0950 WorkerThread "GC Thread#3"                     [id=9504, stack(0x000000354fa00000,0x000000354fb00000) (1024K)]
  0x0000014bd03a01f0 WorkerThread "GC Thread#4"                     [id=29120, stack(0x000000354fb00000,0x000000354fc00000) (1024K)]
  0x0000014bd039fa90 WorkerThread "GC Thread#5"                     [id=2840, stack(0x000000354fc00000,0x000000354fd00000) (1024K)]
  0x0000014bd039fe40 WorkerThread "GC Thread#6"                     [id=26332, stack(0x000000354fd00000,0x000000354fe00000) (1024K)]
  0x0000014bd03a10b0 WorkerThread "GC Thread#7"                     [id=24316, stack(0x000000354fe00000,0x000000354ff00000) (1024K)]
  0x0000014bd03a1460 WorkerThread "GC Thread#8"                     [id=8944, stack(0x000000354ff00000,0x0000003550000000) (1024K)]
  0x0000014bd03a05a0 WorkerThread "GC Thread#9"                     [id=28620, stack(0x0000003550000000,0x0000003550100000) (1024K)]
  0x0000014bd03a0d00 WorkerThread "GC Thread#10"                    [id=8216, stack(0x0000003550100000,0x0000003550200000) (1024K)]
  0x0000014bd04cc130 WorkerThread "GC Thread#11"                    [id=7880, stack(0x0000003550200000,0x0000003550300000) (1024K)]
  0x0000014bd04cab10 WorkerThread "GC Thread#12"                    [id=25984, stack(0x000000354e800000,0x000000354e900000) (1024K)]
  0x0000014bd04ca000 WorkerThread "GC Thread#13"                    [id=28544, stack(0x0000003552900000,0x0000003552a00000) (1024K)]
  0x0000014bd04caec0 WorkerThread "GC Thread#14"                    [id=2904, stack(0x0000003552a00000,0x0000003552b00000) (1024K)]
  0x0000014be0eddf70 ConcurrentGCThread "G1 Main Marker"            [id=29160, stack(0x000000354d700000,0x000000354d800000) (1024K)]
  0x0000014be32a0480 WorkerThread "G1 Conc#0"                       [id=27780, stack(0x000000354d800000,0x000000354d900000) (1024K)]
  0x0000014bd04ca760 WorkerThread "G1 Conc#1"                       [id=24980, stack(0x000000354e900000,0x000000354ea00000) (1024K)]
  0x0000014bd04cbd80 WorkerThread "G1 Conc#2"                       [id=26752, stack(0x000000354ea00000,0x000000354eb00000) (1024K)]
  0x0000014bd04c98a0 WorkerThread "G1 Conc#3"                       [id=11000, stack(0x000000354eb00000,0x000000354ec00000) (1024K)]
  0x0000014bfd82c340 ConcurrentGCThread "G1 Refine#0"               [id=5864, stack(0x000000354d900000,0x000000354da00000) (1024K)]
  0x0000014bfd82cdd0 ConcurrentGCThread "G1 Service"                [id=7720, stack(0x000000354da00000,0x000000354db00000) (1024K)]
Total: 24

Threads with active compile tasks:
Total: 0

VM state: not at safepoint (normal execution)

VM Mutex/Monitor currently owned by a thread: None

Heap address: 0x0000000603800000, size: 8136 MB, Compressed Oops mode: Zero based, Oop shift amount: 3

CDS archive(s) mapped at: [0x0000014b89000000-0x0000014b89d40000-0x0000014b89d40000), size 13893632, SharedBaseAddress: 0x0000014b89000000, ArchiveRelocationMode: 1.
Compressed class space mapped at: 0x0000014b8a000000-0x0000014bca000000, reserved size: 1073741824
UseCompressedClassPointers 1, UseCompactObjectHeaders 0
Narrow klass pointer bits 32, Max shift 3
Narrow klass base: 0x0000014b89000000, Narrow klass shift: 0
Encoding Range: [0x0000014b89000000 - 0x0000014c89000000), (4294967296 bytes)
Klass Range:    [0x0000014b89000000 - 0x0000014bca000000), (1090519040 bytes)
Klass ID Range:  [8 - 1090519033) (1090519025)

GC Precious Log:
 CardTable entry size: 512
 Card Set container configuration: InlinePtr #cards 4 size 8 Array Of Cards #cards 32 size 80 Howl #buckets 8 coarsen threshold 7372 Howl Bitmap #cards 1024 size 144 coarsen threshold 921 Card regions per heap region 1 cards per card region 8192
 CPUs: 20 total, 20 available
 Memory: 32535M
 Large Page Support: Disabled
 NUMA Support: Disabled
 Compressed Oops: Enabled (Zero based)
 Heap Region Size: 4M
 Heap Min Capacity: 8M
 Heap Initial Capacity: 512M
 Heap Max Capacity: 8136M
 Pre-touch: Disabled
 Parallel Workers: 15
 Concurrent Workers: 4
 Concurrent Refinement Workers: 15
 Periodic GC: Disabled

Heap:
 garbage-first heap   total reserved 8331264K, committed 86016K, used 32958K [0x0000000603800000, 0x0000000800000000)
  region size 4096K, 10 young (40960K), 4 survivors (16384K)
 Metaspace       used 23793K, committed 24192K, reserved 1114112K
  class space    used 2583K, committed 2752K, reserved 1048576K

Heap Regions: E=young(eden), S=young(survivor), O=old, HS=humongous(starts), HC=humongous(continues), CS=collection set, F=free, TAMS=top-at-mark-start, PB=parsable bottom
|   0|0x0000000603800000, 0x0000000603800000, 0x0000000603c00000|  0%| F|  |TAMS 0x0000000603800000| PB 0x0000000603800000| Untracked |  0
|   1|0x0000000603c00000, 0x0000000603c00000, 0x0000000604000000|  0%| F|  |TAMS 0x0000000603c00000| PB 0x0000000603c00000| Untracked |  0
|   2|0x0000000604000000, 0x0000000604000000, 0x0000000604400000|  0%| F|  |TAMS 0x0000000604000000| PB 0x0000000604000000| Untracked |  0
|   3|0x0000000604400000, 0x0000000604400000, 0x0000000604800000|  0%| F|  |TAMS 0x0000000604400000| PB 0x0000000604400000| Untracked |  0
|   4|0x0000000604800000, 0x0000000604800000, 0x0000000604c00000|  0%| F|  |TAMS 0x0000000604800000| PB 0x0000000604800000| Untracked |  0
|   5|0x0000000604c00000, 0x0000000604c00000, 0x0000000605000000|  0%| F|  |TAMS 0x0000000604c00000| PB 0x0000000604c00000| Untracked |  0
|   6|0x0000000605000000, 0x0000000605000000, 0x0000000605400000|  0%| F|  |TAMS 0x0000000605000000| PB 0x0000000605000000| Untracked |  0
|   7|0x0000000605400000, 0x0000000605400000, 0x0000000605800000|  0%| F|  |TAMS 0x0000000605400000| PB 0x0000000605400000| Untracked |  0
|   8|0x0000000605800000, 0x0000000605800000, 0x0000000605c00000|  0%| F|  |TAMS 0x0000000605800000| PB 0x0000000605800000| Untracked |  0
|   9|0x0000000605c00000, 0x0000000605c00000, 0x0000000606000000|  0%| F|  |TAMS 0x0000000605c00000| PB 0x0000000605c00000| Untracked |  0
|  10|0x0000000606000000, 0x0000000606400000, 0x0000000606400000|100%| S|CS|TAMS 0x0000000606000000| PB 0x0000000606000000| Complete |  0
|  11|0x0000000606400000, 0x0000000606800000, 0x0000000606800000|100%| S|CS|TAMS 0x0000000606400000| PB 0x0000000606400000| Complete |  1
|  12|0x0000000606800000, 0x0000000606c00000, 0x0000000606c00000|100%| S|CS|TAMS 0x0000000606800000| PB 0x0000000606800000| Complete |  0
|  13|0x0000000606c00000, 0x0000000606f12790, 0x0000000607000000| 76%| S|CS|TAMS 0x0000000606c00000| PB 0x0000000606c00000| Complete |  0
| 107|0x000000061e400000, 0x000000061e4e1010, 0x000000061e800000| 21%| E|  |TAMS 0x000000061e400000| PB 0x000000061e400000| Complete |  0
| 108|0x000000061e800000, 0x000000061ebc62b8, 0x000000061ec00000| 94%| E|  |TAMS 0x000000061e800000| PB 0x000000061e800000| Complete |  0
| 109|0x000000061ec00000, 0x000000061f000000, 0x000000061f000000|100%| E|CS|TAMS 0x000000061ec00000| PB 0x000000061ec00000| Complete |  0
| 110|0x000000061f000000, 0x000000061f400000, 0x000000061f400000|100%| E|CS|TAMS 0x000000061f000000| PB 0x000000061f000000| Complete |  0
| 126|0x0000000623000000, 0x0000000623400000, 0x0000000623400000|100%| E|CS|TAMS 0x0000000623000000| PB 0x0000000623000000| Complete |  0
| 127|0x0000000623400000, 0x0000000623800000, 0x0000000623800000|100%| E|CS|TAMS 0x0000000623400000| PB 0x0000000623400000| Complete |  0
|2033|0x00000007ffc00000, 0x00000007ffd1d1c0, 0x0000000800000000| 27%| O|Cm|TAMS 0x00000007ffc00000| PB 0x00000007ffc00000| Complete |  0

Card table byte_map: [0x0000014bfc640000,0x0000014bfd630000] _byte_map_base: 0x0000014bf9624000

Marking Bits: (CMBitMap*) 0x0000014bfd77ffb0
 Bits: [0x0000014b80000000, 0x0000014b87f20000)

Polling page: 0x0000014be0fd0000

Metaspace:

Usage:
  Non-class:     20.71 MB used.
      Class:      2.52 MB used.
       Both:     23.24 MB used.

Virtual space:
  Non-class space:       64.00 MB reserved,      20.94 MB ( 33%) committed,  1 nodes.
      Class space:        1.00 GB reserved,       2.69 MB ( <1%) committed,  1 nodes.
             Both:        1.06 GB reserved,      23.62 MB (  2%) committed. 

Chunk freelists:
   Non-Class:  10.17 MB
       Class:  13.30 MB
        Both:  23.47 MB

MaxMetaspaceSize: unlimited
CompressedClassSpaceSize: 1.00 GB
Initial GC threshold: 21.00 MB
Current GC threshold: 35.25 MB
CDS: on
 - commit_granule_bytes: 65536.
 - commit_granule_words: 8192.
 - virtual_space_node_default_size: 8388608.
 - enlarge_chunks_in_place: 1.
UseCompressedClassPointers 1, UseCompactObjectHeaders 0
Narrow klass pointer bits 32, Max shift 3
Narrow klass base: 0x0000014b89000000, Narrow klass shift: 0
Encoding Range: [0x0000014b89000000 - 0x0000014c89000000), (4294967296 bytes)
Klass Range:    [0x0000014b89000000 - 0x0000014bca000000), (1090519040 bytes)
Klass ID Range:  [8 - 1090519033) (1090519025)


Internal statistics:

num_allocs_failed_limit: 3.
num_arena_births: 340.
num_arena_deaths: 0.
num_vsnodes_births: 2.
num_vsnodes_deaths: 0.
num_space_committed: 378.
num_space_uncommitted: 0.
num_chunks_returned_to_freelist: 3.
num_chunks_taken_from_freelist: 921.
num_chunk_merges: 3.
num_chunk_splits: 657.
num_chunks_enlarged: 511.
num_inconsistent_stats: 0.

CodeHeap 'non-profiled nmethods': size=119232Kb used=1388Kb max_used=1388Kb free=117843Kb
 bounds [0x0000014bf3630000, 0x0000014bf38a0000, 0x0000014bfaaa0000]
CodeHeap 'profiled nmethods': size=119104Kb used=6267Kb max_used=6267Kb free=112837Kb
 bounds [0x0000014bebaa0000, 0x0000014bec0c0000, 0x0000014bf2ef0000]
CodeHeap 'non-nmethods': size=7424Kb used=1707Kb max_used=3346Kb free=5716Kb
 bounds [0x0000014bf2ef0000, 0x0000014bf3240000, 0x0000014bf3630000]
CodeCache: size=245760Kb, used=9362Kb, max_used=11001Kb, free=236396Kb
 total_blobs=4471, nmethods=3594, adapters=782, full_count=0
Compilation: enabled, stopped_count=0, restarted_count=0

Compilation events (20 events):
Event: 5.828 Thread 0x0000014bfd924eb0 3582       3       java.io.ObjectInputStream$BlockDataInputStream::peekByte (20 bytes)
Event: 5.828 Thread 0x0000014bfd924eb0 nmethod 3582 0x0000014bec0bb308 code [0x0000014bec0bb440, 0x0000014bec0bb690]
Event: 5.828 Thread 0x0000014bfd924eb0 3583       3       java.io.ObjectInputStream$BlockDataInputStream::peek (55 bytes)
Event: 5.828 Thread 0x0000014bfd924eb0 nmethod 3583 0x0000014bec0bb708 code [0x0000014bec0bb860, 0x0000014bec0bbb20]
Event: 5.829 Thread 0x0000014bfd924eb0 3584       3       java.nio.MappedByteBuffer::limit (8 bytes)
Event: 5.829 Thread 0x0000014bfd924eb0 nmethod 3584 0x0000014bec0bbb88 code [0x0000014bec0bbca0, 0x0000014bec0bbe48]
Event: 5.829 Thread 0x0000014bfd924eb0 3585       3       java.io.ObjectOutputStream::writeByte (9 bytes)
Event: 5.829 Thread 0x0000014bfd924eb0 nmethod 3585 0x0000014bec0bbe88 code [0x0000014bec0bbfa0, 0x0000014bec0bc160]
Event: 5.829 Thread 0x0000014bfd924eb0 3586       3       java.io.ClassCache::get (56 bytes)
Event: 5.829 Thread 0x0000014bfd924eb0 nmethod 3586 0x0000014bec0bc188 code [0x0000014bec0bc380, 0x0000014bec0bcf90]
Event: 5.829 Thread 0x0000014bfd924eb0 3587       3       java.io.ObjectOutputStream::writeClassDesc (60 bytes)
Event: 5.830 Thread 0x0000014bfd924eb0 nmethod 3587 0x0000014bec0bd008 code [0x0000014bec0bd1e0, 0x0000014bec0bdb18]
Event: 6.024 Thread 0x0000014bfd924eb0 3589       3       java.io.ObjectInputStream$HandleTable::lookupException (29 bytes)
Event: 6.025 Thread 0x0000014bfd924eb0 nmethod 3589 0x0000014bec0bdb88 code [0x0000014bec0bdcc0, 0x0000014bec0bdf98]
Event: 6.122 Thread 0x0000014bfd924eb0 3592  s    3       com.sun.glass.ui.Timer::pause (18 bytes)
Event: 6.123 Thread 0x0000014bfd924eb0 nmethod 3592 0x0000014bec0be008 code [0x0000014bec0be120, 0x0000014bec0be410]
Event: 6.123 Thread 0x0000014bfd924eb0 3593       3       com.sun.glass.ui.win.WinTimer::_pause (1 bytes)
Event: 6.123 Thread 0x0000014bfd924eb0 nmethod 3593 0x0000014bec0be488 code [0x0000014bec0be5a0, 0x0000014bec0be6a8]
Event: 6.129 Thread 0x0000014bfd924eb0 3594       1       jdk.internal.loader.NativeLibraries$CountedLock::getCounter (5 bytes)
Event: 6.129 Thread 0x0000014bfd924eb0 nmethod 3594 0x0000014bf378b088 code [0x0000014bf378b180, 0x0000014bf378b248]

GC Heap History (6 events):
Event: 0.488 GC heap before
{Heap before GC invocations=0 (full 0):
 garbage-first heap   total reserved 8331264K, committed 528384K, used 46196K [0x0000000603800000, 0x0000000800000000)
  region size 4096K, 12 young (49152K), 0 survivors (0K)
 Metaspace       used 8286K, committed 8512K, reserved 1114112K
  class space    used 736K, committed 832K, reserved 1048576K
}
Event: 0.491 GC heap after
{Heap after GC invocations=1 (full 0):
 garbage-first heap   total reserved 8331264K, committed 528384K, used 8806K [0x0000000603800000, 0x0000000800000000)
  region size 4096K, 2 young (8192K), 2 survivors (8192K)
 Metaspace       used 8286K, committed 8512K, reserved 1114112K
  class space    used 736K, committed 832K, reserved 1048576K
}
Event: 2.859 GC heap before
{Heap before GC invocations=1 (full 0):
 garbage-first heap   total reserved 8331264K, committed 528384K, used 62054K [0x0000000603800000, 0x0000000800000000)
  region size 4096K, 17 young (69632K), 2 survivors (8192K)
 Metaspace       used 21191K, committed 21504K, reserved 1114112K
  class space    used 2275K, committed 2432K, reserved 1048576K
}
Event: 2.868 GC heap after
{Heap after GC invocations=2 (full 0):
 garbage-first heap   total reserved 8331264K, committed 528384K, used 14366K [0x0000000603800000, 0x0000000800000000)
  region size 4096K, 4 young (16384K), 4 survivors (16384K)
 Metaspace       used 21191K, committed 21504K, reserved 1114112K
  class space    used 2275K, committed 2432K, reserved 1048576K
}
Event: 3.153 GC heap before
{Heap before GC invocations=3 (full 0):
 garbage-first heap   total reserved 8331264K, committed 69632K, used 59422K [0x0000000603800000, 0x0000000800000000)
  region size 4096K, 16 young (65536K), 4 survivors (16384K)
 Metaspace       used 23440K, committed 23744K, reserved 1114112K
  class space    used 2560K, committed 2688K, reserved 1048576K
}
Event: 3.156 GC heap after
{Heap after GC invocations=4 (full 0):
 garbage-first heap   total reserved 8331264K, committed 86016K, used 16574K [0x0000000603800000, 0x0000000800000000)
  region size 4096K, 4 young (16384K), 4 survivors (16384K)
 Metaspace       used 23440K, committed 23744K, reserved 1114112K
  class space    used 2560K, committed 2688K, reserved 1048576K
}

Dll operation events (20 events):
Event: 2.961 Loaded shared library C:\Users\Gandeevan\.javacpp\cache\javacpp-1.5.8-windows-x86_64.jar\org\bytedeco\javacpp\windows-x86_64\msvcp140.dll
Event: 2.962 Loaded shared library C:\Users\Gandeevan\.javacpp\cache\javacpp-1.5.8-windows-x86_64.jar\org\bytedeco\javacpp\windows-x86_64\msvcp140_1.dll
Event: 2.964 Loaded shared library C:\Users\Gandeevan\.javacpp\cache\javacpp-1.5.8-windows-x86_64.jar\org\bytedeco\javacpp\windows-x86_64\concrt140.dll
Event: 2.965 Loaded shared library C:\Users\Gandeevan\.javacpp\cache\javacpp-1.5.8-windows-x86_64.jar\org\bytedeco\javacpp\windows-x86_64\vcomp140.dll
Event: 2.967 Loaded shared library C:\Users\Gandeevan\.javacpp\cache\javacpp-1.5.8-windows-x86_64.jar\org\bytedeco\javacpp\windows-x86_64\jnijavacpp.dll
Event: 2.987 Loaded shared library C:\Users\Gandeevan\.javacpp\cache\ffmpeg-5.1.2-1.5.8-windows-x86_64.jar\org\bytedeco\ffmpeg\windows-x86_64\avutil-57.dll
Event: 2.992 Loaded shared library C:\Users\Gandeevan\.javacpp\cache\ffmpeg-5.1.2-1.5.8-windows-x86_64.jar\org\bytedeco\ffmpeg\windows-x86_64\jniavutil.dll
Event: 3.033 Loaded shared library C:\Users\Gandeevan\.javacpp\cache\ffmpeg-5.1.2-1.5.8-windows-x86_64.jar\org\bytedeco\ffmpeg\windows-x86_64\swresample-4.dll
Event: 3.038 Loaded shared library C:\Users\Gandeevan\.javacpp\cache\ffmpeg-5.1.2-1.5.8-windows-x86_64.jar\org\bytedeco\ffmpeg\windows-x86_64\jniswresample.dll
Event: 3.053 Loaded shared library C:\Users\Gandeevan\.javacpp\cache\ffmpeg-5.1.2-1.5.8-windows-x86_64.jar\org\bytedeco\ffmpeg\windows-x86_64\avcodec-59.dll
Event: 3.059 Loaded shared library C:\Users\Gandeevan\.javacpp\cache\ffmpeg-5.1.2-1.5.8-windows-x86_64.jar\org\bytedeco\ffmpeg\windows-x86_64\jniavcodec.dll
Event: 3.074 Loaded shared library C:\Users\Gandeevan\.javacpp\cache\ffmpeg-5.1.2-1.5.8-windows-x86_64.jar\org\bytedeco\ffmpeg\windows-x86_64\avformat-59.dll
Event: 3.079 Loaded shared library C:\Users\Gandeevan\.javacpp\cache\ffmpeg-5.1.2-1.5.8-windows-x86_64.jar\org\bytedeco\ffmpeg\windows-x86_64\jniavformat.dll
Event: 3.090 Loaded shared library C:\Users\Gandeevan\.javacpp\cache\ffmpeg-5.1.2-1.5.8-windows-x86_64.jar\org\bytedeco\ffmpeg\windows-x86_64\swscale-6.dll
Event: 3.096 Loaded shared library C:\Users\Gandeevan\.javacpp\cache\ffmpeg-5.1.2-1.5.8-windows-x86_64.jar\org\bytedeco\ffmpeg\windows-x86_64\jniswscale.dll
Event: 3.118 Loaded shared library C:\Users\Gandeevan\.javacpp\cache\ffmpeg-5.1.2-1.5.8-windows-x86_64.jar\org\bytedeco\ffmpeg\windows-x86_64\avfilter-8.dll
Event: 3.122 Loaded shared library C:\Users\Gandeevan\.javacpp\cache\ffmpeg-5.1.2-1.5.8-windows-x86_64.jar\org\bytedeco\ffmpeg\windows-x86_64\jniavfilter.dll
Event: 3.132 Loaded shared library C:\Users\Gandeevan\.javacpp\cache\ffmpeg-5.1.2-1.5.8-windows-x86_64.jar\org\bytedeco\ffmpeg\windows-x86_64\avdevice-59.dll
Event: 3.136 Loaded shared library C:\Users\Gandeevan\.javacpp\cache\ffmpeg-5.1.2-1.5.8-windows-x86_64.jar\org\bytedeco\ffmpeg\windows-x86_64\jniavdevice.dll
Event: 6.125 Loaded shared library C:\Program Files\Java\jdk-24\bin\awt.dll

Deoptimization events (20 events):
Event: 2.884 Thread 0x0000014bd6336900 DEOPT PACKING pc=0x0000014bf36da0e4 sp=0x000000354e7fd830
Event: 2.884 Thread 0x0000014bd6336900 DEOPT UNPACKING pc=0x0000014bf3092582 sp=0x000000354e7fd798 mode 2
Event: 2.888 Thread 0x0000014bd6336900 DEOPT PACKING pc=0x0000014bebba4b06 sp=0x000000354e7fd810
Event: 2.888 Thread 0x0000014bd6336900 DEOPT UNPACKING pc=0x0000014bf2f45722 sp=0x000000354e7fcd10 mode 0
Event: 2.929 Thread 0x0000014bd6336900 DEOPT PACKING pc=0x0000014bebee0b70 sp=0x000000354e7fd620
Event: 2.929 Thread 0x0000014bd6336900 DEOPT UNPACKING pc=0x0000014bf2f45722 sp=0x000000354e7fcb28 mode 0
Event: 2.977 Thread 0x0000014bd6336900 Uncommon trap: trap_request=0xffffff4d fr.pc=0x0000014bf366955c relative=0x000000000000005c
Event: 2.977 Thread 0x0000014bd6336900 Uncommon trap: reason=unstable_if action=reinterpret pc=0x0000014bf366955c method=java.io.WinNTFileSystem.isSlash(C)Z @ 9 c2
Event: 2.977 Thread 0x0000014bd6336900 DEOPT PACKING pc=0x0000014bf366955c sp=0x000000354e7fd640
Event: 2.977 Thread 0x0000014bd6336900 DEOPT UNPACKING pc=0x0000014bf3092582 sp=0x000000354e7fd5b8 mode 2
Event: 3.024 Thread 0x0000014bd6336900 DEOPT PACKING pc=0x0000014bebfaa5e5 sp=0x000000354e7fe040
Event: 3.024 Thread 0x0000014bd6336900 DEOPT UNPACKING pc=0x0000014bf2f45722 sp=0x000000354e7fd528 mode 0
Event: 3.052 Thread 0x0000014bd6336900 Uncommon trap: trap_request=0xffffff4d fr.pc=0x0000014bf3750104 relative=0x0000000000000bc4
Event: 3.052 Thread 0x0000014bd6336900 Uncommon trap: reason=unstable_if action=reinterpret pc=0x0000014bf3750104 method=jdk.internal.jimage.ImageStringsReader.stringFromByteBufferMatches(Ljava/nio/ByteBuffer;ILjava/lang/String;I)I @ 48 c2
Event: 3.052 Thread 0x0000014bd6336900 DEOPT PACKING pc=0x0000014bf3750104 sp=0x000000354e7fd690
Event: 3.052 Thread 0x0000014bd6336900 DEOPT UNPACKING pc=0x0000014bf3092582 sp=0x000000354e7fd3c8 mode 2
Event: 3.162 Thread 0x0000014bd6336900 Uncommon trap: trap_request=0xffffffe4 fr.pc=0x0000014bf3769c30 relative=0x0000000000000670
Event: 3.162 Thread 0x0000014bd6336900 Uncommon trap: reason=range_check action=make_not_entrant pc=0x0000014bf3769c30 method=java.util.zip.ZipUtils.get16([BI)I @ 18 c2
Event: 3.162 Thread 0x0000014bd6336900 DEOPT PACKING pc=0x0000014bf3769c30 sp=0x000000354e7fde90
Event: 3.162 Thread 0x0000014bd6336900 DEOPT UNPACKING pc=0x0000014bf3092582 sp=0x000000354e7fdd80 mode 2

Classes loaded (20 events):
Event: 6.128 Loading class sun/java2d/StateTrackable done
Event: 6.128 Loading class sun/java2d/StateTrackableDelegate done
Event: 6.128 Loading class sun/java2d/StateTrackableDelegate$2
Event: 6.128 Loading class sun/java2d/StateTrackableDelegate$2 done
Event: 6.128 Loading class java/awt/image/PixelInterleavedSampleModel
Event: 6.128 Loading class java/awt/image/PixelInterleavedSampleModel done
Event: 6.128 Loading class sun/awt/image/ByteInterleavedRaster
Event: 6.128 Loading class sun/awt/image/ByteComponentRaster
Event: 6.128 Loading class sun/awt/image/ByteComponentRaster done
Event: 6.128 Loading class sun/awt/image/ByteInterleavedRaster done
Event: 6.128 Loading class sun/awt/image/NativeLibLoader
Event: 6.128 Loading class sun/awt/image/NativeLibLoader done
Event: 6.129 Loading class java/awt/Rectangle
Event: 6.129 Loading class java/awt/Shape
Event: 6.129 Loading class java/awt/Shape done
Event: 6.129 Loading class java/awt/geom/Rectangle2D
Event: 6.129 Loading class java/awt/geom/RectangularShape
Event: 6.129 Loading class java/awt/geom/RectangularShape done
Event: 6.129 Loading class java/awt/geom/Rectangle2D done
Event: 6.129 Loading class java/awt/Rectangle done

Classes unloaded (0 events):
No events

Classes redefined (0 events):
No events

Internal exceptions (20 events):
Event: 3.133 Thread 0x0000014bd6336900 Exception <a 'sun/nio/fs/WindowsException'{0x0000000603a5e580}> (0x0000000603a5e580) 
thrown [s\open\src\hotspot\share\prims\jni.cpp, line 518]
Event: 3.133 Thread 0x0000014bd6336900 Exception <a 'sun/nio/fs/WindowsException'{0x0000000603a5ff38}> (0x0000000603a5ff38) 
thrown [s\open\src\hotspot\share\prims\jni.cpp, line 518]
Event: 3.133 Thread 0x0000014bd6336900 Exception <a 'sun/nio/fs/WindowsException'{0x0000000603a617c0}> (0x0000000603a617c0) 
thrown [s\open\src\hotspot\share\prims\jni.cpp, line 518]
Event: 3.133 Thread 0x0000014bd6336900 Exception <a 'sun/nio/fs/WindowsException'{0x0000000603a68580}> (0x0000000603a68580) 
thrown [s\open\src\hotspot\share\prims\jni.cpp, line 518]
Event: 3.133 Thread 0x0000014bd6336900 Exception <a 'sun/nio/fs/WindowsException'{0x0000000603a6a098}> (0x0000000603a6a098) 
thrown [s\open\src\hotspot\share\prims\jni.cpp, line 518]
Event: 3.133 Thread 0x0000014bd6336900 Exception <a 'sun/nio/fs/WindowsException'{0x0000000603a6bad8}> (0x0000000603a6bad8) 
thrown [s\open\src\hotspot\share\prims\jni.cpp, line 518]
Event: 3.133 Thread 0x0000014bd6336900 Exception <a 'sun/nio/fs/WindowsException'{0x0000000603a6d4a0}> (0x0000000603a6d4a0) 
thrown [s\open\src\hotspot\share\prims\jni.cpp, line 518]
Event: 3.133 Thread 0x0000014bd6336900 Exception <a 'sun/nio/fs/WindowsException'{0x0000000603a6ed48}> (0x0000000603a6ed48) 
thrown [s\open\src\hotspot\share\prims\jni.cpp, line 518]
Event: 3.133 Thread 0x0000014bd6336900 Exception <a 'sun/nio/fs/WindowsException'{0x0000000603a75ae8}> (0x0000000603a75ae8) 
thrown [s\open\src\hotspot\share\prims\jni.cpp, line 518]
Event: 3.133 Thread 0x0000014bd6336900 Exception <a 'sun/nio/fs/WindowsException'{0x0000000603a775d0}> (0x0000000603a775d0) 
thrown [s\open\src\hotspot\share\prims\jni.cpp, line 518]
Event: 3.133 Thread 0x0000014bd6336900 Exception <a 'sun/nio/fs/WindowsException'{0x0000000603a78fd8}> (0x0000000603a78fd8) 
thrown [s\open\src\hotspot\share\prims\jni.cpp, line 518]
Event: 3.133 Thread 0x0000014bd6336900 Exception <a 'sun/nio/fs/WindowsException'{0x0000000603a7a970}> (0x0000000603a7a970) 
thrown [s\open\src\hotspot\share\prims\jni.cpp, line 518]
Event: 3.134 Thread 0x0000014bd6336900 Exception <a 'sun/nio/fs/WindowsException'{0x0000000603a7c1f8}> (0x0000000603a7c1f8) 
thrown [s\open\src\hotspot\share\prims\jni.cpp, line 518]
Event: 3.134 Thread 0x0000014bd6336900 Exception <a 'sun/nio/fs/WindowsException'{0x0000000603a88a78}> (0x0000000603a88a78) 
thrown [s\open\src\hotspot\share\prims\jni.cpp, line 518]
Event: 3.134 Thread 0x0000014bd6336900 Exception <a 'sun/nio/fs/WindowsException'{0x0000000603a8a590}> (0x0000000603a8a590) 
thrown [s\open\src\hotspot\share\prims\jni.cpp, line 518]
Event: 3.134 Thread 0x0000014bd6336900 Exception <a 'sun/nio/fs/WindowsException'{0x0000000603a8bfd8}> (0x0000000603a8bfd8) 
thrown [s\open\src\hotspot\share\prims\jni.cpp, line 518]
Event: 3.134 Thread 0x0000014bd6336900 Exception <a 'sun/nio/fs/WindowsException'{0x0000000603a8d9a0}> (0x0000000603a8d9a0) 
thrown [s\open\src\hotspot\share\prims\jni.cpp, line 518]
Event: 3.134 Thread 0x0000014bd6336900 Exception <a 'sun/nio/fs/WindowsException'{0x0000000603a8f268}> (0x0000000603a8f268) 
thrown [s\open\src\hotspot\share\prims\jni.cpp, line 518]
Event: 3.134 Thread 0x0000014bd6336900 Exception <a 'sun/nio/fs/WindowsException'{0x0000000603a9b0b0}> (0x0000000603a9b0b0) 
thrown [s\open\src\hotspot\share\prims\jni.cpp, line 518]
Event: 3.135 Thread 0x0000014bd6336900 Exception <a 'sun/nio/fs/WindowsException'{0x0000000603a9cbb8}> (0x0000000603a9cbb8) 
thrown [s\open\src\hotspot\share\prims\jni.cpp, line 518]

VM Operations (20 events):
Event: 0.591 Executing VM operation: HandshakeAllThreads (Deoptimize)
Event: 0.591 Executing VM operation: HandshakeAllThreads (Deoptimize) done
Event: 0.602 Executing VM operation: HandshakeAllThreads (Deoptimize)
Event: 0.602 Executing VM operation: HandshakeAllThreads (Deoptimize) done
Event: 0.654 Executing VM operation: HandshakeAllThreads (Deoptimize)
Event: 0.654 Executing VM operation: HandshakeAllThreads (Deoptimize) done
Event: 0.788 Executing VM operation: HandshakeAllThreads (Deoptimize)
Event: 0.788 Executing VM operation: HandshakeAllThreads (Deoptimize) done
Event: 0.808 Executing VM operation: HandshakeAllThreads (Deoptimize)
Event: 0.808 Executing VM operation: HandshakeAllThreads (Deoptimize) done
Event: 0.932 Executing VM operation: HandshakeAllThreads (Deoptimize)
Event: 0.932 Executing VM operation: HandshakeAllThreads (Deoptimize) done
Event: 2.859 Executing VM operation: CollectForMetadataAllocation (Metadata GC Threshold)
Event: 2.868 Executing VM operation: CollectForMetadataAllocation (Metadata GC Threshold) done
Event: 2.870 Executing VM operation: G1PauseRemark
Event: 2.874 Executing VM operation: G1PauseRemark done
Event: 2.874 Executing VM operation: G1PauseCleanup
Event: 2.874 Executing VM operation: G1PauseCleanup done
Event: 3.153 Executing VM operation: G1CollectForAllocation (G1 Evacuation Pause)
Event: 3.156 Executing VM operation: G1CollectForAllocation (G1 Evacuation Pause) done

Memory protections (0 events):
No events

Nmethod flushes (0 events):
No events

Events (20 events):
Event: 1.723 Thread 0x0000014b88c2e260 Thread exited: 0x0000014b88c2e260
Event: 1.723 Thread 0x0000014bfd93da10 Thread exited: 0x0000014bfd93da10
Event: 1.724 Thread 0x0000014b88b7cce0 Thread exited: 0x0000014b88b7cce0
Event: 1.724 Thread 0x0000014b88b71e60 Thread exited: 0x0000014b88b71e60
Event: 1.724 Thread 0x0000014b88b6e140 Thread exited: 0x0000014b88b6e140
Event: 2.849 Thread 0x0000014bd6334bc0 Thread added: 0x0000014bd63394e0
Event: 2.852 Thread 0x0000014bd02ef020 Thread added: 0x0000014bd6336900
Event: 2.881 Thread 0x0000014bcfd27180 Thread added: 0x0000014bd6337050
Event: 2.881 Thread 0x0000014bfd924eb0 Thread added: 0x0000014bd008a590
Event: 2.882 Thread 0x0000014bfd90fe00 Thread added: 0x0000014bd008ad20
Event: 2.893 Thread 0x0000014bd008ad20 Thread added: 0x0000014bd5f41010
Event: 2.893 Thread 0x0000014bd008ad20 Thread added: 0x0000014bd5f458c0
Event: 2.899 Thread 0x0000014bfd924eb0 Thread added: 0x0000014bd667b9c0
Event: 2.970 Thread 0x0000014bd6336900 Thread added: 0x0000014bd6fc4a00
Event: 3.529 Thread 0x0000014bd667b9c0 Thread exited: 0x0000014bd667b9c0
Event: 3.529 Thread 0x0000014bd5f458c0 Thread exited: 0x0000014bd5f458c0
Event: 3.533 Thread 0x0000014bd5f41010 Thread exited: 0x0000014bd5f41010
Event: 4.587 Thread 0x0000014bd008a590 Thread exited: 0x0000014bd008a590
Event: 4.587 Thread 0x0000014bd008ad20 Thread exited: 0x0000014bd008ad20
Event: 4.852 Thread 0x0000014bd6332e80 Thread added: 0x0000014bd6fc3b60


Dynamic libraries:
0x00007ff7ad950000 - 0x00007ff7ad960000 	C:\Program Files\Java\jdk-24\bin\java.exe
0x00007ff8bd7a0000 - 0x00007ff8bda05000 	C:\WINDOWS\SYSTEM32\ntdll.dll
0x00007ff8bcc60000 - 0x00007ff8bcd29000 	C:\WINDOWS\System32\KERNEL32.DLL
0x00007ff8ba8f0000 - 0x00007ff8bacd8000 	C:\WINDOWS\System32\KERNELBASE.dll
0x00007ff8bb240000 - 0x00007ff8bb38b000 	C:\WINDOWS\System32\ucrtbase.dll
0x00007ff8b60d0000 - 0x00007ff8b60e6000 	C:\Program Files\Java\jdk-24\bin\jli.dll
0x00007ff8b60f0000 - 0x00007ff8b610b000 	C:\Program Files\Java\jdk-24\bin\VCRUNTIME140.dll
0x00007ff8bce30000 - 0x00007ff8bcffa000 	C:\WINDOWS\System32\USER32.dll
0x00007ff8bb510000 - 0x00007ff8bb537000 	C:\WINDOWS\System32\win32u.dll
0x00007ff8a7130000 - 0x00007ff8a73ca000 	C:\WINDOWS\WinSxS\amd64_microsoft.windows.common-controls_6595b64144ccf1df_6.0.26100.4202_none_3e0698d4e335f517\COMCTL32.dll
0x00007ff8bc6c0000 - 0x00007ff8bc6eb000 	C:\WINDOWS\System32\GDI32.dll
0x00007ff8bcb30000 - 0x00007ff8bcbd9000 	C:\WINDOWS\System32\msvcrt.dll
0x00007ff8bace0000 - 0x00007ff8bae17000 	C:\WINDOWS\System32\gdi32full.dll
0x00007ff8bafa0000 - 0x00007ff8bb043000 	C:\WINDOWS\System32\msvcp_win.dll
0x00007ff8bd380000 - 0x00007ff8bd3b0000 	C:\WINDOWS\System32\IMM32.DLL
0x00007ff8b51d0000 - 0x00007ff8b51dc000 	C:\Program Files\Java\jdk-24\bin\vcruntime140_1.dll
0x00007ff885810000 - 0x00007ff88589e000 	C:\Program Files\Java\jdk-24\bin\msvcp140.dll
0x00007ff83e560000 - 0x00007ff83f302000 	C:\Program Files\Java\jdk-24\bin\server\jvm.dll
0x00007ff8bd000000 - 0x00007ff8bd0b3000 	C:\WINDOWS\System32\ADVAPI32.dll
0x00007ff8bca80000 - 0x00007ff8bcb26000 	C:\WINDOWS\System32\sechost.dll
0x00007ff8bc960000 - 0x00007ff8bca75000 	C:\WINDOWS\System32\RPCRT4.dll
0x00007ff8bc770000 - 0x00007ff8bc7e4000 	C:\WINDOWS\System32\WS2_32.dll
0x00007ff8b94d0000 - 0x00007ff8b952e000 	C:\WINDOWS\SYSTEM32\POWRPROF.dll
0x00007ff8ae550000 - 0x00007ff8ae55b000 	C:\WINDOWS\SYSTEM32\VERSION.dll
0x00007ff8aff10000 - 0x00007ff8aff45000 	C:\WINDOWS\SYSTEM32\WINMM.dll
0x00007ff8b94b0000 - 0x00007ff8b94c4000 	C:\WINDOWS\SYSTEM32\UMPDC.dll
0x00007ff8b9790000 - 0x00007ff8b97ab000 	C:\WINDOWS\SYSTEM32\kernel.appcore.dll
0x00007ff8935b0000 - 0x00007ff8935ba000 	C:\Program Files\Java\jdk-24\bin\jimage.dll
0x00007ff8ac3a0000 - 0x00007ff8ac5e1000 	C:\WINDOWS\SYSTEM32\DBGHELP.DLL
0x00007ff8bb740000 - 0x00007ff8bbac5000 	C:\WINDOWS\System32\combase.dll
0x00007ff8bd670000 - 0x00007ff8bd751000 	C:\WINDOWS\System32\OLEAUT32.dll
0x00007ff8a5410000 - 0x00007ff8a5449000 	C:\WINDOWS\SYSTEM32\dbgcore.DLL
0x00007ff8bb0e0000 - 0x00007ff8bb179000 	C:\WINDOWS\System32\bcryptPrimitives.dll
0x00007ff8b5fd0000 - 0x00007ff8b5fdf000 	C:\Program Files\Java\jdk-24\bin\instrument.dll
0x00007ff888330000 - 0x00007ff88834e000 	C:\Program Files\Java\jdk-24\bin\java.dll
0x00007ff8bb540000 - 0x00007ff8bb6de000 	C:\WINDOWS\System32\ole32.dll
0x00007ff8bbf70000 - 0x00007ff8bc6b2000 	C:\WINDOWS\System32\SHELL32.dll
0x00007ff8bae20000 - 0x00007ff8baf94000 	C:\WINDOWS\System32\wintypes.dll
0x00007ff8b8550000 - 0x00007ff8b8da8000 	C:\WINDOWS\SYSTEM32\windows.storage.dll
0x00007ff8bd490000 - 0x00007ff8bd581000 	C:\WINDOWS\System32\SHCORE.dll
0x00007ff8bcbe0000 - 0x00007ff8bcc4a000 	C:\WINDOWS\System32\shlwapi.dll
0x00007ff8ba800000 - 0x00007ff8ba82f000 	C:\WINDOWS\SYSTEM32\profapi.dll
0x00007ff87fdc0000 - 0x00007ff87fe97000 	C:\Program Files\Java\jdk-24\bin\jsvml.dll
0x00007ff8935a0000 - 0x00007ff8935b0000 	C:\Program Files\Java\jdk-24\bin\net.dll
0x00007ff8b9ce0000 - 0x00007ff8b9d4a000 	C:\WINDOWS\system32\mswsock.dll
0x00007ff881f60000 - 0x00007ff881f76000 	C:\Program Files\Java\jdk-24\bin\nio.dll
0x00007ff881f40000 - 0x00007ff881f57000 	C:\Program Files\Java\jdk-24\bin\zip.dll
0x00007ff8b9150000 - 0x00007ff8b9277000 	C:\WINDOWS\SYSTEM32\DNSAPI.dll
0x00007ff8b9110000 - 0x00007ff8b9143000 	C:\WINDOWS\SYSTEM32\IPHLPAPI.DLL
0x00007ff8bbf60000 - 0x00007ff8bbf6a000 	C:\WINDOWS\System32\NSI.dll
0x00007ff8af9d0000 - 0x00007ff8af9db000 	C:\Windows\System32\rasadhlp.dll
0x00007ff8b36f0000 - 0x00007ff8b3776000 	C:\WINDOWS\System32\fwpuclnt.dll
0x00007ff8b5f90000 - 0x00007ff8b5f9a000 	C:\Program Files\Java\jdk-24\bin\management.dll
0x00007ff8b5f80000 - 0x00007ff8b5f8b000 	C:\Program Files\Java\jdk-24\bin\management_ext.dll
0x00007ff8bd350000 - 0x00007ff8bd358000 	C:\WINDOWS\System32\PSAPI.DLL
0x0000014b88cd0000 - 0x0000014b88cd3000 	C:\Users\Gandeevan\.openjfx\cache\17.0.6\api-ms-win-core-console-l1-1-0.dll
0x0000014b88ce0000 - 0x0000014b88ce3000 	C:\Users\Gandeevan\.openjfx\cache\17.0.6\api-ms-win-core-console-l1-2-0.dll
0x0000014b88e00000 - 0x0000014b88e03000 	C:\Users\Gandeevan\.openjfx\cache\17.0.6\api-ms-win-core-datetime-l1-1-0.dll
0x0000014b88e10000 - 0x0000014b88e13000 	C:\Users\Gandeevan\.openjfx\cache\17.0.6\api-ms-win-core-debug-l1-1-0.dll
0x0000014b88e20000 - 0x0000014b88e23000 	C:\Users\Gandeevan\.openjfx\cache\17.0.6\api-ms-win-core-errorhandling-l1-1-0.dll
0x0000014b88e30000 - 0x0000014b88e34000 	C:\Users\Gandeevan\.openjfx\cache\17.0.6\api-ms-win-core-file-l1-1-0.dll
0x0000014b88e40000 - 0x0000014b88e43000 	C:\Users\Gandeevan\.openjfx\cache\17.0.6\api-ms-win-core-file-l1-2-0.dll
0x0000014b88e50000 - 0x0000014b88e53000 	C:\Users\Gandeevan\.openjfx\cache\17.0.6\api-ms-win-core-file-l2-1-0.dll
0x0000014b88e60000 - 0x0000014b88e63000 	C:\Users\Gandeevan\.openjfx\cache\17.0.6\api-ms-win-core-handle-l1-1-0.dll
0x0000014b88e70000 - 0x0000014b88e73000 	C:\Users\Gandeevan\.openjfx\cache\17.0.6\api-ms-win-core-heap-l1-1-0.dll
0x0000014b88e80000 - 0x0000014b88e83000 	C:\Users\Gandeevan\.openjfx\cache\17.0.6\api-ms-win-core-interlocked-l1-1-0.dll
0x0000014b88e90000 - 0x0000014b88e93000 	C:\Users\Gandeevan\.openjfx\cache\17.0.6\api-ms-win-core-libraryloader-l1-1-0.dll
0x0000014b88ea0000 - 0x0000014b88ea3000 	C:\Users\Gandeevan\.openjfx\cache\17.0.6\api-ms-win-core-localization-l1-2-0.dll
0x0000014b88eb0000 - 0x0000014b88eb3000 	C:\Users\Gandeevan\.openjfx\cache\17.0.6\api-ms-win-core-memory-l1-1-0.dll
0x0000014b88ec0000 - 0x0000014b88ec3000 	C:\Users\Gandeevan\.openjfx\cache\17.0.6\api-ms-win-core-namedpipe-l1-1-0.dll
0x0000014b88ed0000 - 0x0000014b88ed3000 	C:\Users\Gandeevan\.openjfx\cache\17.0.6\api-ms-win-core-processenvironment-l1-1-0.dll
0x0000014b88ee0000 - 0x0000014b88ee3000 	C:\Users\Gandeevan\.openjfx\cache\17.0.6\api-ms-win-core-processthreads-l1-1-0.dll
0x0000014b88ef0000 - 0x0000014b88ef3000 	C:\Users\Gandeevan\.openjfx\cache\17.0.6\api-ms-win-core-processthreads-l1-1-1.dll
0x0000014b88f00000 - 0x0000014b88f03000 	C:\Users\Gandeevan\.openjfx\cache\17.0.6\api-ms-win-core-profile-l1-1-0.dll
0x0000014b88f10000 - 0x0000014b88f13000 	C:\Users\Gandeevan\.openjfx\cache\17.0.6\api-ms-win-core-rtlsupport-l1-1-0.dll
0x0000014b88f20000 - 0x0000014b88f23000 	C:\Users\Gandeevan\.openjfx\cache\17.0.6\api-ms-win-core-string-l1-1-0.dll
0x0000014b88f30000 - 0x0000014b88f33000 	C:\Users\Gandeevan\.openjfx\cache\17.0.6\api-ms-win-core-synch-l1-1-0.dll
0x0000014b88f40000 - 0x0000014b88f43000 	C:\Users\Gandeevan\.openjfx\cache\17.0.6\api-ms-win-core-synch-l1-2-0.dll
0x0000014b88f50000 - 0x0000014b88f53000 	C:\Users\Gandeevan\.openjfx\cache\17.0.6\api-ms-win-core-sysinfo-l1-1-0.dll
0x0000014b88f60000 - 0x0000014b88f63000 	C:\Users\Gandeevan\.openjfx\cache\17.0.6\api-ms-win-core-timezone-l1-1-0.dll
0x0000014b88f70000 - 0x0000014b88f73000 	C:\Users\Gandeevan\.openjfx\cache\17.0.6\api-ms-win-core-util-l1-1-0.dll
0x0000014b88f80000 - 0x0000014b88f83000 	C:\Users\Gandeevan\.openjfx\cache\17.0.6\api-ms-win-crt-conio-l1-1-0.dll
0x0000014b88f90000 - 0x0000014b88f94000 	C:\Users\Gandeevan\.openjfx\cache\17.0.6\api-ms-win-crt-convert-l1-1-0.dll
0x0000014b88fa0000 - 0x0000014b88fa3000 	C:\Users\Gandeevan\.openjfx\cache\17.0.6\api-ms-win-crt-environment-l1-1-0.dll
0x0000014b88fb0000 - 0x0000014b88fb3000 	C:\Users\Gandeevan\.openjfx\cache\17.0.6\api-ms-win-crt-filesystem-l1-1-0.dll
0x0000014b88fc0000 - 0x0000014b88fc3000 	C:\Users\Gandeevan\.openjfx\cache\17.0.6\api-ms-win-crt-heap-l1-1-0.dll
0x0000014b88fd0000 - 0x0000014b88fd3000 	C:\Users\Gandeevan\.openjfx\cache\17.0.6\api-ms-win-crt-locale-l1-1-0.dll
0x0000014b88fe0000 - 0x0000014b88fe5000 	C:\Users\Gandeevan\.openjfx\cache\17.0.6\api-ms-win-crt-math-l1-1-0.dll
0x0000014b88ff0000 - 0x0000014b88ff5000 	C:\Users\Gandeevan\.openjfx\cache\17.0.6\api-ms-win-crt-multibyte-l1-1-0.dll
0x0000014bd0ae0000 - 0x0000014bd0af0000 	C:\Users\Gandeevan\.openjfx\cache\17.0.6\api-ms-win-crt-private-l1-1-0.dll
0x0000014bd0af0000 - 0x0000014bd0af3000 	C:\Users\Gandeevan\.openjfx\cache\17.0.6\api-ms-win-crt-process-l1-1-0.dll
0x0000014bd0b00000 - 0x0000014bd0b04000 	C:\Users\Gandeevan\.openjfx\cache\17.0.6\api-ms-win-crt-runtime-l1-1-0.dll
0x0000014bd0b10000 - 0x0000014bd0b14000 	C:\Users\Gandeevan\.openjfx\cache\17.0.6\api-ms-win-crt-stdio-l1-1-0.dll
0x0000014bd0b20000 - 0x0000014bd0b24000 	C:\Users\Gandeevan\.openjfx\cache\17.0.6\api-ms-win-crt-string-l1-1-0.dll
0x0000014bd0b30000 - 0x0000014bd0b33000 	C:\Users\Gandeevan\.openjfx\cache\17.0.6\api-ms-win-crt-time-l1-1-0.dll
0x0000014bd0b40000 - 0x0000014bd0b43000 	C:\Users\Gandeevan\.openjfx\cache\17.0.6\api-ms-win-crt-utility-l1-1-0.dll
0x00007ff89c7a0000 - 0x00007ff89c89c000 	C:\Users\Gandeevan\.openjfx\cache\17.0.6\ucrtbase.dll
0x00007ff8ae7c0000 - 0x00007ff8ae7da000 	C:\Users\Gandeevan\.openjfx\cache\17.0.6\vcruntime140.dll
0x00007ff8b51b0000 - 0x00007ff8b51bc000 	C:\Users\Gandeevan\.openjfx\cache\17.0.6\vcruntime140_1.dll
0x00007ff8ba0c0000 - 0x00007ff8ba0db000 	C:\WINDOWS\SYSTEM32\CRYPTSP.dll
0x00007ff8b96f0000 - 0x00007ff8b972a000 	C:\WINDOWS\system32\rsaenh.dll
0x00007ff8b9d80000 - 0x00007ff8b9dab000 	C:\WINDOWS\SYSTEM32\USERENV.dll
0x00007ff8ba7d0000 - 0x00007ff8ba7f6000 	C:\WINDOWS\SYSTEM32\bcrypt.dll
0x00007ff8b9f20000 - 0x00007ff8b9f2c000 	C:\WINDOWS\SYSTEM32\CRYPTBASE.dll
0x00007ff89c710000 - 0x00007ff89c79d000 	C:\Users\Gandeevan\.openjfx\cache\17.0.6\msvcp140.dll
0x00007ff8b4a60000 - 0x00007ff8b4a69000 	C:\Users\Gandeevan\.openjfx\cache\17.0.6\msvcp140_1.dll
0x00007ff8a6260000 - 0x00007ff8a628f000 	C:\Users\Gandeevan\.openjfx\cache\17.0.6\msvcp140_2.dll
0x00007ff89e010000 - 0x00007ff89e028000 	C:\WINDOWS\system32\napinsp.dll
0x00007ff89dff0000 - 0x00007ff89e002000 	C:\WINDOWS\System32\winrnr.dll
0x00007ff89d520000 - 0x00007ff89d550000 	C:\WINDOWS\system32\nlansp_c.dll
0x00007ff89d4f0000 - 0x00007ff89d510000 	C:\WINDOWS\system32\wshbth.dll
0x00007ff8a6230000 - 0x00007ff8a625a000 	C:\Users\Gandeevan\.openjfx\cache\17.0.6\prism_d3d.dll
0x00007ff847a60000 - 0x00007ff847c17000 	C:\WINDOWS\system32\d3d9.dll
0x00007ff8b7e90000 - 0x00007ff8b7ec6000 	C:\WINDOWS\SYSTEM32\dwmapi.dll
0x00007ff8b7ce0000 - 0x00007ff8b7d2d000 	C:\WINDOWS\SYSTEM32\dxcore.dll
0x00007ff8b7b00000 - 0x00007ff8b7baf000 	C:\WINDOWS\system32\uxtheme.dll
0x00007ff890320000 - 0x00007ff8905b0000 	C:\Windows\System32\DriverStore\FileRepository\iigd_dch.inf_amd64_b57fc4f35ff4051b\igdumdim64.dll
0x00007ff814a90000 - 0x00007ff815fe1000 	C:\Windows\System32\DriverStore\FileRepository\iigd_dch.inf_amd64_b57fc4f35ff4051b\igd9trinity64.dll
0x00007ff8b7d30000 - 0x00007ff8b7e65000 	C:\WINDOWS\system32\dxgi.dll
0x00007ff8b7c70000 - 0x00007ff8b7cd1000 	C:\WINDOWS\SYSTEM32\directxdatabasehelper.dll
0x00007ff8ba5a0000 - 0x00007ff8ba5f7000 	C:\WINDOWS\SYSTEM32\cfgmgr32.dll
0x00007ff8aed10000 - 0x00007ff8af151000 	C:\Windows\System32\DriverStore\FileRepository\iigd_dch.inf_amd64_b57fc4f35ff4051b\igdgmm64.dll
0x00007ff8ae560000 - 0x00007ff8ae585000 	C:\Windows\System32\DriverStore\FileRepository\iigd_dch.inf_amd64_b57fc4f35ff4051b\igc64.dll
0x00007ff813540000 - 0x00007ff814a85000 	C:\Windows\System32\DriverStore\FileRepository\iigd_dch.inf_amd64_b57fc4f35ff4051b\igd9dxva64.dll
0x00007ff8bbad0000 - 0x00007ff8bbf56000 	C:\WINDOWS\System32\SETUPAPI.dll
0x00007ff893e70000 - 0x00007ff895b9d000 	C:\Windows\System32\DriverStore\FileRepository\iigd_dch.inf_amd64_b57fc4f35ff4051b\media_bin_64.dll
0x00007ff8a5a10000 - 0x00007ff8a5a5e000 	C:\WINDOWS\SYSTEM32\pdh.dll
0x00007ff89c6c0000 - 0x00007ff89c702000 	C:\Users\Gandeevan\.openjfx\cache\17.0.6\glass.dll

JVMTI agents:
C:\Program Files\JetBrains\IntelliJ IDEA 2025.1.2\lib\idea_rt.jar path:C:\Program Files\Java\jdk-24\bin\instrument.dll, loaded, initialized, instrumentlib options:52235

dbghelp: loaded successfully - version: 4.0.5 - missing functions: none
symbol engine: initialized successfully - sym options: 0x614 - pdb path: .;C:\Program Files\Java\jdk-24\bin;C:\WINDOWS\SYSTEM32;C:\WINDOWS\WinSxS\amd64_microsoft.windows.common-controls_6595b64144ccf1df_6.0.26100.4202_none_3e0698d4e335f517;C:\Program Files\Java\jdk-24\bin\server;C:\Users\Gandeevan\.openjfx\cache\17.0.6;C:\Windows\System32\DriverStore\FileRepository\iigd_dch.inf_amd64_b57fc4f35ff4051b;C:\Program Files\Common Files\Microsoft Shared\Ink;C:\Users\Gandeevan\.javacpp\cache\javacpp-1.5.8-windows-x86_64.jar\org\bytedeco\javacpp\windows-x86_64;C:\Users\Gandeevan\.javacpp\cache\ffmpeg-5.1.2-1.5.8-windows-x86_64.jar\org\bytedeco\ffmpeg\windows-x86_64

VM Arguments:
jvm_args: -javaagent:C:\Program Files\JetBrains\IntelliJ IDEA 2025.1.2\lib\idea_rt.jar=52235 -Dfile.encoding=UTF-8 -Dsun.stdout.encoding=UTF-8 -Dsun.stderr.encoding=UTF-8 --module-path=C:\Users\Gandeevan\.m2\repository\org\openjfx\javafx-fxml\17.0.6\javafx-fxml-17.0.6-win.jar;C:\Users\Gandeevan\.m2\repository\org\bytedeco\libfreenect2\0.2.0-1.5.8\libfreenect2-0.2.0-1.5.8.jar;C:\Users\Gandeevan\.m2\repository\javax\websocket\javax.websocket-client-api\1.1\javax.websocket-client-api-1.1.jar;C:\Users\Gandeevan\.m2\repository\org\bytedeco\libfreenect\0.5.7-1.5.8\libfreenect-0.5.7-1.5.8.jar;C:\Users\Gandeevan\.m2\repository\org\bytedeco\flandmark\1.07-1.5.8\flandmark-1.07-1.5.8.jar;C:\Users\Gandeevan\.m2\repository\org\bytedeco\opencv\4.6.0-1.5.8\opencv-4.6.0-1.5.8.jar;C:\Users\Gandeevan\.m2\repository\org\openjfx\javafx-graphics\17.0.6\javafx-graphics-17.0.6-win.jar;C:\Users\Gandeevan\.m2\repository\org\openjfx\javafx-controls\17.0.6\javafx-controls-17.0.6-win.jar;C:\Users\Gandeevan\.m2\repository\org\bytedeco\javacv\1.5.8\javacv-1.5.8.jar;C:\Users\Gandeevan\.m2\repository\org\bytedeco\librealsense\1.12.4-1.5.8\librealsense-1.12.4-1.5.8.jar;C:\Users\Gandeevan\.m2\repository\org\bytedeco\javacpp\1.5.8\javacpp-1.5.8.jar;C:\Users\Gandeevan\.m2\repository\org\openjfx\javafx-base\17.0.6\javafx-base-17.0.6-win.jar;C:\Users\Gandeevan\.m2\repository\org\bytedeco\openblas\0.3.21-1.5.8\openblas-0.3.21-1.5.8.jar;C:\Users\Gandeevan\.m2\repository\org\bytedeco\videoinput\0.200-1.5.8\videoinput-0.200-1.5.8.jar;C:\Users\Gandeevan\.m2\repository\org\bytedeco\librealsense2\2.50.0-1.5.8\librealsense2-2.50.0-1.5.8.jar;C:\Users\Gandeevan\.m2\repository\org\bytedeco\libdc1394\2.2.6-1.5.8\libdc1394-2.2.6-1.5.8.jar;C:\Users\Gandeevan\.m2\repository\org\bytedeco\tesseract\5.2.0-1.5.8\tesseract-5.2.0-1.5.8.jar;C:\Users\Gandeevan\.m2\repository\org\bytedeco\flycapture\2.13.3.31-1.5.8\flycapture-2.13.3.31-1.5.8.jar;C:\Users\Gandeevan\.m2\repository\org\bytedeco\leptonica\1.82.0-1.5.8\leptonica-1.82.0-1.5.8.jar;C:\Users\Gandeevan\.m2\repository\org\bytedeco\ffmpeg\5.1.2-1.5.8\ffmpeg-5.1.2-1.5.8.jar;C:\Users\Gandeevan\Desktop\Camera_stream_plugin_javaFX\target\clas-Djdk.module.main=com.example.camera_demo 
java_command: com.example.camera_demo/com.example.camera_demo.CameraApplication
java_class_path (initial): C:\Users\Gandeevan\.m2\repository\org\openjfx\javafx-controls\17.0.6\javafx-controls-17.0.6.jar;C:\Users\Gandeevan\.m2\repository\org\openjfx\javafx-graphics\17.0.6\javafx-graphics-17.0.6.jar;C:\Users\Gandeevan\.m2\repository\org\openjfx\javafx-base\17.0.6\javafx-base-17.0.6.jar;C:\Users\Gandeevan\.m2\repository\org\openjfx\javafx-fxml\17.0.6\javafx-fxml-17.0.6.jar;C:\Users\Gandeevan\.m2\repository\org\glassfish\tyrus\tyrus-client\1.17\tyrus-client-1.17.jar;C:\Users\Gandeevan\.m2\repository\org\glassfish\tyrus\tyrus-core\1.17\tyrus-core-1.17.jar;C:\Users\Gandeevan\.m2\repository\org\glassfish\tyrus\tyrus-spi\1.17\tyrus-spi-1.17.jar;C:\Users\Gandeevan\.m2\repository\javax\websocket\javax.websocket-api\1.1\javax.websocket-api-1.1.jar;C:\Users\Gandeevan\.m2\repository\jakarta\xml\bind\jakarta.xml.bind-api\2.3.2\jakarta.xml.bind-api-2.3.2.jar;C:\Users\Gandeevan\.m2\repository\jakarta\activation\jakarta.activation-api\1.2.1\jakarta.activation-api-1.2.1.jar;C:\Users\Gandeevan\.m2\repository\org\glassfish\tyrus\tyrus-container-grizzly-client\1.17\tyrus-container-grizzly-client-1.17.jar;C:\Users\Gandeevan\.m2\repository\org\glassfish\grizzly\grizzly-framework\2.3.22\grizzly-framework-2.3.22.jar;C:\Users\Gandeevan\.m2\repository\org\glassfish\grizzly\grizzly-http-server\2.3.22\grizzly-http-server-2.3.22.jar;C:\Users\Gandeevan\.m2\repository\org\glassfish\grizzly\grizzly-http\2.3.22\grizzly-http-2.3.22.jar;C:\Users\Gandeevan\.m2\repository\org\bytedeco\javacv-platform\1.5.8\javacv-platform-1.5.8.jar;C:\Users\Gandeevan\.m2\repository\org\bytedeco\openblas-platform\0.3.21-1.5.8\openblas-platform-0.3.21-1.5.8.jar;C:\Users\Gandeevan\.m2\repository\org\bytedeco\javacpp-platform\1.5.8\javacpp-platform-1.5.8.jar;C:\Users\Gandeevan\.m2\repository\org\bytedeco\javacpp\1.5.8\javacpp-1.5.8-android-arm.jar;C:\Users\Gandeevan\.m2\repository\org\bytedeco\javacpp\1.5.8\javacpp-1.5.8-android-arm64.jar;C:\Users\Gandeevan\.m2\repository\org\bytedeco\javacpp\1.5.8\javacpp-1.5.8-android-x86.jar;C:\Users\Gandeevan\.m2\repository\org\bytedeco\javacpp\1.5.8\javacpp-1.5.8-android-x86_64.jar;C:\Users\Gandeevan\.m2\repository\org\bytedeco\javacpp\1.5.8\javacpp-1.5.8-ios-arm64.jar;C:\Users\Gandeevan\.m2\repository\org\bytedeco\javacpp\1.5.8\javacpp-1.5.8-ios-x86_64.jar;C:\Users\Gandeevan\.m2\repository\org\bytedeco\javacpp\1.5.8\javacpp-1.5.8-linux-armhf.jar;C:\Users\Gandeevan\.m2\repository\org\bytedeco\javacpp\1.5.8\javacpp-1.5.8-linux-arm64.jar;C:\Users\Gandeevan\.m2\repository\org\bytedeco\javacpp\1.5.8\javacpp-1.5.8-linux-ppc64le.jar;C:\Users\Gandeevan\.m2\repository\org\bytedeco\javacpp\1.5.8\javacpp-1.5.8-linux-x86.jar;C:\Users\Gandeevan\.m2\repository\org\bytedeco\javacpp\1.5.8\javacpp-1.5.8-linux-x86_64.jar;C:\Users\Gandeevan\.m2\repository\org\bytedeco\javacpp\1.5.8\javacpp-1.5.8-macosx-arm64.jar;C:\Users\Gandeevan\.m2\repository\org\bytedeco\javacpp\1.5.8\javacpp-1.5.8-macosx-x86_64.jar;C:\Users\Gandeevan\.m2\repository\org\bytedeco\javacpp\1.5.8\javacpp-1.5.8-windows-x86.jar;C:\Users\Gandeevan\.m2\repository\org\bytedeco\javacpp\1.5.8\javacpp-1.5.8-windows-x86_64.jar;C:\Users\Gandeevan\.m2\repository\org\bytedeco\openblas\0.3.21-1.5.8\openblas-0.3.21-1.5.8-android-arm.jar;C:\Users\Gandeevan\.m2\repository\org\bytedeco\openblas\0.3.21-1.5.8\openblas-0.3.21-1.5.8-android-arm64.jar;C:\Users\Gandeevan\.m2\repository\org\bytedeco\openblas\0.3.21-1.5.8\openblas-0.3.21-1.5.8-android-x86.jar;C:\Users\Gandeevan\.m2\repository\org\bytedeco\openblas\0.3.21-1.5.8\openblas-0.3.21-1.5.8-android-x86_64.jar;C:\Users\Gandeevan\.m2\repository\org\bytedeco\openblas\0.3.21-1.5.8\openblas-0.3.21-1.5.8-ios-arm64.jar;C:\Users\Gandeevan\.m2\repository\org\bytedeco\openblas\0.3.21-1.5.8\openblas-0.3.21-1.5.8-ios-x86_64.jar;C:\Users\Gandeevan\.m2\repository\org\bytedeco\openblas\0.3.21-1.5.8\openblas-0.3.21-1.5.8-linux-x86.jar;C:\Users\Gandeevan\.m2\repository\org\bytedeco\openblas\0.3.21-1.5.8\openblas-0.3.21-1.5.8-linux-x86_64.jar;C:\Users\Gandeevan\.m2\repository\org\bytedeco\openblas\0.3.21-1.5.8\openblas-0.3.21-1.5.8-linux-armhf.jar;C:\Users\Gandeevan\.m2\repository\org\bytedeco\openblas\0.3.21-1.5.8\openblas-0.3.21-1.5.8-linux-arm64.jar;C:\Users\Gandeevan\.m2\repository\org\bytedeco\openblas\0.3.21-1.5.8\openblas-0.3.21-1.5.8-linux-ppc64le.jar;C:\Users\Gandeevan\.m2\repository\org\bytedeco\openblas\0.3.21-1.5.8\openblas-0.3.21-1.5.8-macosx-arm64.jar;C:\Users\Gandeevan\.m2\repository\org\bytedeco\openblas\0.3.21-1.5.8\openblas-0.3.21-1.5.8-macosx-x86_64.jar;C:\Users\Gandeevan\.m2\repository\org\bytedeco\openblas\0.3.21-1.5.8\openblas-0.3.21-1.5.8-windows-x86.jar;C:\Users\Gandeevan\.m2\repository\org\bytedeco\openblas\0.3.21-1.5.8\openblas-0.3.21-1.5.8-windows-x86_64.jar;C:\Users\Gandeevan\.m2\repository\org\bytedeco\opencv-platform\4.6.0-1.5.8\opencv-platform-4.6.0-1.5.8.jar;C:\Users\Gandeevan\.m2\repository\org\bytedeco\opencv\4.6.0-1.5.8\opencv-4.6.0-1.5.8-android-arm.jar;C:\Users\Gandeevan\.m2\repository\org\bytedeco\opencv\4.6.0-1.5.8\opencv-4.6.0-1.5.8-android-arm64.jar;C:\Users\Gandeevan\.m2\repository\org\bytedeco\opencv\4.6.0-1.5.8\opencv-4.6.0-1.5.8-android-x86.jar;C:\Users\Gandeevan\.m2\repository\org\bytedeco\opencv\4.6.0-1.5.8\opencv-4.6.0-1.5.8-android-x86_64.jar;C:\Users\Gandeevan\.m2\repository\org\bytedeco\opencv\4.6.0-1.5.8\opencv-4.6.0-1.5.8-ios-arm64.jar;C:\Users\Gandeevan\.m2\repository\org\bytedeco\opencv\4.6.0-1.5.8\opencv-4.6.0-1.5.8-ios-x86_64.jar;C:\Users\Gandeevan\.m2\repository\org\bytedeco\opencv\4.6.0-1.5.8\opencv-4.6.0-1.5.8-linux-x86.jar;C:\Users\Gandeevan\.m2\repository\org\bytedeco\opencv\4.6.0-1.5.8\opencv-4.6.0-1.5.8-linux-x86_64.jar;C:\Users\Gandeevan\.m2\repository\org\bytedeco\opencv\4.6.0-1.5.8\opencv-4.6.0-1.5.8-linux-armhf.jar;C:\Users\Gandeevan\.m2\repository\org\bytedeco\opencv\4.6.0-1.5.8\opencv-4.6.0-1.5.8-linux-arm64.jar;C:\Users\Gandeevan\.m2\repository\org\bytedeco\opencv\4.6.0-1.5.8\opencv-4.6.0-1.5.8-linux-ppc64le.jar;C:\Users\Gandeevan\.m2\repository\org\bytedeco\opencv\4.6.0-1.5.8\opencv-4.6.0-1.5.8-macosx-arm64.jar;C:\Users\Gandeevan\.m2\repository\org\bytedeco\opencv\4.6.0-1.5.8\opencv-4.6.0-1.5.8-macosx-x86_64.jar;C:\Users\Gandeevan\.m2\repository\org\bytedeco\opencv\4.6.0-1.5.8\opencv-4.6.0-1.5.8-windows-x86.jar;C:\Users\Gandeevan\.m2\repository\org\bytedeco\opencv\4.6.0-1.5.8\opencv-4.6.0-1.5.8-windows-x86_64.jar;C:\Users\Gandeevan\.m2\repository\org\bytedeco\ffmpeg-platform\5.1.2-1.5.8\ffmpeg-platform-5.1.2-1.5.8.jar;C:\Users\Gandeevan\.m2\repository\org\bytedeco\ffmpeg\5.1.2-1.5.8\ffmpeg-5.1.2-1.5.8-android-arm.jar;C:\Users\Gandeevan\.m2\repository\org\bytedeco\ffmpeg\5.1.2-1.5.8\ffmpeg-5.1.2-1.5.8-android-arm64.jar;C:\Users\Gandeevan\.m2\repository\org\bytedeco\ffmpeg\5.1.2-1.5.8\ffmpeg-5.1.2-1.5.8-android-x86.jar;C:\Users\Gandeevan\.m2\repository\org\bytedeco\ffmpeg\5.1.2-1.5.8\ffmpeg-5.1.2-1.5.8-android-x86_64.jar;C:\Users\Gandeevan\.m2\repository\org\bytedeco\ffmpeg\5.1.2-1.5.8\ffmpeg-5.1.2-1.5.8-linux-x86.jar;C:\Users\Gandeevan\.m2\repository\org\bytedeco\ffmpeg\5.1.2-1.5.8\ffmpeg-5.1.2-1.5.8-linux-x86_64.jar;C:\Users\Gandeevan\.m2\repository\org\bytedeco\ffmpeg\5.1.2-1.5.8\ffmpeg-5.1.2-1.5.8-linux-armhf.jar;C:\Users\Gandeevan\.m2\repository\org\bytedeco\ffmpeg\5.1.2-1.5.8\ffmpeg-5.1.2-1.5.8-linux-arm64.jar;C:\Users\Gandeevan\.m2\repository\org\bytedeco\ffmpeg\5.1.2-1.5.8\ffmpeg-5.1.2-1.5.8-linux-ppc64le.jar;C:\Users\Gandeevan\.m2\repository\org\bytedeco\ffmpeg\5.1.2-1.5.8\ffmpeg-5.1.2-1.5.8-macosx-arm64.jar;C:\Users\Gandeevan\.m2\repository\org\bytedeco\ffmpeg\5.1.2-1.5.8\ffmpeg-5.1.2-1.5.8-macosx-x86_64.jar;C:\Users\Gandeevan\.m2\repository\org\bytedeco\ffmpeg\5.1.2-1.5.8\ffmpeg-5.1.2-1.5.8-windows-x86.jar;C:\Users\Gandeevan\.m2\repository\org\bytedeco\ffmpeg\5.1.2-1.5.8\ffmpeg-5.1.2-1.5.8-windows-x86_64.jar;C:\Users\Gandeevan\.m2\repository\org\bytedeco\flycapture-platform\2.13.3.31-1.5.8\flycapture-platform-2.13.3.31-1.5.8.jar;C:\Users\Gandeevan\.m2\repository\org\bytedeco\flycapture\2.13.3.31-1.5.8\flycapture-2.13.3.31-1.5.8-linux-x86.jar;C:\Users\Gandeevan\.m2\repository\org\bytedeco\flycapture\2.13.3.31-1.5.8\flycapture-2.13.3.31-1.5.8-linux-x86_64.jar;C:\Users\Gandeevan\.m2\repository\org\bytedeco\flycapture\2.13.3.31-1.5.8\flycapture-2.13.3.31-1.5.8-linux-armhf.jar;C:\Users\Gandeevan\.m2\repository\org\bytedeco\flycapture\2.13.3.31-1.5.8\flycapture-2.13.3.31-1.5.8-linux-arm64.jar;C:\Users\Gandeevan\.m2\repository\org\bytedeco\flycapture\2.13.3.31-1.5.8\flycapture-2.13.3.31-1.5.8-windows-x86.jar;C:\Users\Gandeevan\.m2\repository\org\bytedeco\flycapture\2.13.3.31-1.5.8\flycapture-2.13.3.31-1.5.8-windows-x86_64.jar;C:\Users\Gandeevan\.m2\repository\org\bytedeco\libdc1394-platform\2.2.6-1.5.8\libdc1394-platform-2.2.6-1.5.8.jar;C:\Users\Gandeevan\.m2\repository\org\bytedeco\libdc1394\2.2.6-1.5.8\libdc1394-2.2.6-1.5.8-linux-x86.jar;C:\Users\Gandeevan\.m2\repository\org\bytedeco\libdc1394\2.2.6-1.5.8\libdc1394-2.2.6-1.5.8-linux-x86_64.jar;C:\Users\Gandeevan\.m2\repository\org\bytedeco\libdc1394\2.2.6-1.5.8\libdc1394-2.2.6-1.5.8-linux-armhf.jar;C:\Users\Gandeevan\.m2\repository\org\bytedeco\libdc1394\2.2.6-1.5.8\libdc1394-2.2.6-1.5.8-linux-arm64.jar;C:\Users\Gandeevan\.m2\repository\org\bytedeco\libdc1394\2.2.6-1.5.8\libdc1394-2.2.6-1.5.8-linux-ppc64le.jar;C:\Users\Gandeevan\.m2\repository\org\bytedeco\libdc1394\2.2.6-1.5.8\libdc1394-2.2.6-1.5.8-macosx-x86_64.jar;C:\Users\Gandeevan\.m2\repository\org\bytedeco\libdc1394\2.2.6-1.5.8\libdc1394-2.2.6-1.5.8-windows-x86.jar;C:\Users\Gandeevan\.m2\repository\org\bytedeco\libdc1394\2.2.6-1.5.8\libdc1394-2.2.6-1.5.8-windows-x86_64.jar;C:\Users\Gandeevan\.m2\repository\org\bytedeco\libfreenect-platform\0.5.7-1.5.8\libfreenect-platform-0.5.7-1.5.8.jar;C:\Users\Gandeevan\.m2\repository\org\bytedeco\libfreenect\0.5.7-1.5.8\libfreenect-0.5.7-1.5.8-linux-x86.jar;C:\Users\Gandeevan\.m2\repository\org\bytedeco\libfreenect\0.5.7-1.5.8\libfreenect-0.5.7-1.5.8-linux-x86_64.jar;C:\Users\Gandeevan\.m2\repository\org\bytedeco\libfreenect\0.5.7-1.5.8\libfreenect-0.5.7-1.5.8-linux-armhf.jar;C:\Users\Gandeevan\.m2\repository\org\bytedeco\libfreenect\0.5.7-1.5.8\libfreenect-0.5.7-1.5.8-linux-arm64.jar;C:\Users\Gandeevan\.m2\repository\org\bytedeco\libfreenect\0.5.7-1.5.8\libfreenect-0.5.7-1.5.8-linux-ppc64le.jar;C:\Users\Gandeevan\.m2\repository\org\bytedeco\libfreenect\0.5.7-1.5.8\libfreenect-0.5.7-1.5.8-macosx-x86_64.jar;C:\Users\Gandeevan\.m2\repository\org\bytedeco\libfreenect\0.5.7-1.5.8\libfreenect-0.5.7-1.5.8-windows-x86.jar;C:\Users\Gandeevan\.m2\repository\org\bytedeco\libfreenect\0.5.7-1.5.8\libfreenect-0.5.7-1.5.8-windows-x86_64.jar;C:\Users\Gandeevan\.m2\repository\org\bytedeco\libfreenect2-platform\0.2.0-1.5.8\libfreenect2-platform-0.2.0-1.5.8.jar;C:\Users\Gandeevan\.m2\repository\org\bytedeco\libfreenect2\0.2.0-1.5.8\libfreenect2-0.2.0-1.5.8-linux-x86.jar;C:\Users\Gandeevan\.m2\repository\org\bytedeco\libfreenect2\0.2.0-1.5.8\libfreenect2-0.2.0-1.5.8-linux-x86_64.jar;C:\Users\Gandeevan\.m2\repository\org\bytedeco\libfreenect2\0.2.0-1.5.8\libfreenect2-0.2.0-1.5.8-macosx-x86_64.jar;C:\Users\Gandeevan\.m2\repository\org\bytedeco\libfreenect2\0.2.0-1.5.8\libfreenect2-0.2.0-1.5.8-windows-x86_64.jar;C:\Users\Gandeevan\.m2\repository\org\bytedeco\librealsense-platform\1.12.4-1.5.8\librealsense-platform-1.12.4-1.5.8.jar;C:\Users\Gandeevan\.m2\repository\org\bytedeco\librealsense\1.12.4-1.5.8\librealsense-1.12.4-1.5.8-linux-armhf.jar;C:\Users\Gandeevan\.m2\repository\org\bytedeco\librealsense\1.12.4-1.5.8\librealsense-1.12.4-1.5.8-linux-arm64.jar;C:\Users\Gandeevan\.m2\repository\org\bytedeco\librealsense\1.12.4-1.5.8\librealsense-1.12.4-1.5.8-linux-x86.jar;C:\Users\Gandeevan\.m2\repository\org\bytedeco\librealsense\1.12.4-1.5.8\librealsense-1.12.4-1.5.8-linux-x86_64.jar;C:\Users\Gandeevan\.m2\repository\org\bytedeco\librealsense\1.12.4-1.5.8\librealsense-1.12.4-1.5.8-macosx-x86_64.jar;C:\Users\Gandeevan\.m2\repository\org\bytedeco\librealsense\1.12.4-1.5.8\librealsense-1.12.4-1.5.8-windows-x86.jar;C:\Users\Gandeevan\.m2\repository\org\bytedeco\librealsense\1.12.4-1.5.8\librealsense-1.12.4-1.5.8-windows-x86_64.jar;C:\Users\Gandeevan\.m2\repository\org\bytedeco\librealsense2-platform\2.50.0-1.5.8\librealsense2-platform-2.50.0-1.5.8.jar;C:\Users\Gandeevan\.m2\repository\org\bytedeco\librealsense2\2.50.0-1.5.8\librealsense2-2.50.0-1.5.8-linux-armhf.jar;C:\Users\Gandeevan\.m2\repository\org\bytedeco\librealsense2\2.50.0-1.5.8\librealsense2-2.50.0-1.5.8-linux-arm64.jar;C:\Users\Gandeevan\.m2\repository\org\bytedeco\librealsense2\2.50.0-1.5.8\librealsense2-2.50.0-1.5.8-linux-x86.jar;C:\Users\Gandeevan\.m2\repository\org\bytedeco\librealsense2\2.50.0-1.5.8\librealsense2-2.50.0-1.5.8-linux-x86_64.jar;C:\Users\Gandeevan\.m2\repository\org\bytedeco\librealsense2\2.50.0-1.5.8\librealsense2-2.50.0-1.5.8-macosx-x86_64.jar;C:\Users\Gandeevan\.m2\repository\org\bytedeco\librealsense2\2.50.0-1.5.8\librealsense2-2.50.0-1.5.8-windows-x86.jar;C:\Users\Gandeevan\.m2\repository\org\bytedeco\librealsense2\2.50.0-1.5.8\librealsense2-2.50.0-1.5.8-windows-x86_64.jar;C:\Users\Gandeevan\.m2\repository\org\bytedeco\videoinput-platform\0.200-1.5.8\videoinput-platform-0.200-1.5.8.jar;C:\Users\Gandeevan\.m2\repository\org\bytedeco\videoinput\0.200-1.5.8\videoinput-0.200-1.5.8-windows-x86.jar;C:\Users\Gandeevan\.m2\repository\org\bytedeco\videoinput\0.200-1.5.8\videoinput-0.200-1.5.8-windows-x86_64.jar;C:\Users\Gandeevan\.m2\repository\org\bytedeco\artoolkitplus-platform\2.3.1-1.5.8\artoolkitplus-platform-2.3.1-1.5.8.jar;C:\Users\Gandeevan\.m2\repository\org\bytedeco\artoolkitplus\2.3.1-1.5.8\artoolkitplus-2.3.1-1.5.8-android-arm.jar;C:\Users\Gandeevan\.m2\repository\org\bytedeco\artoolkitplus\2.3.1-1.5.8\artoolkitplus-2.3.1-1.5.8-android-arm64.jar;C:\Users\Gandeevan\.m2\repository\org\bytedeco\artoolkitplus\2.3.1-1.5.8\artoolkitplus-2.3.1-1.5.8-android-x86.jar;C:\Users\Gandeevan\.m2\repository\org\bytedeco\artoolkitplus\2.3.1-1.5.8\artoolkitplus-2.3.1-1.5.8-android-x86_64.jar;C:\Users\Gandeevan\.m2\repository\org\bytedeco\artoolkitplus\2.3.1-1.5.8\artoolkitplus-2.3.1-1.5.8-linux-x86.jar;C:\Users\Gandeevan\.m2\repository\org\bytedeco\artoolkitplus\2.3.1-1.5.8\artoolkitplus-2.3.1-1.5.8-linux-x86_64.jar;C:\Users\Gandeevan\.m2\repository\org\bytedeco\artoolkitplus\2.3.1-1.5.8\artoolkitplus-2.3.1-1.5.8-linux-armhf.jar;C:\Users\Gandeevan\.m2\repository\org\bytedeco\artoolkitplus\2.3.1-1.5.8\artoolkitplus-2.3.1-1.5.8-linux-arm64.jar;C:\Users\Gandeevan\.m2\repository\org\bytedeco\artoolkitplus\2.3.1-1.5.8\artoolkitplus-2.3.1-1.5.8-linux-ppc64le.jar;C:\Users\Gandeevan\.m2\repository\org\bytedeco\artoolkitplus\2.3.1-1.5.8\artoolkitplus-2.3.1-1.5.8-macosx-x86_64.jar;C:\Users\Gandeevan\.m2\repository\org\bytedeco\artoolkitplus\2.3.1-1.5.8\artoolkitplus-2.3.1-1.5.8-windows-x86.jar;C:\Users\Gandeevan\.m2\repository\org\bytedeco\artoolkitplus\2.3.1-1.5.8\artoolkitplus-2.3.1-1.5.8-windows-x86_64.jar;C:\Users\Gandeevan\.m2\repository\org\bytedeco\flandmark-platform\1.07-1.5.8\flandmark-platform-1.07-1.5.8.jar;C:\Users\Gandeevan\.m2\repository\org\bytedeco\flandmark\1.07-1.5.8\flandmark-1.07-1.5.8-android-arm.jar;C:\Users\Gandeevan\.m2\repository\org\bytedeco\flandmark\1.07-1.5.8\flandmark-1.07-1.5.8-android-arm64.jar;C:\Users\Gandeevan\.m2\repository\org\bytedeco\flandmark\1.07-1.5.8\flandmark-1.07-1.5.8-android-x86.jar;C:\Users\Gandeevan\.m2\repository\org\bytedeco\flandmark\1.07-1.5.8\flandmark-1.07-1.5.8-android-x86_64.jar;C:\Users\Gandeevan\.m2\repository\org\bytedeco\flandmark\1.07-1.5.8\flandmark-1.07-1.5.8-linux-x86.jar;C:\Users\Gandeevan\.m2\repository\org\bytedeco\flandmark\1.07-1.5.8\flandmark-1.07-1.5.8-linux-x86_64.jar;C:\Users\Gandeevan\.m2\repository\org\bytedeco\flandmark\1.07-1.5.8\flandmark-1.07-1.5.8-linux-armhf.jar;C:\Users\Gandeevan\.m2\repository\org\bytedeco\flandmark\1.07-1.5.8\flandmark-1.07-1.5.8-linux-arm64.jar;C:\Users\Gandeevan\.m2\repository\org\bytedeco\flandmark\1.07-1.5.8\flandmark-1.07-1.5.8-linux-ppc64le.jar;C:\Users\Gandeevan\.m2\repository\org\bytedeco\flandmark\1.07-1.5.8\flandmark-1.07-1.5.8-macosx-x86_64.jar;C:\Users\Gandeevan\.m2\repository\org\bytedeco\flandmark\1.07-1.5.8\flandmark-1.07-1.5.8-windows-x86.jar;C:\Users\Gandeevan\.m2\repository\org\bytedeco\flandmark\1.07-1.5.8\flandmark-1.07-1.5.8-windows-x86_64.jar;C:\Users\Gandeevan\.m2\repository\org\bytedeco\leptonica-platform\1.82.0-1.5.8\leptonica-platform-1.82.0-1.5.8.jar;C:\Users\Gandeevan\.m2\repository\org\bytedeco\leptonica\1.82.0-1.5.8\leptonica-1.82.0-1.5.8-android-arm.jar;C:\Users\Gandeevan\.m2\repository\org\bytedeco\leptonica\1.82.0-1.5.8\leptonica-1.82.0-1.5.8-android-arm64.jar;C:\Users\Gandeevan\.m2\repository\org\bytedeco\leptonica\1.82.0-1.5.8\leptonica-1.82.0-1.5.8-android-x86.jar;C:\Users\Gandeevan\.m2\repository\org\bytedeco\leptonica\1.82.0-1.5.8\leptonica-1.82.0-1.5.8-android-x86_64.jar;C:\Users\Gandeevan\.m2\repository\org\bytedeco\leptonica\1.82.0-1.5.8\leptonica-1.82.0-1.5.8-linux-x86.jar;C:\Users\Gandeevan\.m2\repository\org\bytedeco\leptonica\1.82.0-1.5.8\leptonica-1.82.0-1.5.8-linux-x86_64.jar;C:\Users\Gandeevan\.m2\repository\org\bytedeco\leptonica\1.82.0-1.5.8\leptonica-1.82.0-1.5.8-linux-armhf.jar;C:\Users\Gandeevan\.m2\repository\org\bytedeco\leptonica\1.82.0-1.5.8\leptonica-1.82.0-1.5.8-linux-arm64.jar;C:\Users\Gandeevan\.m2\repository\org\bytedeco\leptonica\1.82.0-1.5.8\leptonica-1.82.0-1.5.8-linux-ppc64le.jar;C:\Users\Gandeevan\.m2\repository\org\bytedeco\leptonica\1.82.0-1.5.8\leptonica-1.82.0-1.5.8-macosx-arm64.jar;C:\Users\Gandeevan\.m2\repository\org\bytedeco\leptonica\1.82.0-1.5.8\leptonica-1.82.0-1.5.8-macosx-x86_64.jar;C:\Users\Gandeevan\.m2\repository\org\bytedeco\leptonica\1.82.0-1.5.8\leptonica-1.82.0-1.5.8-windows-x86.jar;C:\Users\Gandeevan\.m2\repository\org\bytedeco\leptonica\1.82.0-1.5.8\leptonica-1.82.0-1.5.8-windows-x86_64.jar;C:\Users\Gandeevan\.m2\repository\org\bytedeco\tesseract-platform\5.2.0-1.5.8\tesseract-platform-5.2.0-1.5.8.jar;C:\Users\Gandeevan\.m2\repository\org\bytedeco\tesseract\5.2.0-1.5.8\tesseract-5.2.0-1.5.8-android-arm.jar;C:\Users\Gandeevan\.m2\repository\org\bytedeco\tesseract\5.2.0-1.5.8\tesseract-5.2.0-1.5.8-android-arm64.jar;C:\Users\Gandeevan\.m2\repository\org\bytedeco\tesseract\5.2.0-1.5.8\tesseract-5.2.0-1.5.8-android-x86.jar;C:\Users\Gandeevan\.m2\repository\org\bytedeco\tesseract\5.2.0-1.5.8\tesseract-5.2.0-1.5.8-android-x86_64.jar;C:\Users\Gandeevan\.m2\repository\org\bytedeco\tesseract\5.2.0-1.5.8\tesseract-5.2.0-1.5.8-linux-x86.jar;C:\Users\Gandeevan\.m2\repository\org\bytedeco\tesseract\5.2.0-1.5.8\tesseract-5.2.0-1.5.8-linux-x86_64.jar;C:\Users\Gandeevan\.m2\repository\org\bytedeco\tesseract\5.2.0-1.5.8\tesseract-5.2.0-1.5.8-linux-armhf.jar;C:\Users\Gandeevan\.m2\repository\org\bytedeco\tesseract\5.2.0-1.5.8\tesseract-5.2.0-1.5.8-linux-arm64.jar;C:\Users\Gandeevan\.m2\repository\org\bytedeco\tesseract\5.2.0-1.5.8\tesseract-5.2.0-1.5.8-linux-ppc64le.jar;C:\Users\Gandeevan\.m2\repository\org\bytedeco\tesseract\5.2.0-1.5.8\tesseract-5.2.0-1.5.8-macosx-arm64.jar;C:\Users\Gandeevan\.m2\repository\org\bytedeco\tesseract\5.2.0-1.5.8\tesseract-5.2.0-1.5.8-macosx-x86_64.jar;C:\Users\Gandeevan\.m2\repository\org\bytedeco\tesseract\5.2.0-1.5.8\tesseract-5.2.0-1.5.8-windows-x86.jar;C:\Users\Gandeevan\.m2\repository\org\bytedeco\tesseract\5.2.0-1.5.8\tesseract-5.2.0-1.5.8-windows-x86_64.jar
Launcher Type: SUN_STANDARD

[Global flags]
     intx CICompilerCount                          = 12                                        {product} {ergonomic}
     uint ConcGCThreads                            = 4                                         {product} {ergonomic}
     uint G1ConcRefinementThreads                  = 15                                        {product} {ergonomic}
   size_t G1HeapRegionSize                         = 4194304                                   {product} {ergonomic}
   size_t InitialHeapSize                          = 536870912                                 {product} {ergonomic}
   size_t MarkStackSize                            = 4194304                                   {product} {ergonomic}
   size_t MarkStackSizeMax                         = 536870912                                 {product} {ergonomic}
   size_t MaxHeapSize                              = 8531214336                                {product} {ergonomic}
   size_t MaxNewSize                               = 5117050880                                {product} {ergonomic}
   size_t MinHeapDeltaBytes                        = 4194304                                   {product} {ergonomic}
   size_t MinHeapSize                              = 8388608                                   {product} {ergonomic}
    uintx NonNMethodCodeHeapSize                   = 7602176                                {pd product} {ergonomic}
    uintx NonProfiledCodeHeapSize                  = 122093568                              {pd product} {ergonomic}
    uintx ProfiledCodeHeapSize                     = 121962496                              {pd product} {ergonomic}
    uintx ReservedCodeCacheSize                    = 251658240                              {pd product} {ergonomic}
     bool SegmentedCodeCache                       = true                                      {product} {ergonomic}
   size_t SoftMaxHeapSize                          = 8531214336                             {manageable} {ergonomic}
     bool UseCompressedOops                        = true                           {product lp64_product} {ergonomic}
     bool UseG1GC                                  = true                                      {product} {ergonomic}
     bool UseLargePagesIndividualAllocation        = false                                  {pd product} {ergonomic}

Logging:
Log output configuration:
 #0: stdout all=warning uptime,level,tags foldmultilines=false
 #1: stderr all=off uptime,level,tags foldmultilines=false

Environment Variables:
JAVA_HOME=C:\Program Files\Java\jdk-24
PATH=C:\Program Files\Common Files\Oracle\Java\javapath;C:\Program Files\BellSoft\LibericaJDK-24\bin\;C:\Python313\Scripts\;C:\Python313\;C:\WINDOWS\system32;C:\WINDOWS;C:\WINDOWS\System32\Wbem;C:\WINDOWS\System32\WindowsPowerShell\v1.0\;C:\WINDOWS\System32\OpenSSH\;C:\ProgramData\chocolatey\bin;C:\Program Files\Git\cmd;C:\Program Files\Docker\Docker\resources\bin;C:\Program Files\MySQL\MySQL Server 8.0\bin;C:\Program Files\apache-maven-3.8.8\bin;C:\Program Files\Java\jdk-24\bin;%LOCALAPPDATA%\Android\Sdk\platform-tools;C:\Program Files\Amazon\AWSCLIV2\;C:\Program Files\nodejs\;C:\Users\Gandeevan\AppData\Local\Microsoft\WindowsApps;C:\Users\Gandeevan\AppData\Local\Programs\Microsoft VS Code\bin;C:\Users\Gandeevan\AppData\Roaming\npm;C:\Users\Gandeevan\AppData\Local\GitHubDesktop\bin
USERNAME=Gandeevan
OS=Windows_NT
PROCESSOR_IDENTIFIER=Intel64 Family 6 Model 151 Stepping 2, GenuineIntel
TMP=C:\Users\GANDEE~1\AppData\Local\Temp
TEMP=C:\Users\GANDEE~1\AppData\Local\Temp




Periodic native trim disabled

---------------  S Y S T E M  ---------------

OS:
 Windows 11 , 64 bit Build 26100 (10.0.26100.4202)
OS uptime: 0 days 1:37 hours
Hyper-V role detected

CPU: total 20 (initial active 20) (10 cores per cpu, 2 threads per core) family 6 model 151 stepping 2 microcode 0x35, cx8, cmov, fxsr, ht, mmx, 3dnowpref, sse, sse2, sse3, ssse3, sse4.1, sse4.2, popcnt, lzcnt, tsc, tscinvbit, avx, avx2, aes, erms, clmul, bmi1, bmi2, adx, sha, fma, vzeroupper, clflush, clflushopt, clwb, hv, serialize, rdtscp, rdpid, fsrm, gfni, f16c, cet_ibt, cet_ss
Processor Information for the first 20 processors :
  Max Mhz: 3600, Current Mhz: 3600, Mhz Limit: 3600

Memory: 4k page, system-wide physical 32535M (14944M free)
TotalPageFile size 34583M (AvailPageFile size 9934M)
current process WorkingSet (physical memory assigned to process): 323M, peak: 473M
current process commit charge ("private bytes"): 392M, peak: 801M

vm_info: Java HotSpot(TM) 64-Bit Server VM (24.0.1+9-30) for windows-amd64 JRE (24.0.1+9-30), built on 2025-03-05T07:23:45Z with MS VC++ 17.6 (VS2022)

END.
